{"contracts/BetWaveDAO.sol":{"l":{"56":44,"57":2,"58":42,"62":57,"63":1,"64":56,"68":61,"69":2,"70":59,"75":1,"81":64,"82":63,"83":63,"84":63,"88":55,"89":53,"93":52,"94":52,"95":52,"102":13,"103":13,"107":29,"108":28,"109":19,"111":9,"113":28,"114":28,"115":13,"123":3,"128":13,"129":3,"131":2,"133":2,"135":2,"137":2,"139":2,"144":4,"148":3,"149":3,"150":3,"151":3,"155":55,"158":55,"162":57,"166":0},"path":"/home/justmee/dev/cour_alyra/alyra_final_project/backEnd/contracts/BetWaveDAO.sol","s":{"1":44,"2":57,"3":61,"4":1,"5":64,"6":63,"7":55,"8":53,"9":52,"10":29,"11":28,"12":9,"13":28,"14":13,"15":15,"16":3,"17":13,"18":10,"19":8,"20":6,"21":4,"22":2,"23":4,"24":3,"25":3,"26":55,"27":55},"b":{"1":[2,42],"2":[1,56],"3":[2,59],"4":[63,1],"5":[56,1],"6":[55,1],"7":[53,2],"8":[52,1],"9":[13,1],"10":[29,1],"11":[28,1],"12":[19,9],"13":[9,0],"14":[13,15],"15":[3,12],"16":[3,10],"17":[2,8],"18":[2,6],"19":[2,4],"20":[2,2],"21":[2,0],"22":[4,1],"23":[3,1],"24":[55,0],"25":[57,0]},"f":{"1":44,"2":57,"3":61,"4":1,"5":64,"6":55,"7":13,"8":29,"9":13,"10":4,"11":55,"12":0},"fnMap":{"1":{"name":"onlyValidator","line":55,"loc":{"start":{"line":55,"column":4},"end":{"line":59,"column":4}}},"2":{"name":"doesUserExist","line":61,"loc":{"start":{"line":61,"column":4},"end":{"line":65,"column":4}}},"3":{"name":"hasBalance","line":67,"loc":{"start":{"line":67,"column":4},"end":{"line":71,"column":4}}},"4":{"name":"getDaoVoteHasVoted","line":74,"loc":{"start":{"line":74,"column":4},"end":{"line":76,"column":4}}},"5":{"name":"addUser","line":80,"loc":{"start":{"line":80,"column":4},"end":{"line":85,"column":4}}},"6":{"name":"addValidators","line":87,"loc":{"start":{"line":87,"column":4},"end":{"line":96,"column":4}}},"7":{"name":"askDAOVote","line":100,"loc":{"start":{"line":98,"column":4},"end":{"line":104,"column":4}}},"8":{"name":"setDaoVote","line":106,"loc":{"start":{"line":106,"column":4},"end":{"line":125,"column":4}}},"9":{"name":"switchVoteType","line":127,"loc":{"start":{"line":127,"column":4},"end":{"line":141,"column":4}}},"10":{"name":"withdrawFromValidators","line":143,"loc":{"start":{"line":143,"column":4},"end":{"line":152,"column":4}}},"11":{"name":"sendEther","line":154,"loc":{"start":{"line":154,"column":4},"end":{"line":159,"column":4}}},"12":{"name":null,"line":165,"loc":{"start":{"line":165,"column":4},"end":{"line":167,"column":4}}}},"statementMap":{"1":{"start":{"line":56,"column":8},"end":{"line":56,"column":1410}},"2":{"start":{"line":62,"column":8},"end":{"line":62,"column":1563}},"3":{"start":{"line":68,"column":8},"end":{"line":68,"column":1712}},"4":{"start":{"line":75,"column":8},"end":{"line":75,"column":52}},"5":{"start":{"line":81,"column":8},"end":{"line":81,"column":63}},"6":{"start":{"line":84,"column":8},"end":{"line":84,"column":48}},"7":{"start":{"line":88,"column":8},"end":{"line":88,"column":50}},"8":{"start":{"line":89,"column":8},"end":{"line":89,"column":2362}},"9":{"start":{"line":93,"column":8},"end":{"line":93,"column":42}},"10":{"start":{"line":107,"column":8},"end":{"line":107,"column":79}},"11":{"start":{"line":108,"column":8},"end":{"line":108,"column":3026}},"12":{"start":{"line":110,"column":15},"end":{"line":110,"column":3103}},"13":{"start":{"line":114,"column":8},"end":{"line":114,"column":3243}},"14":{"start":{"line":115,"column":12},"end":{"line":115,"column":3333}},"15":{"start":{"line":119,"column":15},"end":{"line":119,"column":3464}},"16":{"start":{"line":123,"column":12},"end":{"line":123,"column":34}},"17":{"start":{"line":128,"column":8},"end":{"line":128,"column":3723}},"18":{"start":{"line":130,"column":15},"end":{"line":130,"column":3819}},"19":{"start":{"line":132,"column":15},"end":{"line":132,"column":3914}},"20":{"start":{"line":134,"column":15},"end":{"line":134,"column":4005}},"21":{"start":{"line":136,"column":15},"end":{"line":136,"column":4096}},"22":{"start":{"line":138,"column":15},"end":{"line":138,"column":4215}},"23":{"start":{"line":144,"column":8},"end":{"line":144,"column":4409}},"24":{"start":{"line":148,"column":8},"end":{"line":148,"column":29}},"25":{"start":{"line":149,"column":8},"end":{"line":149,"column":36}},"26":{"start":{"line":155,"column":8},"end":{"line":155,"column":4773}},"27":{"start":{"line":158,"column":8},"end":{"line":158,"column":44}}},"branchMap":{"1":{"line":56,"type":"if","locations":[{"start":{"line":56,"column":8},"end":{"line":56,"column":8}},{"start":{"line":56,"column":8},"end":{"line":56,"column":8}}]},"2":{"line":62,"type":"if","locations":[{"start":{"line":62,"column":8},"end":{"line":62,"column":8}},{"start":{"line":62,"column":8},"end":{"line":62,"column":8}}]},"3":{"line":68,"type":"if","locations":[{"start":{"line":68,"column":8},"end":{"line":68,"column":8}},{"start":{"line":68,"column":8},"end":{"line":68,"column":8}}]},"4":{"line":81,"type":"if","locations":[{"start":{"line":81,"column":8},"end":{"line":81,"column":8}},{"start":{"line":81,"column":8},"end":{"line":81,"column":8}}]},"5":{"line":87,"type":"if","locations":[{"start":{"line":87,"column":44},"end":{"line":87,"column":44}},{"start":{"line":87,"column":44},"end":{"line":87,"column":44}}]},"6":{"line":87,"type":"if","locations":[{"start":{"line":87,"column":58},"end":{"line":87,"column":58}},{"start":{"line":87,"column":58},"end":{"line":87,"column":58}}]},"7":{"line":88,"type":"if","locations":[{"start":{"line":88,"column":8},"end":{"line":88,"column":8}},{"start":{"line":88,"column":8},"end":{"line":88,"column":8}}]},"8":{"line":89,"type":"if","locations":[{"start":{"line":89,"column":8},"end":{"line":89,"column":8}},{"start":{"line":89,"column":8},"end":{"line":89,"column":8}}]},"9":{"line":100,"type":"if","locations":[{"start":{"line":100,"column":4},"end":{"line":100,"column":4}},{"start":{"line":100,"column":4},"end":{"line":100,"column":4}}]},"10":{"line":106,"type":"if","locations":[{"start":{"line":106,"column":61},"end":{"line":106,"column":61}},{"start":{"line":106,"column":61},"end":{"line":106,"column":61}}]},"11":{"line":107,"type":"if","locations":[{"start":{"line":107,"column":8},"end":{"line":107,"column":8}},{"start":{"line":107,"column":8},"end":{"line":107,"column":8}}]},"12":{"line":108,"type":"if","locations":[{"start":{"line":108,"column":8},"end":{"line":108,"column":8}},{"start":{"line":108,"column":8},"end":{"line":108,"column":8}}]},"13":{"line":110,"type":"if","locations":[{"start":{"line":110,"column":15},"end":{"line":110,"column":15}},{"start":{"line":110,"column":15},"end":{"line":110,"column":15}}]},"14":{"line":114,"type":"if","locations":[{"start":{"line":114,"column":8},"end":{"line":114,"column":8}},{"start":{"line":114,"column":8},"end":{"line":114,"column":8}}]},"15":{"line":119,"type":"if","locations":[{"start":{"line":119,"column":15},"end":{"line":119,"column":15}},{"start":{"line":119,"column":15},"end":{"line":119,"column":15}}]},"16":{"line":128,"type":"if","locations":[{"start":{"line":128,"column":8},"end":{"line":128,"column":8}},{"start":{"line":128,"column":8},"end":{"line":128,"column":8}}]},"17":{"line":130,"type":"if","locations":[{"start":{"line":130,"column":15},"end":{"line":130,"column":15}},{"start":{"line":130,"column":15},"end":{"line":130,"column":15}}]},"18":{"line":132,"type":"if","locations":[{"start":{"line":132,"column":15},"end":{"line":132,"column":15}},{"start":{"line":132,"column":15},"end":{"line":132,"column":15}}]},"19":{"line":134,"type":"if","locations":[{"start":{"line":134,"column":15},"end":{"line":134,"column":15}},{"start":{"line":134,"column":15},"end":{"line":134,"column":15}}]},"20":{"line":136,"type":"if","locations":[{"start":{"line":136,"column":15},"end":{"line":136,"column":15}},{"start":{"line":136,"column":15},"end":{"line":136,"column":15}}]},"21":{"line":138,"type":"if","locations":[{"start":{"line":138,"column":15},"end":{"line":138,"column":15}},{"start":{"line":138,"column":15},"end":{"line":138,"column":15}}]},"22":{"line":143,"type":"if","locations":[{"start":{"line":143,"column":53},"end":{"line":143,"column":53}},{"start":{"line":143,"column":53},"end":{"line":143,"column":53}}]},"23":{"line":144,"type":"if","locations":[{"start":{"line":144,"column":8},"end":{"line":144,"column":8}},{"start":{"line":144,"column":8},"end":{"line":144,"column":8}}]},"24":{"line":158,"type":"if","locations":[{"start":{"line":158,"column":8},"end":{"line":158,"column":8}},{"start":{"line":158,"column":8},"end":{"line":158,"column":8}}]},"25":{"line":162,"type":"if","locations":[{"start":{"line":162,"column":8},"end":{"line":162,"column":8}},{"start":{"line":162,"column":8},"end":{"line":162,"column":8}}]}}},"contracts/BetWaveOrganizer.sol":{"l":{"55":31,"56":1,"57":30,"61":31,"62":29,"66":0,"67":0,"68":0,"69":0,"73":72,"74":3,"75":69,"79":4,"84":2,"88":2,"97":30,"101":29,"107":29,"108":29,"109":29,"110":29,"111":29,"112":29,"120":21,"121":21,"126":42,"127":41,"128":41,"130":40,"131":17,"132":17,"133":17,"134":17,"136":23,"137":23,"138":23,"139":23,"141":40,"142":8,"143":8,"149":6,"154":3,"159":3,"160":3,"167":2,"172":2,"181":5,"185":5,"186":5,"187":5,"188":5,"193":20,"198":19,"207":5,"211":0,"214":0,"218":0,"222":0},"path":"/home/justmee/dev/cour_alyra/alyra_final_project/backEnd/contracts/BetWaveOrganizer.sol","s":{"1":31,"2":31,"3":0,"4":0,"5":72,"6":2,"7":2,"8":30,"9":29,"10":29,"11":21,"12":42,"13":41,"14":41,"15":40,"16":17,"17":23,"18":23,"19":40,"20":8,"21":6,"22":3,"23":3,"24":3,"25":2,"26":2,"27":5,"28":5,"29":5,"30":20,"31":19,"32":5,"33":0,"34":0},"b":{"1":[1,30],"2":[2,29],"3":[0,0],"4":[3,69],"5":[30,1],"6":[29,1],"7":[22,1],"8":[21,1],"9":[42,1],"10":[41,1],"11":[1,40],"12":[17,23],"13":[23,0],"14":[8,32],"15":[7,1],"16":[6,1],"17":[3,3],"18":[3,0],"19":[2,1],"20":[2,0],"21":[19,1],"22":[0,0],"23":[0,0]},"f":{"1":31,"2":31,"3":0,"4":72,"5":4,"6":2,"7":2,"8":30,"9":21,"10":42,"11":6,"12":5,"13":0,"14":0},"fnMap":{"1":{"name":"doesUserExist","line":54,"loc":{"start":{"line":54,"column":4},"end":{"line":58,"column":4}}},"2":{"name":"onlyOwner","line":60,"loc":{"start":{"line":60,"column":4},"end":{"line":63,"column":4}}},"3":{"name":"onlyValidator","line":65,"loc":{"start":{"line":65,"column":4},"end":{"line":70,"column":4}}},"4":{"name":"isCorrectStep","line":72,"loc":{"start":{"line":72,"column":4},"end":{"line":76,"column":4}}},"5":{"name":"constructor","line":78,"loc":{"start":{"line":78,"column":4},"end":{"line":80,"column":4}}},"6":{"name":"getBetValidatorsResult","line":83,"loc":{"start":{"line":83,"column":4},"end":{"line":85,"column":4}}},"7":{"name":"getvalidatorAddress","line":87,"loc":{"start":{"line":87,"column":4},"end":{"line":89,"column":4}}},"8":{"name":"deployNewBet","line":95,"loc":{"start":{"line":93,"column":4},"end":{"line":113,"column":4}}},"9":{"name":"startBetValidation","line":118,"loc":{"start":{"line":115,"column":4},"end":{"line":122,"column":4}}},"10":{"name":"setBetVote","line":125,"loc":{"start":{"line":124,"column":4},"end":{"line":145,"column":4}}},"11":{"name":"tallyVote","line":148,"loc":{"start":{"line":147,"column":4},"end":{"line":175,"column":4}}},"12":{"name":"feesOrchestrator","line":177,"loc":{"start":{"line":177,"column":4},"end":{"line":208,"column":4}}},"13":{"name":"sendEther","line":210,"loc":{"start":{"line":210,"column":4},"end":{"line":215,"column":4}}},"14":{"name":null,"line":221,"loc":{"start":{"line":221,"column":4},"end":{"line":223,"column":4}}}},"statementMap":{"1":{"start":{"line":55,"column":8},"end":{"line":55,"column":1328}},"2":{"start":{"line":61,"column":8},"end":{"line":61,"column":71}},"3":{"start":{"line":66,"column":8},"end":{"line":66,"column":69}},"4":{"start":{"line":67,"column":8},"end":{"line":67,"column":1682}},"5":{"start":{"line":73,"column":8},"end":{"line":73,"column":1850}},"6":{"start":{"line":84,"column":8},"end":{"line":84,"column":64}},"7":{"start":{"line":88,"column":8},"end":{"line":88,"column":54}},"8":{"start":{"line":97,"column":8},"end":{"line":97,"column":2557}},"9":{"start":{"line":101,"column":8},"end":{"line":101,"column":2735}},"10":{"start":{"line":112,"column":8},"end":{"line":112,"column":60}},"11":{"start":{"line":121,"column":8},"end":{"line":121,"column":41}},"12":{"start":{"line":126,"column":8},"end":{"line":126,"column":53}},"13":{"start":{"line":127,"column":8},"end":{"line":127,"column":68}},"14":{"start":{"line":128,"column":8},"end":{"line":128,"column":60}},"15":{"start":{"line":130,"column":8},"end":{"line":130,"column":3850}},"16":{"start":{"line":134,"column":12},"end":{"line":134,"column":62}},"17":{"start":{"line":135,"column":15},"end":{"line":135,"column":4119}},"18":{"start":{"line":139,"column":12},"end":{"line":139,"column":62}},"19":{"start":{"line":141,"column":8},"end":{"line":141,"column":4392}},"20":{"start":{"line":143,"column":12},"end":{"line":143,"column":40}},"21":{"start":{"line":149,"column":8},"end":{"line":149,"column":4765}},"22":{"start":{"line":154,"column":12},"end":{"line":154,"column":4918}},"23":{"start":{"line":159,"column":16},"end":{"line":159,"column":47}},"24":{"start":{"line":162,"column":15},"end":{"line":162,"column":5271}},"25":{"start":{"line":167,"column":12},"end":{"line":167,"column":5424}},"26":{"start":{"line":172,"column":16},"end":{"line":172,"column":47}},"27":{"start":{"line":181,"column":8},"end":{"line":181,"column":5869}},"28":{"start":{"line":186,"column":8},"end":{"line":186,"column":118}},"29":{"start":{"line":188,"column":8},"end":{"line":188,"column":6251}},"30":{"start":{"line":193,"column":12},"end":{"line":193,"column":6392}},"31":{"start":{"line":198,"column":16},"end":{"line":198,"column":6595}},"32":{"start":{"line":207,"column":8},"end":{"line":207,"column":61}},"33":{"start":{"line":211,"column":8},"end":{"line":211,"column":7045}},"34":{"start":{"line":214,"column":8},"end":{"line":214,"column":44}}},"branchMap":{"1":{"line":55,"type":"if","locations":[{"start":{"line":55,"column":8},"end":{"line":55,"column":8}},{"start":{"line":55,"column":8},"end":{"line":55,"column":8}}]},"2":{"line":61,"type":"if","locations":[{"start":{"line":61,"column":8},"end":{"line":61,"column":8}},{"start":{"line":61,"column":8},"end":{"line":61,"column":8}}]},"3":{"line":67,"type":"if","locations":[{"start":{"line":67,"column":8},"end":{"line":67,"column":8}},{"start":{"line":67,"column":8},"end":{"line":67,"column":8}}]},"4":{"line":73,"type":"if","locations":[{"start":{"line":73,"column":8},"end":{"line":73,"column":8}},{"start":{"line":73,"column":8},"end":{"line":73,"column":8}}]},"5":{"line":95,"type":"if","locations":[{"start":{"line":95,"column":4},"end":{"line":95,"column":4}},{"start":{"line":95,"column":4},"end":{"line":95,"column":4}}]},"6":{"line":97,"type":"if","locations":[{"start":{"line":97,"column":8},"end":{"line":97,"column":8}},{"start":{"line":97,"column":8},"end":{"line":97,"column":8}}]},"7":{"line":117,"type":"if","locations":[{"start":{"line":117,"column":4},"end":{"line":117,"column":4}},{"start":{"line":117,"column":4},"end":{"line":117,"column":4}}]},"8":{"line":118,"type":"if","locations":[{"start":{"line":118,"column":4},"end":{"line":118,"column":4}},{"start":{"line":118,"column":4},"end":{"line":118,"column":4}}]},"9":{"line":125,"type":"if","locations":[{"start":{"line":125,"column":4},"end":{"line":125,"column":4}},{"start":{"line":125,"column":4},"end":{"line":125,"column":4}}]},"10":{"line":126,"type":"if","locations":[{"start":{"line":126,"column":8},"end":{"line":126,"column":8}},{"start":{"line":126,"column":8},"end":{"line":126,"column":8}}]},"11":{"line":128,"type":"if","locations":[{"start":{"line":128,"column":8},"end":{"line":128,"column":8}},{"start":{"line":128,"column":8},"end":{"line":128,"column":8}}]},"12":{"line":130,"type":"if","locations":[{"start":{"line":130,"column":8},"end":{"line":130,"column":8}},{"start":{"line":130,"column":8},"end":{"line":130,"column":8}}]},"13":{"line":135,"type":"if","locations":[{"start":{"line":135,"column":15},"end":{"line":135,"column":15}},{"start":{"line":135,"column":15},"end":{"line":135,"column":15}}]},"14":{"line":141,"type":"if","locations":[{"start":{"line":141,"column":8},"end":{"line":141,"column":8}},{"start":{"line":141,"column":8},"end":{"line":141,"column":8}}]},"15":{"line":147,"type":"if","locations":[{"start":{"line":147,"column":53},"end":{"line":147,"column":53}},{"start":{"line":147,"column":53},"end":{"line":147,"column":53}}]},"16":{"line":148,"type":"if","locations":[{"start":{"line":148,"column":4},"end":{"line":148,"column":4}},{"start":{"line":148,"column":4},"end":{"line":148,"column":4}}]},"17":{"line":149,"type":"if","locations":[{"start":{"line":149,"column":8},"end":{"line":149,"column":8}},{"start":{"line":149,"column":8},"end":{"line":149,"column":8}}]},"18":{"line":154,"type":"if","locations":[{"start":{"line":154,"column":12},"end":{"line":154,"column":12}},{"start":{"line":154,"column":12},"end":{"line":154,"column":12}}]},"19":{"line":162,"type":"if","locations":[{"start":{"line":162,"column":15},"end":{"line":162,"column":15}},{"start":{"line":162,"column":15},"end":{"line":162,"column":15}}]},"20":{"line":167,"type":"if","locations":[{"start":{"line":167,"column":12},"end":{"line":167,"column":12}},{"start":{"line":167,"column":12},"end":{"line":167,"column":12}}]},"21":{"line":193,"type":"if","locations":[{"start":{"line":193,"column":12},"end":{"line":193,"column":12}},{"start":{"line":193,"column":12},"end":{"line":193,"column":12}}]},"22":{"line":214,"type":"if","locations":[{"start":{"line":214,"column":8},"end":{"line":214,"column":8}},{"start":{"line":214,"column":8},"end":{"line":214,"column":8}}]},"23":{"line":218,"type":"if","locations":[{"start":{"line":218,"column":8},"end":{"line":218,"column":8}},{"start":{"line":218,"column":8},"end":{"line":218,"column":8}}]}}},"contracts/SimpleBet.sol":{"l":{"69":30,"70":30,"73":30,"74":30,"75":30,"76":30,"80":21,"81":21,"85":29,"86":29,"90":38,"91":37,"95":20,"96":1,"97":19,"101":5,"102":5,"106":34,"107":34,"111":19,"112":1,"113":18,"117":0,"118":0,"119":0,"123":0,"124":0,"138":18,"139":17,"140":17,"141":17,"142":17,"143":17,"144":17,"158":5,"159":5,"160":5,"162":5,"163":5,"164":5,"173":5,"181":19,"182":19,"186":5,"187":5,"192":0,"193":0,"194":0,"197":0,"201":5,"207":17,"208":17,"212":17,"213":17,"214":17,"218":46,"221":46,"226":5,"232":17,"236":0},"path":"/home/justmee/dev/cour_alyra/alyra_final_project/backEnd/contracts/SimpleBet.sol","s":{"1":21,"2":29,"3":38,"4":20,"5":5,"6":34,"7":19,"8":0,"9":0,"10":18,"11":17,"12":17,"13":17,"14":5,"15":5,"16":5,"17":5,"18":5,"19":5,"20":5,"21":19,"22":5,"23":0,"24":0,"25":0,"26":46,"27":46,"28":5},"b":{"1":[0,21],"2":[0,29],"3":[1,37],"4":[1,19],"5":[0,5],"6":[0,34],"7":[1,18],"8":[0,0],"9":[0,0],"10":[21,0],"11":[20,1],"12":[19,1],"13":[18,1],"14":[17,1],"15":[5,0],"16":[5,0],"17":[5,0],"18":[5,0],"19":[5,0],"20":[19,0],"21":[19,0],"22":[5,0],"23":[0,0],"24":[0,0],"25":[0,0],"26":[5,0],"27":[46,0],"28":[17,0]},"f":{"1":30,"2":21,"3":29,"4":38,"5":20,"6":5,"7":34,"8":19,"9":0,"10":0,"11":18,"12":5,"13":5,"14":19,"15":5,"16":0,"17":5,"18":17,"19":17,"20":46,"21":5,"22":0},"fnMap":{"1":{"name":"constructor","line":61,"loc":{"start":{"line":61,"column":4},"end":{"line":77,"column":4}}},"2":{"name":"hasAmountBettor","line":79,"loc":{"start":{"line":79,"column":4},"end":{"line":82,"column":4}}},"3":{"name":"hasAmountContract","line":84,"loc":{"start":{"line":84,"column":4},"end":{"line":87,"column":4}}},"4":{"name":"hasMinimumAmount","line":89,"loc":{"start":{"line":89,"column":4},"end":{"line":92,"column":4}}},"5":{"name":"hasAlreadyBet","line":94,"loc":{"start":{"line":94,"column":4},"end":{"line":98,"column":4}}},"6":{"name":"hasAllFeesBeenPaid","line":100,"loc":{"start":{"line":100,"column":4},"end":{"line":103,"column":4}}},"7":{"name":"isAuthorized","line":105,"loc":{"start":{"line":105,"column":4},"end":{"line":108,"column":4}}},"8":{"name":"isRegistered","line":110,"loc":{"start":{"line":110,"column":4},"end":{"line":114,"column":4}}},"9":{"name":"hasEventStarted","line":116,"loc":{"start":{"line":116,"column":4},"end":{"line":120,"column":4}}},"10":{"name":"hasEventEnded","line":122,"loc":{"start":{"line":122,"column":4},"end":{"line":125,"column":4}}},"11":{"name":"setBet","line":134,"loc":{"start":{"line":128,"column":4},"end":{"line":145,"column":4}}},"12":{"name":"sendPlatfromAndCreatorFees","line":157,"loc":{"start":{"line":153,"column":4},"end":{"line":165,"column":4}}},"13":{"name":"calculateValidatorReward","line":171,"loc":{"start":{"line":167,"column":4},"end":{"line":174,"column":4}}},"14":{"name":"sendValidatorFees","line":179,"loc":{"start":{"line":176,"column":4},"end":{"line":183,"column":4}}},"15":{"name":"setFeesBooleanToTrue","line":185,"loc":{"start":{"line":185,"column":4},"end":{"line":188,"column":4}}},"16":{"name":"redeemToBettor","line":191,"loc":{"start":{"line":191,"column":4},"end":{"line":198,"column":4}}},"17":{"name":"winningCoefficientCalculator","line":200,"loc":{"start":{"line":200,"column":4},"end":{"line":204,"column":4}}},"18":{"name":"oddCalculator","line":206,"loc":{"start":{"line":206,"column":4},"end":{"line":209,"column":4}}},"19":{"name":"updateBettor","line":211,"loc":{"start":{"line":211,"column":4},"end":{"line":215,"column":4}}},"20":{"name":"sendEther","line":217,"loc":{"start":{"line":217,"column":4},"end":{"line":222,"column":4}}},"21":{"name":"getContractBalance","line":225,"loc":{"start":{"line":225,"column":4},"end":{"line":227,"column":4}}},"22":{"name":null,"line":235,"loc":{"start":{"line":235,"column":4},"end":{"line":237,"column":4}}}},"statementMap":{"1":{"start":{"line":80,"column":8},"end":{"line":80,"column":72}},"2":{"start":{"line":85,"column":8},"end":{"line":85,"column":68}},"3":{"start":{"line":90,"column":8},"end":{"line":90,"column":59}},"4":{"start":{"line":95,"column":8},"end":{"line":95,"column":2542}},"5":{"start":{"line":101,"column":8},"end":{"line":101,"column":50}},"6":{"start":{"line":106,"column":8},"end":{"line":106,"column":73}},"7":{"start":{"line":111,"column":8},"end":{"line":111,"column":2932}},"8":{"start":{"line":117,"column":8},"end":{"line":117,"column":3081}},"9":{"start":{"line":123,"column":8},"end":{"line":123,"column":72}},"10":{"start":{"line":138,"column":8},"end":{"line":138,"column":53}},"11":{"start":{"line":139,"column":8},"end":{"line":139,"column":42}},"12":{"start":{"line":143,"column":8},"end":{"line":143,"column":22}},"13":{"start":{"line":144,"column":8},"end":{"line":144,"column":27}},"14":{"start":{"line":158,"column":8},"end":{"line":158,"column":52}},"15":{"start":{"line":159,"column":8},"end":{"line":159,"column":62}},"16":{"start":{"line":160,"column":8},"end":{"line":160,"column":4316}},"17":{"start":{"line":162,"column":8},"end":{"line":162,"column":76}},"18":{"start":{"line":163,"column":8},"end":{"line":163,"column":61}},"19":{"start":{"line":164,"column":8},"end":{"line":164,"column":52}},"20":{"start":{"line":173,"column":8},"end":{"line":173,"column":53}},"21":{"start":{"line":181,"column":8},"end":{"line":181,"column":53}},"22":{"start":{"line":187,"column":8},"end":{"line":187,"column":37}},"23":{"start":{"line":192,"column":8},"end":{"line":192,"column":57}},"24":{"start":{"line":193,"column":8},"end":{"line":193,"column":64}},"25":{"start":{"line":197,"column":8},"end":{"line":197,"column":63}},"26":{"start":{"line":218,"column":8},"end":{"line":218,"column":6393}},"27":{"start":{"line":221,"column":8},"end":{"line":221,"column":44}},"28":{"start":{"line":226,"column":8},"end":{"line":226,"column":36}}},"branchMap":{"1":{"line":80,"type":"if","locations":[{"start":{"line":80,"column":8},"end":{"line":80,"column":8}},{"start":{"line":80,"column":8},"end":{"line":80,"column":8}}]},"2":{"line":85,"type":"if","locations":[{"start":{"line":85,"column":8},"end":{"line":85,"column":8}},{"start":{"line":85,"column":8},"end":{"line":85,"column":8}}]},"3":{"line":90,"type":"if","locations":[{"start":{"line":90,"column":8},"end":{"line":90,"column":8}},{"start":{"line":90,"column":8},"end":{"line":90,"column":8}}]},"4":{"line":95,"type":"if","locations":[{"start":{"line":95,"column":8},"end":{"line":95,"column":8}},{"start":{"line":95,"column":8},"end":{"line":95,"column":8}}]},"5":{"line":101,"type":"if","locations":[{"start":{"line":101,"column":8},"end":{"line":101,"column":8}},{"start":{"line":101,"column":8},"end":{"line":101,"column":8}}]},"6":{"line":106,"type":"if","locations":[{"start":{"line":106,"column":8},"end":{"line":106,"column":8}},{"start":{"line":106,"column":8},"end":{"line":106,"column":8}}]},"7":{"line":111,"type":"if","locations":[{"start":{"line":111,"column":8},"end":{"line":111,"column":8}},{"start":{"line":111,"column":8},"end":{"line":111,"column":8}}]},"8":{"line":117,"type":"if","locations":[{"start":{"line":117,"column":8},"end":{"line":117,"column":8}},{"start":{"line":117,"column":8},"end":{"line":117,"column":8}}]},"9":{"line":123,"type":"if","locations":[{"start":{"line":123,"column":8},"end":{"line":123,"column":8}},{"start":{"line":123,"column":8},"end":{"line":123,"column":8}}]},"10":{"line":131,"type":"if","locations":[{"start":{"line":131,"column":4},"end":{"line":131,"column":4}},{"start":{"line":131,"column":4},"end":{"line":131,"column":4}}]},"11":{"line":132,"type":"if","locations":[{"start":{"line":132,"column":4},"end":{"line":132,"column":4}},{"start":{"line":132,"column":4},"end":{"line":132,"column":4}}]},"12":{"line":133,"type":"if","locations":[{"start":{"line":133,"column":4},"end":{"line":133,"column":4}},{"start":{"line":133,"column":4},"end":{"line":133,"column":4}}]},"13":{"line":134,"type":"if","locations":[{"start":{"line":134,"column":4},"end":{"line":134,"column":4}},{"start":{"line":134,"column":4},"end":{"line":134,"column":4}}]},"14":{"line":138,"type":"if","locations":[{"start":{"line":138,"column":8},"end":{"line":138,"column":8}},{"start":{"line":138,"column":8},"end":{"line":138,"column":8}}]},"15":{"line":157,"type":"if","locations":[{"start":{"line":157,"column":13},"end":{"line":157,"column":13}},{"start":{"line":157,"column":13},"end":{"line":157,"column":13}}]},"16":{"line":157,"type":"if","locations":[{"start":{"line":157,"column":31},"end":{"line":157,"column":31}},{"start":{"line":157,"column":31},"end":{"line":157,"column":31}}]},"17":{"line":158,"type":"if","locations":[{"start":{"line":158,"column":8},"end":{"line":158,"column":8}},{"start":{"line":158,"column":8},"end":{"line":158,"column":8}}]},"18":{"line":170,"type":"if","locations":[{"start":{"line":170,"column":4},"end":{"line":170,"column":4}},{"start":{"line":170,"column":4},"end":{"line":170,"column":4}}]},"19":{"line":171,"type":"if","locations":[{"start":{"line":171,"column":4},"end":{"line":171,"column":4}},{"start":{"line":171,"column":4},"end":{"line":171,"column":4}}]},"20":{"line":178,"type":"if","locations":[{"start":{"line":178,"column":4},"end":{"line":178,"column":4}},{"start":{"line":178,"column":4},"end":{"line":178,"column":4}}]},"21":{"line":179,"type":"if","locations":[{"start":{"line":179,"column":4},"end":{"line":179,"column":4}},{"start":{"line":179,"column":4},"end":{"line":179,"column":4}}]},"22":{"line":185,"type":"if","locations":[{"start":{"line":185,"column":43},"end":{"line":185,"column":43}},{"start":{"line":185,"column":43},"end":{"line":185,"column":43}}]},"23":{"line":191,"type":"if","locations":[{"start":{"line":191,"column":45},"end":{"line":191,"column":45}},{"start":{"line":191,"column":45},"end":{"line":191,"column":45}}]},"24":{"line":192,"type":"if","locations":[{"start":{"line":192,"column":8},"end":{"line":192,"column":8}},{"start":{"line":192,"column":8},"end":{"line":192,"column":8}}]},"25":{"line":193,"type":"if","locations":[{"start":{"line":193,"column":8},"end":{"line":193,"column":8}},{"start":{"line":193,"column":8},"end":{"line":193,"column":8}}]},"26":{"line":200,"type":"if","locations":[{"start":{"line":200,"column":53},"end":{"line":200,"column":53}},{"start":{"line":200,"column":53},"end":{"line":200,"column":53}}]},"27":{"line":221,"type":"if","locations":[{"start":{"line":221,"column":8},"end":{"line":221,"column":8}},{"start":{"line":221,"column":8},"end":{"line":221,"column":8}}]},"28":{"line":232,"type":"if","locations":[{"start":{"line":232,"column":8},"end":{"line":232,"column":8}},{"start":{"line":232,"column":8},"end":{"line":232,"column":8}}]}}}}