{"contracts/BetWaveDAO.sol":{"l":{"59":52,"60":2,"61":50,"65":68,"66":1,"67":67,"71":73,"72":2,"73":71,"78":1,"82":0,"88":75,"89":74,"90":74,"91":74,"95":66,"96":64,"100":63,"101":63,"102":63,"103":63,"110":16,"111":16,"112":16,"116":34,"117":33,"118":20,"120":13,"122":33,"123":33,"124":33,"125":14,"133":5,"140":5,"144":4,"145":4,"146":4,"147":4,"148":4,"152":14,"153":4,"155":2,"157":2,"159":2,"161":2,"163":2,"168":67,"171":67,"175":72,"179":0},"path":"/home/justmee/dev/cour_alyra/alyra_final_project/backend/contracts/BetWaveDAO.sol","s":{"1":52,"2":68,"3":73,"4":1,"5":0,"6":75,"7":74,"8":66,"9":64,"10":63,"11":63,"12":16,"13":34,"14":33,"15":13,"16":33,"17":33,"18":14,"19":19,"20":5,"21":5,"22":4,"23":4,"24":4,"25":14,"26":10,"27":8,"28":6,"29":4,"30":2,"31":67,"32":67,"33":0},"b":{"1":[2,50],"2":[1,67],"3":[2,71],"4":[74,1],"5":[67,1],"6":[66,1],"7":[64,2],"8":[63,1],"9":[16,1],"10":[34,1],"11":[33,1],"12":[20,13],"13":[13,0],"14":[14,19],"15":[5,14],"16":[6,0],"17":[5,1],"18":[4,1],"19":[4,10],"20":[2,8],"21":[2,6],"22":[2,4],"23":[2,2],"24":[2,0],"25":[67,0],"26":[72,0],"27":[0,0]},"f":{"1":52,"2":68,"3":73,"4":1,"5":0,"6":75,"7":66,"8":16,"9":34,"10":5,"11":14,"12":67,"13":0},"fnMap":{"1":{"name":"onlyValidator","line":58,"loc":{"start":{"line":58,"column":4},"end":{"line":62,"column":4}}},"2":{"name":"doesUserExist","line":64,"loc":{"start":{"line":64,"column":4},"end":{"line":68,"column":4}}},"3":{"name":"hasBalance","line":70,"loc":{"start":{"line":70,"column":4},"end":{"line":74,"column":4}}},"4":{"name":"getDaoVoteHasVoted","line":77,"loc":{"start":{"line":77,"column":4},"end":{"line":79,"column":4}}},"5":{"name":"getDaoControlValue","line":81,"loc":{"start":{"line":81,"column":4},"end":{"line":83,"column":4}}},"6":{"name":"addUser","line":87,"loc":{"start":{"line":87,"column":4},"end":{"line":92,"column":4}}},"7":{"name":"addValidators","line":94,"loc":{"start":{"line":94,"column":4},"end":{"line":104,"column":4}}},"8":{"name":"askDAOVote","line":108,"loc":{"start":{"line":106,"column":4},"end":{"line":113,"column":4}}},"9":{"name":"setDaoVote","line":115,"loc":{"start":{"line":115,"column":4},"end":{"line":135,"column":4}}},"10":{"name":"withdrawFromValidators","line":139,"loc":{"start":{"line":137,"column":4},"end":{"line":149,"column":4}}},"11":{"name":"switchVoteType","line":151,"loc":{"start":{"line":151,"column":4},"end":{"line":165,"column":4}}},"12":{"name":"sendEther","line":167,"loc":{"start":{"line":167,"column":4},"end":{"line":172,"column":4}}},"13":{"name":null,"line":178,"loc":{"start":{"line":178,"column":4},"end":{"line":180,"column":4}}}},"statementMap":{"1":{"start":{"line":59,"column":8},"end":{"line":59,"column":1581}},"2":{"start":{"line":65,"column":8},"end":{"line":65,"column":1734}},"3":{"start":{"line":71,"column":8},"end":{"line":71,"column":1883}},"4":{"start":{"line":78,"column":8},"end":{"line":78,"column":52}},"5":{"start":{"line":82,"column":8},"end":{"line":82,"column":104}},"6":{"start":{"line":88,"column":8},"end":{"line":88,"column":63}},"7":{"start":{"line":91,"column":8},"end":{"line":91,"column":48}},"8":{"start":{"line":95,"column":8},"end":{"line":95,"column":50}},"9":{"start":{"line":96,"column":8},"end":{"line":96,"column":2747}},"10":{"start":{"line":100,"column":8},"end":{"line":100,"column":42}},"11":{"start":{"line":103,"column":8},"end":{"line":103,"column":37}},"12":{"start":{"line":112,"column":8},"end":{"line":112,"column":45}},"13":{"start":{"line":116,"column":8},"end":{"line":116,"column":79}},"14":{"start":{"line":117,"column":8},"end":{"line":117,"column":3494}},"15":{"start":{"line":119,"column":15},"end":{"line":119,"column":3571}},"16":{"start":{"line":123,"column":8},"end":{"line":123,"column":49}},"17":{"start":{"line":124,"column":8},"end":{"line":124,"column":3763}},"18":{"start":{"line":125,"column":12},"end":{"line":125,"column":3853}},"19":{"start":{"line":129,"column":15},"end":{"line":129,"column":3984}},"20":{"start":{"line":133,"column":12},"end":{"line":133,"column":34}},"21":{"start":{"line":140,"column":8},"end":{"line":140,"column":4271}},"22":{"start":{"line":144,"column":8},"end":{"line":144,"column":29}},"23":{"start":{"line":145,"column":8},"end":{"line":145,"column":36}},"24":{"start":{"line":148,"column":4},"end":{"line":148,"column":54}},"25":{"start":{"line":152,"column":8},"end":{"line":152,"column":4703}},"26":{"start":{"line":154,"column":15},"end":{"line":154,"column":4799}},"27":{"start":{"line":156,"column":15},"end":{"line":156,"column":4894}},"28":{"start":{"line":158,"column":15},"end":{"line":158,"column":4985}},"29":{"start":{"line":160,"column":15},"end":{"line":160,"column":5076}},"30":{"start":{"line":162,"column":15},"end":{"line":162,"column":5195}},"31":{"start":{"line":168,"column":8},"end":{"line":168,"column":5373}},"32":{"start":{"line":171,"column":8},"end":{"line":171,"column":44}},"33":{"start":{"line":179,"column":8},"end":{"line":179,"column":59}}},"branchMap":{"1":{"line":59,"type":"if","locations":[{"start":{"line":59,"column":8},"end":{"line":59,"column":8}},{"start":{"line":59,"column":8},"end":{"line":59,"column":8}}]},"2":{"line":65,"type":"if","locations":[{"start":{"line":65,"column":8},"end":{"line":65,"column":8}},{"start":{"line":65,"column":8},"end":{"line":65,"column":8}}]},"3":{"line":71,"type":"if","locations":[{"start":{"line":71,"column":8},"end":{"line":71,"column":8}},{"start":{"line":71,"column":8},"end":{"line":71,"column":8}}]},"4":{"line":88,"type":"if","locations":[{"start":{"line":88,"column":8},"end":{"line":88,"column":8}},{"start":{"line":88,"column":8},"end":{"line":88,"column":8}}]},"5":{"line":94,"type":"if","locations":[{"start":{"line":94,"column":44},"end":{"line":94,"column":44}},{"start":{"line":94,"column":44},"end":{"line":94,"column":44}}]},"6":{"line":94,"type":"if","locations":[{"start":{"line":94,"column":58},"end":{"line":94,"column":58}},{"start":{"line":94,"column":58},"end":{"line":94,"column":58}}]},"7":{"line":95,"type":"if","locations":[{"start":{"line":95,"column":8},"end":{"line":95,"column":8}},{"start":{"line":95,"column":8},"end":{"line":95,"column":8}}]},"8":{"line":96,"type":"if","locations":[{"start":{"line":96,"column":8},"end":{"line":96,"column":8}},{"start":{"line":96,"column":8},"end":{"line":96,"column":8}}]},"9":{"line":108,"type":"if","locations":[{"start":{"line":108,"column":4},"end":{"line":108,"column":4}},{"start":{"line":108,"column":4},"end":{"line":108,"column":4}}]},"10":{"line":115,"type":"if","locations":[{"start":{"line":115,"column":58},"end":{"line":115,"column":58}},{"start":{"line":115,"column":58},"end":{"line":115,"column":58}}]},"11":{"line":116,"type":"if","locations":[{"start":{"line":116,"column":8},"end":{"line":116,"column":8}},{"start":{"line":116,"column":8},"end":{"line":116,"column":8}}]},"12":{"line":117,"type":"if","locations":[{"start":{"line":117,"column":8},"end":{"line":117,"column":8}},{"start":{"line":117,"column":8},"end":{"line":117,"column":8}}]},"13":{"line":119,"type":"if","locations":[{"start":{"line":119,"column":15},"end":{"line":119,"column":15}},{"start":{"line":119,"column":15},"end":{"line":119,"column":15}}]},"14":{"line":124,"type":"if","locations":[{"start":{"line":124,"column":8},"end":{"line":124,"column":8}},{"start":{"line":124,"column":8},"end":{"line":124,"column":8}}]},"15":{"line":129,"type":"if","locations":[{"start":{"line":129,"column":15},"end":{"line":129,"column":15}},{"start":{"line":129,"column":15},"end":{"line":129,"column":15}}]},"16":{"line":138,"type":"if","locations":[{"start":{"line":138,"column":4},"end":{"line":138,"column":4}},{"start":{"line":138,"column":4},"end":{"line":138,"column":4}}]},"17":{"line":139,"type":"if","locations":[{"start":{"line":139,"column":4},"end":{"line":139,"column":4}},{"start":{"line":139,"column":4},"end":{"line":139,"column":4}}]},"18":{"line":140,"type":"if","locations":[{"start":{"line":140,"column":8},"end":{"line":140,"column":8}},{"start":{"line":140,"column":8},"end":{"line":140,"column":8}}]},"19":{"line":152,"type":"if","locations":[{"start":{"line":152,"column":8},"end":{"line":152,"column":8}},{"start":{"line":152,"column":8},"end":{"line":152,"column":8}}]},"20":{"line":154,"type":"if","locations":[{"start":{"line":154,"column":15},"end":{"line":154,"column":15}},{"start":{"line":154,"column":15},"end":{"line":154,"column":15}}]},"21":{"line":156,"type":"if","locations":[{"start":{"line":156,"column":15},"end":{"line":156,"column":15}},{"start":{"line":156,"column":15},"end":{"line":156,"column":15}}]},"22":{"line":158,"type":"if","locations":[{"start":{"line":158,"column":15},"end":{"line":158,"column":15}},{"start":{"line":158,"column":15},"end":{"line":158,"column":15}}]},"23":{"line":160,"type":"if","locations":[{"start":{"line":160,"column":15},"end":{"line":160,"column":15}},{"start":{"line":160,"column":15},"end":{"line":160,"column":15}}]},"24":{"line":162,"type":"if","locations":[{"start":{"line":162,"column":15},"end":{"line":162,"column":15}},{"start":{"line":162,"column":15},"end":{"line":162,"column":15}}]},"25":{"line":171,"type":"if","locations":[{"start":{"line":171,"column":8},"end":{"line":171,"column":8}},{"start":{"line":171,"column":8},"end":{"line":171,"column":8}}]},"26":{"line":175,"type":"if","locations":[{"start":{"line":175,"column":8},"end":{"line":175,"column":8}},{"start":{"line":175,"column":8},"end":{"line":175,"column":8}}]},"27":{"line":179,"type":"if","locations":[{"start":{"line":179,"column":8},"end":{"line":179,"column":8}},{"start":{"line":179,"column":8},"end":{"line":179,"column":8}}]}}},"contracts/BetWaveOrganizer.sol":{"l":{"43":30,"44":1,"45":29,"49":24,"50":23,"54":0,"55":0,"56":0,"57":0,"61":70,"62":2,"63":68,"67":4,"72":2,"76":2,"85":29,"89":28,"96":28,"97":28,"98":28,"99":28,"100":28,"101":28,"109":22,"110":22,"115":46,"116":45,"117":45,"119":44,"120":21,"121":21,"122":21,"123":21,"125":23,"126":23,"127":23,"128":23,"130":44,"131":9,"132":9,"138":9,"143":4,"148":4,"149":4,"150":4,"157":4,"162":4,"163":4,"164":4,"168":1,"169":1,"177":8,"181":8,"182":8,"187":32,"192":31,"200":8},"path":"/home/justmee/dev/cour_alyra/alyra_final_project/backend/contracts/BetWaveOrganizer.sol","s":{"1":30,"2":24,"3":0,"4":0,"5":70,"6":2,"7":2,"8":29,"9":28,"10":28,"11":22,"12":46,"13":45,"14":45,"15":44,"16":21,"17":23,"18":23,"19":44,"20":9,"21":9,"22":9,"23":4,"24":4,"25":4,"26":5,"27":4,"28":4,"29":4,"30":8,"31":8,"32":8,"33":32,"34":31,"35":8},"b":{"1":[1,29],"2":[1,23],"3":[0,0],"4":[2,68],"5":[29,1],"6":[28,1],"7":[23,1],"8":[22,1],"9":[46,1],"10":[45,1],"11":[1,44],"12":[21,23],"13":[23,0],"14":[9,35],"15":[4,5],"16":[4,0],"17":[4,1],"18":[4,0],"19":[31,1]},"f":{"1":30,"2":24,"3":0,"4":70,"5":4,"6":2,"7":2,"8":29,"9":22,"10":46,"11":9,"12":8},"fnMap":{"1":{"name":"doesUserExist","line":42,"loc":{"start":{"line":42,"column":4},"end":{"line":46,"column":4}}},"2":{"name":"onlyOwner","line":48,"loc":{"start":{"line":48,"column":4},"end":{"line":51,"column":4}}},"3":{"name":"onlyValidator","line":53,"loc":{"start":{"line":53,"column":4},"end":{"line":58,"column":4}}},"4":{"name":"isCorrectStep","line":60,"loc":{"start":{"line":60,"column":4},"end":{"line":64,"column":4}}},"5":{"name":"constructor","line":66,"loc":{"start":{"line":66,"column":4},"end":{"line":68,"column":4}}},"6":{"name":"getBetValidatorsResult","line":71,"loc":{"start":{"line":71,"column":4},"end":{"line":73,"column":4}}},"7":{"name":"getvalidatorAddress","line":75,"loc":{"start":{"line":75,"column":4},"end":{"line":77,"column":4}}},"8":{"name":"deployNewBet","line":83,"loc":{"start":{"line":81,"column":4},"end":{"line":102,"column":4}}},"9":{"name":"startBetValidation","line":107,"loc":{"start":{"line":104,"column":4},"end":{"line":111,"column":4}}},"10":{"name":"setBetVote","line":114,"loc":{"start":{"line":113,"column":4},"end":{"line":134,"column":4}}},"11":{"name":"tallyVote","line":136,"loc":{"start":{"line":136,"column":4},"end":{"line":171,"column":4}}},"12":{"name":"feesOrchestrator","line":173,"loc":{"start":{"line":173,"column":4},"end":{"line":201,"column":4}}}},"statementMap":{"1":{"start":{"line":43,"column":8},"end":{"line":43,"column":961}},"2":{"start":{"line":49,"column":8},"end":{"line":49,"column":71}},"3":{"start":{"line":54,"column":8},"end":{"line":54,"column":69}},"4":{"start":{"line":55,"column":8},"end":{"line":55,"column":1315}},"5":{"start":{"line":61,"column":8},"end":{"line":61,"column":1483}},"6":{"start":{"line":72,"column":8},"end":{"line":72,"column":64}},"7":{"start":{"line":76,"column":8},"end":{"line":76,"column":54}},"8":{"start":{"line":85,"column":8},"end":{"line":85,"column":2214}},"9":{"start":{"line":89,"column":8},"end":{"line":89,"column":2392}},"10":{"start":{"line":101,"column":8},"end":{"line":101,"column":60}},"11":{"start":{"line":110,"column":8},"end":{"line":110,"column":41}},"12":{"start":{"line":115,"column":8},"end":{"line":115,"column":53}},"13":{"start":{"line":116,"column":8},"end":{"line":116,"column":68}},"14":{"start":{"line":117,"column":8},"end":{"line":117,"column":60}},"15":{"start":{"line":119,"column":8},"end":{"line":119,"column":3534}},"16":{"start":{"line":123,"column":12},"end":{"line":123,"column":62}},"17":{"start":{"line":124,"column":15},"end":{"line":124,"column":3803}},"18":{"start":{"line":128,"column":12},"end":{"line":128,"column":62}},"19":{"start":{"line":130,"column":8},"end":{"line":130,"column":4076}},"20":{"start":{"line":131,"column":12},"end":{"line":131,"column":40}},"21":{"start":{"line":132,"column":12},"end":{"line":132,"column":33}},"22":{"start":{"line":138,"column":8},"end":{"line":138,"column":4324}},"23":{"start":{"line":143,"column":12},"end":{"line":143,"column":4501}},"24":{"start":{"line":148,"column":16},"end":{"line":148,"column":61}},"25":{"start":{"line":149,"column":16},"end":{"line":149,"column":47}},"26":{"start":{"line":152,"column":15},"end":{"line":152,"column":4891}},"27":{"start":{"line":157,"column":12},"end":{"line":157,"column":5068}},"28":{"start":{"line":162,"column":16},"end":{"line":162,"column":61}},"29":{"start":{"line":163,"column":16},"end":{"line":163,"column":47}},"30":{"start":{"line":177,"column":8},"end":{"line":177,"column":5751}},"31":{"start":{"line":181,"column":8},"end":{"line":181,"column":118}},"32":{"start":{"line":182,"column":8},"end":{"line":182,"column":6032}},"33":{"start":{"line":187,"column":12},"end":{"line":187,"column":6173}},"34":{"start":{"line":192,"column":16},"end":{"line":192,"column":6376}},"35":{"start":{"line":200,"column":8},"end":{"line":200,"column":61}}},"branchMap":{"1":{"line":43,"type":"if","locations":[{"start":{"line":43,"column":8},"end":{"line":43,"column":8}},{"start":{"line":43,"column":8},"end":{"line":43,"column":8}}]},"2":{"line":49,"type":"if","locations":[{"start":{"line":49,"column":8},"end":{"line":49,"column":8}},{"start":{"line":49,"column":8},"end":{"line":49,"column":8}}]},"3":{"line":55,"type":"if","locations":[{"start":{"line":55,"column":8},"end":{"line":55,"column":8}},{"start":{"line":55,"column":8},"end":{"line":55,"column":8}}]},"4":{"line":61,"type":"if","locations":[{"start":{"line":61,"column":8},"end":{"line":61,"column":8}},{"start":{"line":61,"column":8},"end":{"line":61,"column":8}}]},"5":{"line":83,"type":"if","locations":[{"start":{"line":83,"column":4},"end":{"line":83,"column":4}},{"start":{"line":83,"column":4},"end":{"line":83,"column":4}}]},"6":{"line":85,"type":"if","locations":[{"start":{"line":85,"column":8},"end":{"line":85,"column":8}},{"start":{"line":85,"column":8},"end":{"line":85,"column":8}}]},"7":{"line":106,"type":"if","locations":[{"start":{"line":106,"column":4},"end":{"line":106,"column":4}},{"start":{"line":106,"column":4},"end":{"line":106,"column":4}}]},"8":{"line":107,"type":"if","locations":[{"start":{"line":107,"column":4},"end":{"line":107,"column":4}},{"start":{"line":107,"column":4},"end":{"line":107,"column":4}}]},"9":{"line":114,"type":"if","locations":[{"start":{"line":114,"column":4},"end":{"line":114,"column":4}},{"start":{"line":114,"column":4},"end":{"line":114,"column":4}}]},"10":{"line":115,"type":"if","locations":[{"start":{"line":115,"column":8},"end":{"line":115,"column":8}},{"start":{"line":115,"column":8},"end":{"line":115,"column":8}}]},"11":{"line":117,"type":"if","locations":[{"start":{"line":117,"column":8},"end":{"line":117,"column":8}},{"start":{"line":117,"column":8},"end":{"line":117,"column":8}}]},"12":{"line":119,"type":"if","locations":[{"start":{"line":119,"column":8},"end":{"line":119,"column":8}},{"start":{"line":119,"column":8},"end":{"line":119,"column":8}}]},"13":{"line":124,"type":"if","locations":[{"start":{"line":124,"column":15},"end":{"line":124,"column":15}},{"start":{"line":124,"column":15},"end":{"line":124,"column":15}}]},"14":{"line":130,"type":"if","locations":[{"start":{"line":130,"column":8},"end":{"line":130,"column":8}},{"start":{"line":130,"column":8},"end":{"line":130,"column":8}}]},"15":{"line":138,"type":"if","locations":[{"start":{"line":138,"column":8},"end":{"line":138,"column":8}},{"start":{"line":138,"column":8},"end":{"line":138,"column":8}}]},"16":{"line":143,"type":"if","locations":[{"start":{"line":143,"column":12},"end":{"line":143,"column":12}},{"start":{"line":143,"column":12},"end":{"line":143,"column":12}}]},"17":{"line":152,"type":"if","locations":[{"start":{"line":152,"column":15},"end":{"line":152,"column":15}},{"start":{"line":152,"column":15},"end":{"line":152,"column":15}}]},"18":{"line":157,"type":"if","locations":[{"start":{"line":157,"column":12},"end":{"line":157,"column":12}},{"start":{"line":157,"column":12},"end":{"line":157,"column":12}}]},"19":{"line":187,"type":"if","locations":[{"start":{"line":187,"column":12},"end":{"line":187,"column":12}},{"start":{"line":187,"column":12},"end":{"line":187,"column":12}}]}}},"contracts/SimpleBet.sol":{"l":{"64":29,"65":29,"66":29,"67":29,"68":29,"69":29,"70":29,"74":25,"75":25,"79":48,"80":48,"84":46,"85":45,"89":24,"90":1,"91":23,"95":8,"96":8,"100":64,"101":63,"105":23,"106":1,"107":22,"111":0,"112":0,"113":0,"117":0,"118":0,"133":22,"134":21,"135":21,"136":21,"137":21,"138":21,"139":21,"140":21,"146":8,"157":8,"158":8,"159":8,"161":8,"162":8,"163":8,"172":8,"181":31,"185":8,"186":8,"193":0,"194":0,"195":0,"198":0,"202":8,"208":21,"209":21,"213":21,"214":21,"215":21,"219":68,"222":68,"226":21,"230":0},"path":"/home/justmee/dev/cour_alyra/alyra_final_project/backend/contracts/SimpleBet.sol","s":{"1":25,"2":48,"3":46,"4":24,"5":8,"6":64,"7":23,"8":0,"9":0,"10":22,"11":21,"12":21,"13":21,"14":21,"15":8,"16":8,"17":8,"18":8,"19":8,"20":8,"21":8,"22":31,"23":8,"24":0,"25":0,"26":0,"27":68,"28":68,"29":0},"b":{"1":[0,25],"2":[0,48],"3":[1,45],"4":[1,23],"5":[0,8],"6":[1,63],"7":[1,22],"8":[0,0],"9":[0,0],"10":[25,0],"11":[25,0],"12":[24,1],"13":[23,1],"14":[22,1],"15":[21,1],"16":[8,0],"17":[9,0],"18":[9,0],"19":[8,1],"20":[8,0],"21":[8,0],"22":[8,0],"23":[31,0],"24":[31,0],"25":[31,0],"26":[8,0],"27":[0,0],"28":[0,0],"29":[0,0],"30":[0,0],"31":[8,0],"32":[68,0],"33":[21,0],"34":[0,0]},"f":{"1":29,"2":25,"3":48,"4":46,"5":24,"6":8,"7":64,"8":23,"9":0,"10":0,"11":22,"12":8,"13":8,"14":8,"15":31,"16":8,"17":0,"18":8,"19":21,"20":21,"21":68,"22":0},"fnMap":{"1":{"name":"constructor","line":57,"loc":{"start":{"line":57,"column":4},"end":{"line":71,"column":4}}},"2":{"name":"hasAmountBettor","line":73,"loc":{"start":{"line":73,"column":4},"end":{"line":76,"column":4}}},"3":{"name":"hasAmountContract","line":78,"loc":{"start":{"line":78,"column":4},"end":{"line":81,"column":4}}},"4":{"name":"hasMinimumAmount","line":83,"loc":{"start":{"line":83,"column":4},"end":{"line":86,"column":4}}},"5":{"name":"hasAlreadyBet","line":88,"loc":{"start":{"line":88,"column":4},"end":{"line":92,"column":4}}},"6":{"name":"hasAllFeesBeenPaid","line":94,"loc":{"start":{"line":94,"column":4},"end":{"line":97,"column":4}}},"7":{"name":"isAuthorized","line":99,"loc":{"start":{"line":99,"column":4},"end":{"line":102,"column":4}}},"8":{"name":"isRegistered","line":104,"loc":{"start":{"line":104,"column":4},"end":{"line":108,"column":4}}},"9":{"name":"hasEventStarted","line":110,"loc":{"start":{"line":110,"column":4},"end":{"line":114,"column":4}}},"10":{"name":"hasEventEnded","line":116,"loc":{"start":{"line":116,"column":4},"end":{"line":119,"column":4}}},"11":{"name":"setBet","line":129,"loc":{"start":{"line":122,"column":4},"end":{"line":141,"column":4}}},"12":{"name":"setWinnerId","line":145,"loc":{"start":{"line":143,"column":4},"end":{"line":147,"column":4}}},"13":{"name":"sendPlatfromAndCreatorFees","line":156,"loc":{"start":{"line":149,"column":4},"end":{"line":164,"column":4}}},"14":{"name":"calculateValidatorReward","line":170,"loc":{"start":{"line":166,"column":4},"end":{"line":173,"column":4}}},"15":{"name":"sendValidatorFees","line":179,"loc":{"start":{"line":175,"column":4},"end":{"line":182,"column":4}}},"16":{"name":"setFeesBooleanToTrue","line":184,"loc":{"start":{"line":184,"column":4},"end":{"line":187,"column":4}}},"17":{"name":"redeemToBettor","line":192,"loc":{"start":{"line":190,"column":4},"end":{"line":199,"column":4}}},"18":{"name":"winningCoefficientCalculator","line":201,"loc":{"start":{"line":201,"column":4},"end":{"line":205,"column":4}}},"19":{"name":"oddCalculator","line":207,"loc":{"start":{"line":207,"column":4},"end":{"line":210,"column":4}}},"20":{"name":"updateBettor","line":212,"loc":{"start":{"line":212,"column":4},"end":{"line":216,"column":4}}},"21":{"name":"sendEther","line":218,"loc":{"start":{"line":218,"column":4},"end":{"line":223,"column":4}}},"22":{"name":null,"line":229,"loc":{"start":{"line":229,"column":4},"end":{"line":231,"column":4}}}},"statementMap":{"1":{"start":{"line":74,"column":8},"end":{"line":74,"column":72}},"2":{"start":{"line":79,"column":8},"end":{"line":79,"column":68}},"3":{"start":{"line":84,"column":8},"end":{"line":84,"column":59}},"4":{"start":{"line":89,"column":8},"end":{"line":89,"column":2414}},"5":{"start":{"line":95,"column":8},"end":{"line":95,"column":50}},"6":{"start":{"line":100,"column":8},"end":{"line":100,"column":73}},"7":{"start":{"line":105,"column":8},"end":{"line":105,"column":2804}},"8":{"start":{"line":111,"column":8},"end":{"line":111,"column":2953}},"9":{"start":{"line":117,"column":8},"end":{"line":117,"column":72}},"10":{"start":{"line":133,"column":8},"end":{"line":133,"column":53}},"11":{"start":{"line":134,"column":8},"end":{"line":134,"column":42}},"12":{"start":{"line":138,"column":8},"end":{"line":138,"column":22}},"13":{"start":{"line":139,"column":8},"end":{"line":139,"column":27}},"14":{"start":{"line":140,"column":8},"end":{"line":140,"column":172}},"15":{"start":{"line":157,"column":8},"end":{"line":157,"column":52}},"16":{"start":{"line":158,"column":8},"end":{"line":158,"column":63}},"17":{"start":{"line":159,"column":8},"end":{"line":159,"column":4404}},"18":{"start":{"line":161,"column":8},"end":{"line":161,"column":76}},"19":{"start":{"line":162,"column":8},"end":{"line":162,"column":61}},"20":{"start":{"line":163,"column":8},"end":{"line":163,"column":52}},"21":{"start":{"line":172,"column":8},"end":{"line":172,"column":53}},"22":{"start":{"line":181,"column":8},"end":{"line":181,"column":53}},"23":{"start":{"line":186,"column":8},"end":{"line":186,"column":37}},"24":{"start":{"line":193,"column":8},"end":{"line":193,"column":57}},"25":{"start":{"line":194,"column":8},"end":{"line":194,"column":64}},"26":{"start":{"line":198,"column":8},"end":{"line":198,"column":63}},"27":{"start":{"line":219,"column":8},"end":{"line":219,"column":6501}},"28":{"start":{"line":222,"column":8},"end":{"line":222,"column":44}},"29":{"start":{"line":230,"column":8},"end":{"line":230,"column":59}}},"branchMap":{"1":{"line":74,"type":"if","locations":[{"start":{"line":74,"column":8},"end":{"line":74,"column":8}},{"start":{"line":74,"column":8},"end":{"line":74,"column":8}}]},"2":{"line":79,"type":"if","locations":[{"start":{"line":79,"column":8},"end":{"line":79,"column":8}},{"start":{"line":79,"column":8},"end":{"line":79,"column":8}}]},"3":{"line":84,"type":"if","locations":[{"start":{"line":84,"column":8},"end":{"line":84,"column":8}},{"start":{"line":84,"column":8},"end":{"line":84,"column":8}}]},"4":{"line":89,"type":"if","locations":[{"start":{"line":89,"column":8},"end":{"line":89,"column":8}},{"start":{"line":89,"column":8},"end":{"line":89,"column":8}}]},"5":{"line":95,"type":"if","locations":[{"start":{"line":95,"column":8},"end":{"line":95,"column":8}},{"start":{"line":95,"column":8},"end":{"line":95,"column":8}}]},"6":{"line":100,"type":"if","locations":[{"start":{"line":100,"column":8},"end":{"line":100,"column":8}},{"start":{"line":100,"column":8},"end":{"line":100,"column":8}}]},"7":{"line":105,"type":"if","locations":[{"start":{"line":105,"column":8},"end":{"line":105,"column":8}},{"start":{"line":105,"column":8},"end":{"line":105,"column":8}}]},"8":{"line":111,"type":"if","locations":[{"start":{"line":111,"column":8},"end":{"line":111,"column":8}},{"start":{"line":111,"column":8},"end":{"line":111,"column":8}}]},"9":{"line":117,"type":"if","locations":[{"start":{"line":117,"column":8},"end":{"line":117,"column":8}},{"start":{"line":117,"column":8},"end":{"line":117,"column":8}}]},"10":{"line":125,"type":"if","locations":[{"start":{"line":125,"column":4},"end":{"line":125,"column":4}},{"start":{"line":125,"column":4},"end":{"line":125,"column":4}}]},"11":{"line":126,"type":"if","locations":[{"start":{"line":126,"column":4},"end":{"line":126,"column":4}},{"start":{"line":126,"column":4},"end":{"line":126,"column":4}}]},"12":{"line":127,"type":"if","locations":[{"start":{"line":127,"column":4},"end":{"line":127,"column":4}},{"start":{"line":127,"column":4},"end":{"line":127,"column":4}}]},"13":{"line":128,"type":"if","locations":[{"start":{"line":128,"column":4},"end":{"line":128,"column":4}},{"start":{"line":128,"column":4},"end":{"line":128,"column":4}}]},"14":{"line":129,"type":"if","locations":[{"start":{"line":129,"column":4},"end":{"line":129,"column":4}},{"start":{"line":129,"column":4},"end":{"line":129,"column":4}}]},"15":{"line":133,"type":"if","locations":[{"start":{"line":133,"column":8},"end":{"line":133,"column":8}},{"start":{"line":133,"column":8},"end":{"line":133,"column":8}}]},"16":{"line":145,"type":"if","locations":[{"start":{"line":145,"column":13},"end":{"line":145,"column":13}},{"start":{"line":145,"column":13},"end":{"line":145,"column":13}}]},"17":{"line":154,"type":"if","locations":[{"start":{"line":154,"column":4},"end":{"line":154,"column":4}},{"start":{"line":154,"column":4},"end":{"line":154,"column":4}}]},"18":{"line":155,"type":"if","locations":[{"start":{"line":155,"column":4},"end":{"line":155,"column":4}},{"start":{"line":155,"column":4},"end":{"line":155,"column":4}}]},"19":{"line":156,"type":"if","locations":[{"start":{"line":156,"column":4},"end":{"line":156,"column":4}},{"start":{"line":156,"column":4},"end":{"line":156,"column":4}}]},"20":{"line":157,"type":"if","locations":[{"start":{"line":157,"column":8},"end":{"line":157,"column":8}},{"start":{"line":157,"column":8},"end":{"line":157,"column":8}}]},"21":{"line":169,"type":"if","locations":[{"start":{"line":169,"column":4},"end":{"line":169,"column":4}},{"start":{"line":169,"column":4},"end":{"line":169,"column":4}}]},"22":{"line":170,"type":"if","locations":[{"start":{"line":170,"column":4},"end":{"line":170,"column":4}},{"start":{"line":170,"column":4},"end":{"line":170,"column":4}}]},"23":{"line":177,"type":"if","locations":[{"start":{"line":177,"column":4},"end":{"line":177,"column":4}},{"start":{"line":177,"column":4},"end":{"line":177,"column":4}}]},"24":{"line":178,"type":"if","locations":[{"start":{"line":178,"column":4},"end":{"line":178,"column":4}},{"start":{"line":178,"column":4},"end":{"line":178,"column":4}}]},"25":{"line":179,"type":"if","locations":[{"start":{"line":179,"column":4},"end":{"line":179,"column":4}},{"start":{"line":179,"column":4},"end":{"line":179,"column":4}}]},"26":{"line":184,"type":"if","locations":[{"start":{"line":184,"column":43},"end":{"line":184,"column":43}},{"start":{"line":184,"column":43},"end":{"line":184,"column":43}}]},"27":{"line":191,"type":"if","locations":[{"start":{"line":191,"column":4},"end":{"line":191,"column":4}},{"start":{"line":191,"column":4},"end":{"line":191,"column":4}}]},"28":{"line":192,"type":"if","locations":[{"start":{"line":192,"column":4},"end":{"line":192,"column":4}},{"start":{"line":192,"column":4},"end":{"line":192,"column":4}}]},"29":{"line":193,"type":"if","locations":[{"start":{"line":193,"column":8},"end":{"line":193,"column":8}},{"start":{"line":193,"column":8},"end":{"line":193,"column":8}}]},"30":{"line":194,"type":"if","locations":[{"start":{"line":194,"column":8},"end":{"line":194,"column":8}},{"start":{"line":194,"column":8},"end":{"line":194,"column":8}}]},"31":{"line":201,"type":"if","locations":[{"start":{"line":201,"column":53},"end":{"line":201,"column":53}},{"start":{"line":201,"column":53},"end":{"line":201,"column":53}}]},"32":{"line":222,"type":"if","locations":[{"start":{"line":222,"column":8},"end":{"line":222,"column":8}},{"start":{"line":222,"column":8},"end":{"line":222,"column":8}}]},"33":{"line":226,"type":"if","locations":[{"start":{"line":226,"column":8},"end":{"line":226,"column":8}},{"start":{"line":226,"column":8},"end":{"line":226,"column":8}}]},"34":{"line":230,"type":"if","locations":[{"start":{"line":230,"column":8},"end":{"line":230,"column":8}},{"start":{"line":230,"column":8},"end":{"line":230,"column":8}}]}}}}