{
"contracts/BetWaveDAO.sol":{"l":{"60":62,"61":2,"62":60,"66":75,"67":1,"68":74,"72":80,"73":2,"74":78,"79":1,"83":0,"89":83,"90":82,"91":82,"92":82,"96":73,"97":72,"101":71,"102":71,"103":71,"104":71,"111":18,"112":18,"113":18,"117":42,"118":41,"119":23,"121":18,"123":41,"124":41,"125":41,"126":16,"130":16,"135":7,"136":7,"143":5,"147":4,"148":4,"149":4,"150":4,"151":4,"155":16,"156":4,"158":2,"160":2,"162":2,"164":2,"166":4,"171":75,"174":75,"178":80,"182":0},"path":"/home/justmee/dev/cour_alyra/alyra_final_project/backend/contracts/BetWaveDAO.sol","s":{"1":62,"2":75,"3":80,"4":1,"5":0,"6":83,"7":82,"8":73,"9":72,"10":71,"11":71,"12":18,"13":42,"14":41,"15":18,"16":41,"17":41,"18":16,"19":25,"20":7,"21":5,"22":4,"23":4,"24":4,"25":16,"26":12,"27":10,"28":8,"29":6,"30":4,"31":75,"32":75,"33":0},"b":{"1":[2,60],"2":[1,74],"3":[2,78],"4":[82,1],"5":[74,1],"6":[73,1],"7":[72,1],"8":[71,1],"9":[18,1],"10":[42,1],"11":[41,1],"12":[23,18],"13":[18,0],"14":[16,25],"15":[7,18],"16":[6,0],"17":[5,1],"18":[4,1],"19":[4,12],"20":[2,10],"21":[2,8],"22":[2,6],"23":[2,4],"24":[4,0],"25":[75,0],"26":[80,0],"27":[0,0]},"f":{"1":62,"2":75,"3":80,"4":1,"5":0,"6":83,"7":73,"8":18,"9":42,"10":5,"11":16,"12":75,"13":0},"fnMap":{"1":{"name":"onlyValidator","line":59,"loc":{"start":{"line":59,"column":4},"end":{"line":63,"column":4}}},"2":{"name":"doesUserExist","line":65,"loc":{"start":{"line":65,"column":4},"end":{"line":69,"column":4}}},"3":{"name":"hasBalance","line":71,"loc":{"start":{"line":71,"column":4},"end":{"line":75,"column":4}}},"4":{"name":"getDaoVoteHasVoted","line":78,"loc":{"start":{"line":78,"column":4},"end":{"line":80,"column":4}}},"5":{"name":"getDaoControlValue","line":82,"loc":{"start":{"line":82,"column":4},"end":{"line":84,"column":4}}},"6":{"name":"addUser","line":88,"loc":{"start":{"line":88,"column":4},"end":{"line":93,"column":4}}},"7":{"name":"addValidators","line":95,"loc":{"start":{"line":95,"column":4},"end":{"line":105,"column":4}}},"8":{"name":"askDAOVote","line":109,"loc":{"start":{"line":107,"column":4},"end":{"line":114,"column":4}}},"9":{"name":"setDaoVote","line":116,"loc":{"start":{"line":116,"column":4},"end":{"line":138,"column":4}}},"10":{"name":"withdrawFromValidators","line":142,"loc":{"start":{"line":140,"column":4},"end":{"line":152,"column":4}}},"11":{"name":"switchVoteType","line":154,"loc":{"start":{"line":154,"column":4},"end":{"line":168,"column":4}}},"12":{"name":"sendEther","line":170,"loc":{"start":{"line":170,"column":4},"end":{"line":175,"column":4}}},"13":{"name":null,"line":181,"loc":{"start":{"line":181,"column":4},"end":{"line":183,"column":4}}}},"statementMap":{"1":{"start":{"line":60,"column":8},"end":{"line":60,"column":1620}},"2":{"start":{"line":66,"column":8},"end":{"line":66,"column":1773}},"3":{"start":{"line":72,"column":8},"end":{"line":72,"column":1922}},"4":{"start":{"line":79,"column":8},"end":{"line":79,"column":52}},"5":{"start":{"line":83,"column":8},"end":{"line":83,"column":104}},"6":{"start":{"line":89,"column":8},"end":{"line":89,"column":63}},"7":{"start":{"line":92,"column":8},"end":{"line":92,"column":48}},"8":{"start":{"line":96,"column":8},"end":{"line":96,"column":50}},"9":{"start":{"line":97,"column":8},"end":{"line":97,"column":2786}},"10":{"start":{"line":101,"column":8},"end":{"line":101,"column":42}},"11":{"start":{"line":104,"column":8},"end":{"line":104,"column":37}},"12":{"start":{"line":113,"column":8},"end":{"line":113,"column":45}},"13":{"start":{"line":117,"column":8},"end":{"line":117,"column":79}},"14":{"start":{"line":118,"column":8},"end":{"line":118,"column":3533}},"15":{"start":{"line":120,"column":15},"end":{"line":120,"column":3610}},"16":{"start":{"line":124,"column":8},"end":{"line":124,"column":49}},"17":{"start":{"line":125,"column":8},"end":{"line":125,"column":3802}},"18":{"start":{"line":126,"column":12},"end":{"line":126,"column":3892}},"19":{"start":{"line":131,"column":15},"end":{"line":131,"column":4071}},"20":{"start":{"line":136,"column":12},"end":{"line":136,"column":34}},"21":{"start":{"line":143,"column":8},"end":{"line":143,"column":4406}},"22":{"start":{"line":147,"column":8},"end":{"line":147,"column":29}},"23":{"start":{"line":148,"column":8},"end":{"line":148,"column":36}},"24":{"start":{"line":151,"column":8},"end":{"line":151,"column":59}},"25":{"start":{"line":155,"column":8},"end":{"line":155,"column":4843}},"26":{"start":{"line":157,"column":15},"end":{"line":157,"column":4939}},"27":{"start":{"line":159,"column":15},"end":{"line":159,"column":5034}},"28":{"start":{"line":161,"column":15},"end":{"line":161,"column":5125}},"29":{"start":{"line":163,"column":15},"end":{"line":163,"column":5216}},"30":{"start":{"line":165,"column":15},"end":{"line":165,"column":5335}},"31":{"start":{"line":171,"column":8},"end":{"line":171,"column":5513}},"32":{"start":{"line":174,"column":8},"end":{"line":174,"column":44}},"33":{"start":{"line":182,"column":8},"end":{"line":182,"column":59}}},"branchMap":{"1":{"line":60,"type":"if","locations":[{"start":{"line":60,"column":8},"end":{"line":60,"column":8}},{"start":{"line":60,"column":8},"end":{"line":60,"column":8}}]},"2":{"line":66,"type":"if","locations":[{"start":{"line":66,"column":8},"end":{"line":66,"column":8}},{"start":{"line":66,"column":8},"end":{"line":66,"column":8}}]},"3":{"line":72,"type":"if","locations":[{"start":{"line":72,"column":8},"end":{"line":72,"column":8}},{"start":{"line":72,"column":8},"end":{"line":72,"column":8}}]},"4":{"line":89,"type":"if","locations":[{"start":{"line":89,"column":8},"end":{"line":89,"column":8}},{"start":{"line":89,"column":8},"end":{"line":89,"column":8}}]},"5":{"line":95,"type":"if","locations":[{"start":{"line":95,"column":44},"end":{"line":95,"column":44}},{"start":{"line":95,"column":44},"end":{"line":95,"column":44}}]},"6":{"line":95,"type":"if","locations":[{"start":{"line":95,"column":58},"end":{"line":95,"column":58}},{"start":{"line":95,"column":58},"end":{"line":95,"column":58}}]},"7":{"line":96,"type":"if","locations":[{"start":{"line":96,"column":8},"end":{"line":96,"column":8}},{"start":{"line":96,"column":8},"end":{"line":96,"column":8}}]},"8":{"line":97,"type":"if","locations":[{"start":{"line":97,"column":8},"end":{"line":97,"column":8}},{"start":{"line":97,"column":8},"end":{"line":97,"column":8}}]},"9":{"line":109,"type":"if","locations":[{"start":{"line":109,"column":4},"end":{"line":109,"column":4}},{"start":{"line":109,"column":4},"end":{"line":109,"column":4}}]},"10":{"line":116,"type":"if","locations":[{"start":{"line":116,"column":58},"end":{"line":116,"column":58}},{"start":{"line":116,"column":58},"end":{"line":116,"column":58}}]},"11":{"line":117,"type":"if","locations":[{"start":{"line":117,"column":8},"end":{"line":117,"column":8}},{"start":{"line":117,"column":8},"end":{"line":117,"column":8}}]},"12":{"line":118,"type":"if","locations":[{"start":{"line":118,"column":8},"end":{"line":118,"column":8}},{"start":{"line":118,"column":8},"end":{"line":118,"column":8}}]},"13":{"line":120,"type":"if","locations":[{"start":{"line":120,"column":15},"end":{"line":120,"column":15}},{"start":{"line":120,"column":15},"end":{"line":120,"column":15}}]},"14":{"line":125,"type":"if","locations":[{"start":{"line":125,"column":8},"end":{"line":125,"column":8}},{"start":{"line":125,"column":8},"end":{"line":125,"column":8}}]},"15":{"line":131,"type":"if","locations":[{"start":{"line":131,"column":15},"end":{"line":131,"column":15}},{"start":{"line":131,"column":15},"end":{"line":131,"column":15}}]},"16":{"line":141,"type":"if","locations":[{"start":{"line":141,"column":4},"end":{"line":141,"column":4}},{"start":{"line":141,"column":4},"end":{"line":141,"column":4}}]},"17":{"line":142,"type":"if","locations":[{"start":{"line":142,"column":4},"end":{"line":142,"column":4}},{"start":{"line":142,"column":4},"end":{"line":142,"column":4}}]},"18":{"line":143,"type":"if","locations":[{"start":{"line":143,"column":8},"end":{"line":143,"column":8}},{"start":{"line":143,"column":8},"end":{"line":143,"column":8}}]},"19":{"line":155,"type":"if","locations":[{"start":{"line":155,"column":8},"end":{"line":155,"column":8}},{"start":{"line":155,"column":8},"end":{"line":155,"column":8}}]},"20":{"line":157,"type":"if","locations":[{"start":{"line":157,"column":15},"end":{"line":157,"column":15}},{"start":{"line":157,"column":15},"end":{"line":157,"column":15}}]},"21":{"line":159,"type":"if","locations":[{"start":{"line":159,"column":15},"end":{"line":159,"column":15}},{"start":{"line":159,"column":15},"end":{"line":159,"column":15}}]},"22":{"line":161,"type":"if","locations":[{"start":{"line":161,"column":15},"end":{"line":161,"column":15}},{"start":{"line":161,"column":15},"end":{"line":161,"column":15}}]},"23":{"line":163,"type":"if","locations":[{"start":{"line":163,"column":15},"end":{"line":163,"column":15}},{"start":{"line":163,"column":15},"end":{"line":163,"column":15}}]},"24":{"line":165,"type":"if","locations":[{"start":{"line":165,"column":15},"end":{"line":165,"column":15}},{"start":{"line":165,"column":15},"end":{"line":165,"column":15}}]},"25":{"line":174,"type":"if","locations":[{"start":{"line":174,"column":8},"end":{"line":174,"column":8}},{"start":{"line":174,"column":8},"end":{"line":174,"column":8}}]},"26":{"line":178,"type":"if","locations":[{"start":{"line":178,"column":8},"end":{"line":178,"column":8}},{"start":{"line":178,"column":8},"end":{"line":178,"column":8}}]},"27":{"line":182,"type":"if","locations":[{"start":{"line":182,"column":8},"end":{"line":182,"column":8}},{"start":{"line":182,"column":8},"end":{"line":182,"column":8}}]}}},
"contracts/BetWaveOrganizer.sol":{"l":{"44":30,"45":1,"46":29,"50":24,"51":23,"55":0,"56":0,"57":0,"58":0,"62":70,"63":2,"64":68,"68":4,"73":2,"77":2,"86":29,"90":28,"97":28,"98":28,"99":28,"100":28,"101":28,"102":28,"103":28,"111":22,"112":22,"117":46,"118":45,"119":45,"121":44,"122":21,"123":21,"124":21,"125":21,"127":23,"128":23,"129":23,"130":23,"132":44,"133":9,"134":9,"140":9,"145":4,"150":4,"151":4,"152":4,"159":4,"164":4,"165":4,"166":4,"170":1,"171":1,"179":8,"183":8,"184":8,"189":32,"194":31,"202":8},"path":"/home/justmee/dev/cour_alyra/alyra_final_project/backend/contracts/BetWaveOrganizer.sol","s":{"1":30,"2":24,"3":0,"4":0,"5":70,"6":2,"7":2,"8":29,"9":28,"10":28,"11":22,"12":46,"13":45,"14":45,"15":44,"16":21,"17":23,"18":23,"19":44,"20":9,"21":9,"22":9,"23":4,"24":4,"25":4,"26":5,"27":4,"28":4,"29":4,"30":8,"31":8,"32":8,"33":32,"34":31,"35":8},"b":{"1":[1,29],"2":[1,23],"3":[0,0],"4":[2,68],"5":[29,1],"6":[28,1],"7":[23,1],"8":[22,1],"9":[46,1],"10":[45,1],"11":[1,44],"12":[21,23],"13":[23,0],"14":[9,35],"15":[4,5],"16":[4,0],"17":[4,1],"18":[4,0],"19":[31,1]},"f":{"1":30,"2":24,"3":0,"4":70,"5":4,"6":2,"7":2,"8":29,"9":22,"10":46,"11":9,"12":8},"fnMap":{"1":{"name":"doesUserExist","line":43,"loc":{"start":{"line":43,"column":4},"end":{"line":47,"column":4}}},"2":{"name":"onlyOwner","line":49,"loc":{"start":{"line":49,"column":4},"end":{"line":52,"column":4}}},"3":{"name":"onlyValidator","line":54,"loc":{"start":{"line":54,"column":4},"end":{"line":59,"column":4}}},"4":{"name":"isCorrectStep","line":61,"loc":{"start":{"line":61,"column":4},"end":{"line":65,"column":4}}},"5":{"name":"constructor","line":67,"loc":{"start":{"line":67,"column":4},"end":{"line":69,"column":4}}},"6":{"name":"getBetValidatorsResult","line":72,"loc":{"start":{"line":72,"column":4},"end":{"line":74,"column":4}}},"7":{"name":"getvalidatorAddress","line":76,"loc":{"start":{"line":76,"column":4},"end":{"line":78,"column":4}}},"8":{"name":"deployNewBet","line":84,"loc":{"start":{"line":82,"column":4},"end":{"line":104,"column":4}}},"9":{"name":"startBetValidation","line":109,"loc":{"start":{"line":106,"column":4},"end":{"line":113,"column":4}}},"10":{"name":"setBetVote","line":116,"loc":{"start":{"line":115,"column":4},"end":{"line":136,"column":4}}},"11":{"name":"tallyVote","line":138,"loc":{"start":{"line":138,"column":4},"end":{"line":173,"column":4}}},"12":{"name":"feesOrchestrator","line":175,"loc":{"start":{"line":175,"column":4},"end":{"line":203,"column":4}}}},"statementMap":{"1":{"start":{"line":44,"column":8},"end":{"line":44,"column":986}},"2":{"start":{"line":50,"column":8},"end":{"line":50,"column":71}},"3":{"start":{"line":55,"column":8},"end":{"line":55,"column":69}},"4":{"start":{"line":56,"column":8},"end":{"line":56,"column":1340}},"5":{"start":{"line":62,"column":8},"end":{"line":62,"column":1508}},"6":{"start":{"line":73,"column":8},"end":{"line":73,"column":64}},"7":{"start":{"line":77,"column":8},"end":{"line":77,"column":54}},"8":{"start":{"line":86,"column":8},"end":{"line":86,"column":2239}},"9":{"start":{"line":90,"column":8},"end":{"line":90,"column":2417}},"10":{"start":{"line":103,"column":8},"end":{"line":103,"column":60}},"11":{"start":{"line":112,"column":8},"end":{"line":112,"column":41}},"12":{"start":{"line":117,"column":8},"end":{"line":117,"column":53}},"13":{"start":{"line":118,"column":8},"end":{"line":118,"column":68}},"14":{"start":{"line":119,"column":8},"end":{"line":119,"column":60}},"15":{"start":{"line":121,"column":8},"end":{"line":121,"column":3613}},"16":{"start":{"line":125,"column":12},"end":{"line":125,"column":62}},"17":{"start":{"line":126,"column":15},"end":{"line":126,"column":3882}},"18":{"start":{"line":130,"column":12},"end":{"line":130,"column":62}},"19":{"start":{"line":132,"column":8},"end":{"line":132,"column":4155}},"20":{"start":{"line":133,"column":12},"end":{"line":133,"column":40}},"21":{"start":{"line":134,"column":12},"end":{"line":134,"column":33}},"22":{"start":{"line":140,"column":8},"end":{"line":140,"column":4403}},"23":{"start":{"line":145,"column":12},"end":{"line":145,"column":4580}},"24":{"start":{"line":150,"column":16},"end":{"line":150,"column":61}},"25":{"start":{"line":151,"column":16},"end":{"line":151,"column":47}},"26":{"start":{"line":154,"column":15},"end":{"line":154,"column":4970}},"27":{"start":{"line":159,"column":12},"end":{"line":159,"column":5147}},"28":{"start":{"line":164,"column":16},"end":{"line":164,"column":61}},"29":{"start":{"line":165,"column":16},"end":{"line":165,"column":47}},"30":{"start":{"line":179,"column":8},"end":{"line":179,"column":5830}},"31":{"start":{"line":183,"column":8},"end":{"line":183,"column":118}},"32":{"start":{"line":184,"column":8},"end":{"line":184,"column":6111}},"33":{"start":{"line":189,"column":12},"end":{"line":189,"column":6252}},"34":{"start":{"line":194,"column":16},"end":{"line":194,"column":6455}},"35":{"start":{"line":202,"column":8},"end":{"line":202,"column":61}}},"branchMap":{"1":{"line":44,"type":"if","locations":[{"start":{"line":44,"column":8},"end":{"line":44,"column":8}},{"start":{"line":44,"column":8},"end":{"line":44,"column":8}}]},"2":{"line":50,"type":"if","locations":[{"start":{"line":50,"column":8},"end":{"line":50,"column":8}},{"start":{"line":50,"column":8},"end":{"line":50,"column":8}}]},"3":{"line":56,"type":"if","locations":[{"start":{"line":56,"column":8},"end":{"line":56,"column":8}},{"start":{"line":56,"column":8},"end":{"line":56,"column":8}}]},"4":{"line":62,"type":"if","locations":[{"start":{"line":62,"column":8},"end":{"line":62,"column":8}},{"start":{"line":62,"column":8},"end":{"line":62,"column":8}}]},"5":{"line":84,"type":"if","locations":[{"start":{"line":84,"column":4},"end":{"line":84,"column":4}},{"start":{"line":84,"column":4},"end":{"line":84,"column":4}}]},"6":{"line":86,"type":"if","locations":[{"start":{"line":86,"column":8},"end":{"line":86,"column":8}},{"start":{"line":86,"column":8},"end":{"line":86,"column":8}}]},"7":{"line":108,"type":"if","locations":[{"start":{"line":108,"column":4},"end":{"line":108,"column":4}},{"start":{"line":108,"column":4},"end":{"line":108,"column":4}}]},"8":{"line":109,"type":"if","locations":[{"start":{"line":109,"column":4},"end":{"line":109,"column":4}},{"start":{"line":109,"column":4},"end":{"line":109,"column":4}}]},"9":{"line":116,"type":"if","locations":[{"start":{"line":116,"column":4},"end":{"line":116,"column":4}},{"start":{"line":116,"column":4},"end":{"line":116,"column":4}}]},"10":{"line":117,"type":"if","locations":[{"start":{"line":117,"column":8},"end":{"line":117,"column":8}},{"start":{"line":117,"column":8},"end":{"line":117,"column":8}}]},"11":{"line":119,"type":"if","locations":[{"start":{"line":119,"column":8},"end":{"line":119,"column":8}},{"start":{"line":119,"column":8},"end":{"line":119,"column":8}}]},"12":{"line":121,"type":"if","locations":[{"start":{"line":121,"column":8},"end":{"line":121,"column":8}},{"start":{"line":121,"column":8},"end":{"line":121,"column":8}}]},"13":{"line":126,"type":"if","locations":[{"start":{"line":126,"column":15},"end":{"line":126,"column":15}},{"start":{"line":126,"column":15},"end":{"line":126,"column":15}}]},"14":{"line":132,"type":"if","locations":[{"start":{"line":132,"column":8},"end":{"line":132,"column":8}},{"start":{"line":132,"column":8},"end":{"line":132,"column":8}}]},"15":{"line":140,"type":"if","locations":[{"start":{"line":140,"column":8},"end":{"line":140,"column":8}},{"start":{"line":140,"column":8},"end":{"line":140,"column":8}}]},"16":{"line":145,"type":"if","locations":[{"start":{"line":145,"column":12},"end":{"line":145,"column":12}},{"start":{"line":145,"column":12},"end":{"line":145,"column":12}}]},"17":{"line":154,"type":"if","locations":[{"start":{"line":154,"column":15},"end":{"line":154,"column":15}},{"start":{"line":154,"column":15},"end":{"line":154,"column":15}}]},"18":{"line":159,"type":"if","locations":[{"start":{"line":159,"column":12},"end":{"line":159,"column":12}},{"start":{"line":159,"column":12},"end":{"line":159,"column":12}}]},"19":{"line":189,"type":"if","locations":[{"start":{"line":189,"column":12},"end":{"line":189,"column":12}},{"start":{"line":189,"column":12},"end":{"line":189,"column":12}}]}}},
"contracts/SimpleBet.sol":{"l":{"64":29,"65":29,"66":29,"67":29,"68":29,"69":29,"70":29,"74":25,"75":25,"79":48,"80":48,"84":46,"85":45,"89":24,"90":1,"91":23,"95":8,"96":8,"100":64,"101":63,"105":23,"106":1,"107":22,"121":22,"122":21,"123":21,"124":21,"125":21,"126":21,"127":21,"128":21,"134":8,"145":8,"146":8,"147":8,"149":8,"150":8,"151":8,"160":8,"169":31,"173":8,"174":8,"180":0,"181":0,"182":0,"183":0,"186":0,"187":0,"188":0,"192":8,"198":21,"199":21,"203":21,"204":21,"205":21,"209":68,"212":68,"216":21,"220":0},"path":"/home/justmee/dev/cour_alyra/alyra_final_project/backend/contracts/SimpleBet.sol","s":{"1":25,"2":48,"3":46,"4":24,"5":8,"6":64,"7":23,"8":22,"9":21,"10":21,"11":21,"12":21,"13":8,"14":8,"15":8,"16":8,"17":8,"18":8,"19":8,"20":31,"21":8,"22":0,"23":0,"24":0,"25":0,"26":0,"27":68,"28":68,"29":0},"b":{"1":[0,25],"2":[0,48],"3":[1,45],"4":[1,23],"5":[0,8],"6":[1,63],"7":[1,22],"8":[25,0],"9":[25,0],"10":[24,1],"11":[23,1],"12":[22,1],"13":[21,1],"14":[8,0],"15":[9,0],"16":[9,0],"17":[8,1],"18":[8,0],"19":[8,0],"20":[8,0],"21":[31,0],"22":[31,0],"23":[31,0],"24":[8,0],"25":[0,0],"26":[0,0],"27":[0,0],"28":[0,0],"29":[0,0],"30":[8,0],"31":[68,0],"32":[21,0],"33":[0,0]},"f":{"1":29,"2":25,"3":48,"4":46,"5":24,"6":8,"7":64,"8":23,"9":22,"10":8,"11":8,"12":8,"13":31,"14":8,"15":0,"16":8,"17":21,"18":21,"19":68,"20":0},"fnMap":{"1":{"name":"constructor","line":57,"loc":{"start":{"line":57,"column":4},"end":{"line":71,"column":4}}},"2":{"name":"hasAmountBettor","line":73,"loc":{"start":{"line":73,"column":4},"end":{"line":76,"column":4}}},"3":{"name":"hasAmountContract","line":78,"loc":{"start":{"line":78,"column":4},"end":{"line":81,"column":4}}},"4":{"name":"hasMinimumAmount","line":83,"loc":{"start":{"line":83,"column":4},"end":{"line":86,"column":4}}},"5":{"name":"hasAlreadyBet","line":88,"loc":{"start":{"line":88,"column":4},"end":{"line":92,"column":4}}},"6":{"name":"hasAllFeesBeenPaid","line":94,"loc":{"start":{"line":94,"column":4},"end":{"line":97,"column":4}}},"7":{"name":"isAuthorized","line":99,"loc":{"start":{"line":99,"column":4},"end":{"line":102,"column":4}}},"8":{"name":"isRegistered","line":104,"loc":{"start":{"line":104,"column":4},"end":{"line":108,"column":4}}},"9":{"name":"setBet","line":117,"loc":{"start":{"line":110,"column":4},"end":{"line":129,"column":4}}},"10":{"name":"setWinnerId","line":133,"loc":{"start":{"line":131,"column":4},"end":{"line":135,"column":4}}},"11":{"name":"sendPlatfromAndCreatorFees","line":144,"loc":{"start":{"line":137,"column":4},"end":{"line":152,"column":4}}},"12":{"name":"calculateValidatorReward","line":158,"loc":{"start":{"line":154,"column":4},"end":{"line":161,"column":4}}},"13":{"name":"sendValidatorFees","line":167,"loc":{"start":{"line":163,"column":4},"end":{"line":170,"column":4}}},"14":{"name":"setFeesBooleanToTrue","line":172,"loc":{"start":{"line":172,"column":4},"end":{"line":175,"column":4}}},"15":{"name":"redeemToBettor","line":179,"loc":{"start":{"line":177,"column":4},"end":{"line":189,"column":4}}},"16":{"name":"winningCoefficientCalculator","line":191,"loc":{"start":{"line":191,"column":4},"end":{"line":195,"column":4}}},"17":{"name":"oddCalculator","line":197,"loc":{"start":{"line":197,"column":4},"end":{"line":200,"column":4}}},"18":{"name":"updateBettor","line":202,"loc":{"start":{"line":202,"column":4},"end":{"line":206,"column":4}}},"19":{"name":"sendEther","line":208,"loc":{"start":{"line":208,"column":4},"end":{"line":213,"column":4}}},"20":{"name":null,"line":219,"loc":{"start":{"line":219,"column":4},"end":{"line":221,"column":4}}}},"statementMap":{"1":{"start":{"line":74,"column":8},"end":{"line":74,"column":72}},"2":{"start":{"line":79,"column":8},"end":{"line":79,"column":68}},"3":{"start":{"line":84,"column":8},"end":{"line":84,"column":59}},"4":{"start":{"line":89,"column":8},"end":{"line":89,"column":2414}},"5":{"start":{"line":95,"column":8},"end":{"line":95,"column":50}},"6":{"start":{"line":100,"column":8},"end":{"line":100,"column":73}},"7":{"start":{"line":105,"column":8},"end":{"line":105,"column":2804}},"8":{"start":{"line":121,"column":8},"end":{"line":121,"column":53}},"9":{"start":{"line":122,"column":8},"end":{"line":122,"column":42}},"10":{"start":{"line":126,"column":8},"end":{"line":126,"column":22}},"11":{"start":{"line":127,"column":8},"end":{"line":127,"column":27}},"12":{"start":{"line":128,"column":8},"end":{"line":128,"column":172}},"13":{"start":{"line":145,"column":8},"end":{"line":145,"column":52}},"14":{"start":{"line":146,"column":8},"end":{"line":146,"column":63}},"15":{"start":{"line":147,"column":8},"end":{"line":147,"column":4123}},"16":{"start":{"line":149,"column":8},"end":{"line":149,"column":76}},"17":{"start":{"line":150,"column":8},"end":{"line":150,"column":61}},"18":{"start":{"line":151,"column":8},"end":{"line":151,"column":52}},"19":{"start":{"line":160,"column":8},"end":{"line":160,"column":53}},"20":{"start":{"line":169,"column":8},"end":{"line":169,"column":53}},"21":{"start":{"line":174,"column":8},"end":{"line":174,"column":37}},"22":{"start":{"line":180,"column":8},"end":{"line":180,"column":87}},"23":{"start":{"line":181,"column":8},"end":{"line":181,"column":57}},"24":{"start":{"line":182,"column":8},"end":{"line":182,"column":64}},"25":{"start":{"line":186,"column":8},"end":{"line":186,"column":61}},"26":{"start":{"line":188,"column":8},"end":{"line":188,"column":42}},"27":{"start":{"line":209,"column":8},"end":{"line":209,"column":6293}},"28":{"start":{"line":212,"column":8},"end":{"line":212,"column":44}},"29":{"start":{"line":220,"column":8},"end":{"line":220,"column":59}}},"branchMap":{"1":{"line":74,"type":"if","locations":[{"start":{"line":74,"column":8},"end":{"line":74,"column":8}},{"start":{"line":74,"column":8},"end":{"line":74,"column":8}}]},"2":{"line":79,"type":"if","locations":[{"start":{"line":79,"column":8},"end":{"line":79,"column":8}},{"start":{"line":79,"column":8},"end":{"line":79,"column":8}}]},"3":{"line":84,"type":"if","locations":[{"start":{"line":84,"column":8},"end":{"line":84,"column":8}},{"start":{"line":84,"column":8},"end":{"line":84,"column":8}}]},"4":{"line":89,"type":"if","locations":[{"start":{"line":89,"column":8},"end":{"line":89,"column":8}},{"start":{"line":89,"column":8},"end":{"line":89,"column":8}}]},"5":{"line":95,"type":"if","locations":[{"start":{"line":95,"column":8},"end":{"line":95,"column":8}},{"start":{"line":95,"column":8},"end":{"line":95,"column":8}}]},"6":{"line":100,"type":"if","locations":[{"start":{"line":100,"column":8},"end":{"line":100,"column":8}},{"start":{"line":100,"column":8},"end":{"line":100,"column":8}}]},"7":{"line":105,"type":"if","locations":[{"start":{"line":105,"column":8},"end":{"line":105,"column":8}},{"start":{"line":105,"column":8},"end":{"line":105,"column":8}}]},"8":{"line":113,"type":"if","locations":[{"start":{"line":113,"column":4},"end":{"line":113,"column":4}},{"start":{"line":113,"column":4},"end":{"line":113,"column":4}}]},"9":{"line":114,"type":"if","locations":[{"start":{"line":114,"column":4},"end":{"line":114,"column":4}},{"start":{"line":114,"column":4},"end":{"line":114,"column":4}}]},"10":{"line":115,"type":"if","locations":[{"start":{"line":115,"column":4},"end":{"line":115,"column":4}},{"start":{"line":115,"column":4},"end":{"line":115,"column":4}}]},"11":{"line":116,"type":"if","locations":[{"start":{"line":116,"column":4},"end":{"line":116,"column":4}},{"start":{"line":116,"column":4},"end":{"line":116,"column":4}}]},"12":{"line":117,"type":"if","locations":[{"start":{"line":117,"column":4},"end":{"line":117,"column":4}},{"start":{"line":117,"column":4},"end":{"line":117,"column":4}}]},"13":{"line":121,"type":"if","locations":[{"start":{"line":121,"column":8},"end":{"line":121,"column":8}},{"start":{"line":121,"column":8},"end":{"line":121,"column":8}}]},"14":{"line":133,"type":"if","locations":[{"start":{"line":133,"column":13},"end":{"line":133,"column":13}},{"start":{"line":133,"column":13},"end":{"line":133,"column":13}}]},"15":{"line":142,"type":"if","locations":[{"start":{"line":142,"column":4},"end":{"line":142,"column":4}},{"start":{"line":142,"column":4},"end":{"line":142,"column":4}}]},"16":{"line":143,"type":"if","locations":[{"start":{"line":143,"column":4},"end":{"line":143,"column":4}},{"start":{"line":143,"column":4},"end":{"line":143,"column":4}}]},"17":{"line":144,"type":"if","locations":[{"start":{"line":144,"column":4},"end":{"line":144,"column":4}},{"start":{"line":144,"column":4},"end":{"line":144,"column":4}}]},"18":{"line":145,"type":"if","locations":[{"start":{"line":145,"column":8},"end":{"line":145,"column":8}},{"start":{"line":145,"column":8},"end":{"line":145,"column":8}}]},"19":{"line":157,"type":"if","locations":[{"start":{"line":157,"column":4},"end":{"line":157,"column":4}},{"start":{"line":157,"column":4},"end":{"line":157,"column":4}}]},"20":{"line":158,"type":"if","locations":[{"start":{"line":158,"column":4},"end":{"line":158,"column":4}},{"start":{"line":158,"column":4},"end":{"line":158,"column":4}}]},"21":{"line":165,"type":"if","locations":[{"start":{"line":165,"column":4},"end":{"line":165,"column":4}},{"start":{"line":165,"column":4},"end":{"line":165,"column":4}}]},"22":{"line":166,"type":"if","locations":[{"start":{"line":166,"column":4},"end":{"line":166,"column":4}},{"start":{"line":166,"column":4},"end":{"line":166,"column":4}}]},"23":{"line":167,"type":"if","locations":[{"start":{"line":167,"column":4},"end":{"line":167,"column":4}},{"start":{"line":167,"column":4},"end":{"line":167,"column":4}}]},"24":{"line":172,"type":"if","locations":[{"start":{"line":172,"column":43},"end":{"line":172,"column":43}},{"start":{"line":172,"column":43},"end":{"line":172,"column":43}}]},"25":{"line":178,"type":"if","locations":[{"start":{"line":178,"column":4},"end":{"line":178,"column":4}},{"start":{"line":178,"column":4},"end":{"line":178,"column":4}}]},"26":{"line":179,"type":"if","locations":[{"start":{"line":179,"column":4},"end":{"line":179,"column":4}},{"start":{"line":179,"column":4},"end":{"line":179,"column":4}}]},"27":{"line":180,"type":"if","locations":[{"start":{"line":180,"column":8},"end":{"line":180,"column":8}},{"start":{"line":180,"column":8},"end":{"line":180,"column":8}}]},"28":{"line":181,"type":"if","locations":[{"start":{"line":181,"column":8},"end":{"line":181,"column":8}},{"start":{"line":181,"column":8},"end":{"line":181,"column":8}}]},"29":{"line":182,"type":"if","locations":[{"start":{"line":182,"column":8},"end":{"line":182,"column":8}},{"start":{"line":182,"column":8},"end":{"line":182,"column":8}}]},"30":{"line":191,"type":"if","locations":[{"start":{"line":191,"column":53},"end":{"line":191,"column":53}},{"start":{"line":191,"column":53},"end":{"line":191,"column":53}}]},"31":{"line":212,"type":"if","locations":[{"start":{"line":212,"column":8},"end":{"line":212,"column":8}},{"start":{"line":212,"column":8},"end":{"line":212,"column":8}}]},"32":{"line":216,"type":"if","locations":[{"start":{"line":216,"column":8},"end":{"line":216,"column":8}},{"start":{"line":216,"column":8},"end":{"line":216,"column":8}}]},"33":{"line":220,"type":"if","locations":[{"start":{"line":220,"column":8},"end":{"line":220,"column":8}},{"start":{"line":220,"column":8},"end":{"line":220,"column":8}}]}}}}
