{
"contracts/BetWaveDAO.sol":{"l":{"56":0,"57":0,"58":0,"62":4,"63":0,"64":4,"68":4,"69":0,"70":4,"75":0,"80":6,"81":6,"82":6,"83":6,"87":4,"88":4,"92":4,"93":4,"94":4,"101":0,"102":0,"106":0,"107":0,"108":0,"110":0,"112":0,"113":0,"114":0,"122":0,"127":0,"128":0,"130":0,"132":0,"134":0,"136":0,"138":0,"143":0,"147":0,"148":0,"149":0,"150":0,"154":4,"157":4,"161":4,"165":0},"path":"/home/justmee/dev/cour_alyra/alyra_final_project/contracts/BetWaveDAO.sol","s":{"1":0,"2":4,"3":4,"4":0,"5":6,"6":6,"7":4,"8":4,"9":4,"10":0,"11":0,"12":0,"13":0,"14":0,"15":0,"16":0,"17":0,"18":0,"19":0,"20":0,"21":0,"22":0,"23":0,"24":0,"25":0,"26":4,"27":4},"b":{"1":[0,0],"2":[0,4],"3":[0,4],"4":[6,0],"5":[4,0],"6":[4,0],"7":[4,0],"8":[4,0],"9":[0,0],"10":[0,0],"11":[0,0],"12":[0,0],"13":[0,0],"14":[0,0],"15":[0,0],"16":[0,0],"17":[0,0],"18":[0,0],"19":[0,0],"20":[0,0],"21":[0,0],"22":[0,0],"23":[0,0],"24":[4,0],"25":[4,0]},"f":{"1":0,"2":4,"3":4,"4":0,"5":6,"6":4,"7":0,"8":0,"9":0,"10":0,"11":4,"12":0},"fnMap":{"1":{"name":"onlyValidator","line":55,"loc":{"start":{"line":55,"column":4},"end":{"line":59,"column":4}}},"2":{"name":"doesUserExist","line":61,"loc":{"start":{"line":61,"column":4},"end":{"line":65,"column":4}}},"3":{"name":"hasBalance","line":67,"loc":{"start":{"line":67,"column":4},"end":{"line":71,"column":4}}},"4":{"name":"getDaoVoteHasVoted","line":74,"loc":{"start":{"line":74,"column":4},"end":{"line":76,"column":4}}},"5":{"name":"addUser","line":79,"loc":{"start":{"line":79,"column":4},"end":{"line":84,"column":4}}},"6":{"name":"addValidators","line":86,"loc":{"start":{"line":86,"column":4},"end":{"line":95,"column":4}}},"7":{"name":"askDAOVote","line":99,"loc":{"start":{"line":97,"column":4},"end":{"line":103,"column":4}}},"8":{"name":"setDaoVote","line":105,"loc":{"start":{"line":105,"column":4},"end":{"line":124,"column":4}}},"9":{"name":"switchVoteType","line":126,"loc":{"start":{"line":126,"column":4},"end":{"line":140,"column":4}}},"10":{"name":"withdrawFromValidators","line":142,"loc":{"start":{"line":142,"column":4},"end":{"line":151,"column":4}}},"11":{"name":"sendEther","line":153,"loc":{"start":{"line":153,"column":4},"end":{"line":158,"column":4}}},"12":{"name":null,"line":164,"loc":{"start":{"line":164,"column":4},"end":{"line":166,"column":4}}}},"statementMap":{"1":{"start":{"line":56,"column":8},"end":{"line":56,"column":1410}},"2":{"start":{"line":62,"column":8},"end":{"line":62,"column":1563}},"3":{"start":{"line":68,"column":8},"end":{"line":68,"column":1712}},"4":{"start":{"line":75,"column":8},"end":{"line":75,"column":52}},"5":{"start":{"line":80,"column":8},"end":{"line":80,"column":63}},"6":{"start":{"line":83,"column":8},"end":{"line":83,"column":48}},"7":{"start":{"line":87,"column":8},"end":{"line":87,"column":50}},"8":{"start":{"line":88,"column":8},"end":{"line":88,"column":2360}},"9":{"start":{"line":92,"column":8},"end":{"line":92,"column":42}},"10":{"start":{"line":106,"column":8},"end":{"line":106,"column":79}},"11":{"start":{"line":107,"column":8},"end":{"line":107,"column":3024}},"12":{"start":{"line":109,"column":15},"end":{"line":109,"column":3101}},"13":{"start":{"line":113,"column":8},"end":{"line":113,"column":3241}},"14":{"start":{"line":114,"column":12},"end":{"line":114,"column":3331}},"15":{"start":{"line":118,"column":15},"end":{"line":118,"column":3462}},"16":{"start":{"line":122,"column":12},"end":{"line":122,"column":34}},"17":{"start":{"line":127,"column":8},"end":{"line":127,"column":3721}},"18":{"start":{"line":129,"column":15},"end":{"line":129,"column":3817}},"19":{"start":{"line":131,"column":15},"end":{"line":131,"column":3912}},"20":{"start":{"line":133,"column":15},"end":{"line":133,"column":4003}},"21":{"start":{"line":135,"column":15},"end":{"line":135,"column":4094}},"22":{"start":{"line":137,"column":15},"end":{"line":137,"column":4213}},"23":{"start":{"line":143,"column":8},"end":{"line":143,"column":4407}},"24":{"start":{"line":147,"column":8},"end":{"line":147,"column":29}},"25":{"start":{"line":148,"column":8},"end":{"line":148,"column":36}},"26":{"start":{"line":154,"column":8},"end":{"line":154,"column":4771}},"27":{"start":{"line":157,"column":8},"end":{"line":157,"column":44}}},"branchMap":{"1":{"line":56,"type":"if","locations":[{"start":{"line":56,"column":8},"end":{"line":56,"column":8}},{"start":{"line":56,"column":8},"end":{"line":56,"column":8}}]},"2":{"line":62,"type":"if","locations":[{"start":{"line":62,"column":8},"end":{"line":62,"column":8}},{"start":{"line":62,"column":8},"end":{"line":62,"column":8}}]},"3":{"line":68,"type":"if","locations":[{"start":{"line":68,"column":8},"end":{"line":68,"column":8}},{"start":{"line":68,"column":8},"end":{"line":68,"column":8}}]},"4":{"line":80,"type":"if","locations":[{"start":{"line":80,"column":8},"end":{"line":80,"column":8}},{"start":{"line":80,"column":8},"end":{"line":80,"column":8}}]},"5":{"line":86,"type":"if","locations":[{"start":{"line":86,"column":44},"end":{"line":86,"column":44}},{"start":{"line":86,"column":44},"end":{"line":86,"column":44}}]},"6":{"line":86,"type":"if","locations":[{"start":{"line":86,"column":58},"end":{"line":86,"column":58}},{"start":{"line":86,"column":58},"end":{"line":86,"column":58}}]},"7":{"line":87,"type":"if","locations":[{"start":{"line":87,"column":8},"end":{"line":87,"column":8}},{"start":{"line":87,"column":8},"end":{"line":87,"column":8}}]},"8":{"line":88,"type":"if","locations":[{"start":{"line":88,"column":8},"end":{"line":88,"column":8}},{"start":{"line":88,"column":8},"end":{"line":88,"column":8}}]},"9":{"line":99,"type":"if","locations":[{"start":{"line":99,"column":4},"end":{"line":99,"column":4}},{"start":{"line":99,"column":4},"end":{"line":99,"column":4}}]},"10":{"line":105,"type":"if","locations":[{"start":{"line":105,"column":61},"end":{"line":105,"column":61}},{"start":{"line":105,"column":61},"end":{"line":105,"column":61}}]},"11":{"line":106,"type":"if","locations":[{"start":{"line":106,"column":8},"end":{"line":106,"column":8}},{"start":{"line":106,"column":8},"end":{"line":106,"column":8}}]},"12":{"line":107,"type":"if","locations":[{"start":{"line":107,"column":8},"end":{"line":107,"column":8}},{"start":{"line":107,"column":8},"end":{"line":107,"column":8}}]},"13":{"line":109,"type":"if","locations":[{"start":{"line":109,"column":15},"end":{"line":109,"column":15}},{"start":{"line":109,"column":15},"end":{"line":109,"column":15}}]},"14":{"line":113,"type":"if","locations":[{"start":{"line":113,"column":8},"end":{"line":113,"column":8}},{"start":{"line":113,"column":8},"end":{"line":113,"column":8}}]},"15":{"line":118,"type":"if","locations":[{"start":{"line":118,"column":15},"end":{"line":118,"column":15}},{"start":{"line":118,"column":15},"end":{"line":118,"column":15}}]},"16":{"line":127,"type":"if","locations":[{"start":{"line":127,"column":8},"end":{"line":127,"column":8}},{"start":{"line":127,"column":8},"end":{"line":127,"column":8}}]},"17":{"line":129,"type":"if","locations":[{"start":{"line":129,"column":15},"end":{"line":129,"column":15}},{"start":{"line":129,"column":15},"end":{"line":129,"column":15}}]},"18":{"line":131,"type":"if","locations":[{"start":{"line":131,"column":15},"end":{"line":131,"column":15}},{"start":{"line":131,"column":15},"end":{"line":131,"column":15}}]},"19":{"line":133,"type":"if","locations":[{"start":{"line":133,"column":15},"end":{"line":133,"column":15}},{"start":{"line":133,"column":15},"end":{"line":133,"column":15}}]},"20":{"line":135,"type":"if","locations":[{"start":{"line":135,"column":15},"end":{"line":135,"column":15}},{"start":{"line":135,"column":15},"end":{"line":135,"column":15}}]},"21":{"line":137,"type":"if","locations":[{"start":{"line":137,"column":15},"end":{"line":137,"column":15}},{"start":{"line":137,"column":15},"end":{"line":137,"column":15}}]},"22":{"line":142,"type":"if","locations":[{"start":{"line":142,"column":53},"end":{"line":142,"column":53}},{"start":{"line":142,"column":53},"end":{"line":142,"column":53}}]},"23":{"line":143,"type":"if","locations":[{"start":{"line":143,"column":8},"end":{"line":143,"column":8}},{"start":{"line":143,"column":8},"end":{"line":143,"column":8}}]},"24":{"line":157,"type":"if","locations":[{"start":{"line":157,"column":8},"end":{"line":157,"column":8}},{"start":{"line":157,"column":8},"end":{"line":157,"column":8}}]},"25":{"line":161,"type":"if","locations":[{"start":{"line":161,"column":8},"end":{"line":161,"column":8}},{"start":{"line":161,"column":8},"end":{"line":161,"column":8}}]}}},
"contracts/BetWaveOrganizer.sol":{"l":{"49":27,"50":1,"51":26,"55":20,"56":18,"60":0,"61":0,"62":0,"63":0,"67":41,"68":3,"69":38,"73":3,"78":2,"82":2,"91":26,"95":25,"101":25,"102":25,"103":25,"104":25,"105":25,"113":16,"114":16,"119":22,"120":21,"121":21,"123":20,"124":4,"125":4,"126":4,"127":4,"129":16,"130":16,"131":16,"132":16,"134":20,"135":3,"136":3,"142":0,"143":0,"148":0,"153":0,"160":0,"165":0,"174":0,"178":0,"180":0,"185":0,"190":0,"199":0,"203":0,"206":0,"210":0,"214":0},"path":"/home/justmee/dev/cour_alyra/alyra_final_project/contracts/BetWaveOrganizer.sol","s":{"1":27,"2":20,"3":0,"4":0,"5":41,"6":2,"7":2,"8":26,"9":25,"10":25,"11":16,"12":22,"13":21,"14":21,"15":20,"16":4,"17":16,"18":16,"19":20,"20":3,"21":0,"22":0,"23":0,"24":0,"25":0,"26":0,"27":0,"28":0,"29":0,"30":0,"31":0,"32":0,"33":0,"34":0,"35":0},"b":{"1":[1,26],"2":[2,18],"3":[0,0],"4":[3,38],"5":[26,1],"6":[25,1],"7":[17,1],"8":[16,1],"9":[22,1],"10":[21,1],"11":[1,20],"12":[4,16],"13":[16,0],"14":[3,17],"15":[1,1],"16":[0,1],"17":[0,0],"18":[0,0],"19":[0,0],"20":[0,0],"21":[0,0],"22":[0,0],"23":[0,0]},"f":{"1":27,"2":20,"3":0,"4":41,"5":3,"6":2,"7":2,"8":26,"9":16,"10":22,"11":0,"12":0,"13":0,"14":0},"fnMap":{"1":{"name":"doesUserExist","line":48,"loc":{"start":{"line":48,"column":4},"end":{"line":52,"column":4}}},"2":{"name":"onlyOwner","line":54,"loc":{"start":{"line":54,"column":4},"end":{"line":57,"column":4}}},"3":{"name":"onlyValidator","line":59,"loc":{"start":{"line":59,"column":4},"end":{"line":64,"column":4}}},"4":{"name":"isCorrectStep","line":66,"loc":{"start":{"line":66,"column":4},"end":{"line":70,"column":4}}},"5":{"name":"constructor","line":72,"loc":{"start":{"line":72,"column":4},"end":{"line":74,"column":4}}},"6":{"name":"getBetValidatorsResult","line":77,"loc":{"start":{"line":77,"column":4},"end":{"line":79,"column":4}}},"7":{"name":"getvalidatorAddress","line":81,"loc":{"start":{"line":81,"column":4},"end":{"line":83,"column":4}}},"8":{"name":"deployNewBet","line":89,"loc":{"start":{"line":87,"column":4},"end":{"line":106,"column":4}}},"9":{"name":"startBetValidation","line":111,"loc":{"start":{"line":108,"column":4},"end":{"line":115,"column":4}}},"10":{"name":"setBetVote","line":118,"loc":{"start":{"line":117,"column":4},"end":{"line":138,"column":4}}},"11":{"name":"tallyVote","line":141,"loc":{"start":{"line":140,"column":4},"end":{"line":168,"column":4}}},"12":{"name":"feesOrchestrator","line":170,"loc":{"start":{"line":170,"column":4},"end":{"line":200,"column":4}}},"13":{"name":"sendEther","line":202,"loc":{"start":{"line":202,"column":4},"end":{"line":207,"column":4}}},"14":{"name":null,"line":213,"loc":{"start":{"line":213,"column":4},"end":{"line":215,"column":4}}}},"statementMap":{"1":{"start":{"line":49,"column":8},"end":{"line":49,"column":1210}},"2":{"start":{"line":55,"column":8},"end":{"line":55,"column":71}},"3":{"start":{"line":60,"column":8},"end":{"line":60,"column":70}},"4":{"start":{"line":61,"column":8},"end":{"line":61,"column":1565}},"5":{"start":{"line":67,"column":8},"end":{"line":67,"column":1732}},"6":{"start":{"line":78,"column":8},"end":{"line":78,"column":65}},"7":{"start":{"line":82,"column":8},"end":{"line":82,"column":54}},"8":{"start":{"line":91,"column":8},"end":{"line":91,"column":2441}},"9":{"start":{"line":95,"column":8},"end":{"line":95,"column":2619}},"10":{"start":{"line":105,"column":8},"end":{"line":105,"column":60}},"11":{"start":{"line":114,"column":8},"end":{"line":114,"column":41}},"12":{"start":{"line":119,"column":8},"end":{"line":119,"column":53}},"13":{"start":{"line":120,"column":8},"end":{"line":120,"column":68}},"14":{"start":{"line":121,"column":8},"end":{"line":121,"column":59}},"15":{"start":{"line":123,"column":8},"end":{"line":123,"column":3682}},"16":{"start":{"line":127,"column":12},"end":{"line":127,"column":62}},"17":{"start":{"line":128,"column":15},"end":{"line":128,"column":3951}},"18":{"start":{"line":132,"column":12},"end":{"line":132,"column":62}},"19":{"start":{"line":134,"column":8},"end":{"line":134,"column":4224}},"20":{"start":{"line":136,"column":12},"end":{"line":136,"column":40}},"21":{"start":{"line":142,"column":8},"end":{"line":142,"column":24}},"22":{"start":{"line":143,"column":8},"end":{"line":143,"column":4622}},"23":{"start":{"line":148,"column":12},"end":{"line":148,"column":4775}},"24":{"start":{"line":153,"column":16},"end":{"line":153,"column":47}},"25":{"start":{"line":155,"column":15},"end":{"line":155,"column":5053}},"26":{"start":{"line":160,"column":12},"end":{"line":160,"column":5206}},"27":{"start":{"line":165,"column":16},"end":{"line":165,"column":47}},"28":{"start":{"line":174,"column":8},"end":{"line":174,"column":5621}},"29":{"start":{"line":178,"column":8},"end":{"line":178,"column":5833}},"30":{"start":{"line":180,"column":8},"end":{"line":180,"column":5911}},"31":{"start":{"line":185,"column":12},"end":{"line":185,"column":6052}},"32":{"start":{"line":190,"column":16},"end":{"line":190,"column":6255}},"33":{"start":{"line":199,"column":8},"end":{"line":199,"column":61}},"34":{"start":{"line":203,"column":8},"end":{"line":203,"column":6705}},"35":{"start":{"line":206,"column":8},"end":{"line":206,"column":44}}},"branchMap":{"1":{"line":49,"type":"if","locations":[{"start":{"line":49,"column":8},"end":{"line":49,"column":8}},{"start":{"line":49,"column":8},"end":{"line":49,"column":8}}]},"2":{"line":55,"type":"if","locations":[{"start":{"line":55,"column":8},"end":{"line":55,"column":8}},{"start":{"line":55,"column":8},"end":{"line":55,"column":8}}]},"3":{"line":61,"type":"if","locations":[{"start":{"line":61,"column":8},"end":{"line":61,"column":8}},{"start":{"line":61,"column":8},"end":{"line":61,"column":8}}]},"4":{"line":67,"type":"if","locations":[{"start":{"line":67,"column":8},"end":{"line":67,"column":8}},{"start":{"line":67,"column":8},"end":{"line":67,"column":8}}]},"5":{"line":89,"type":"if","locations":[{"start":{"line":89,"column":4},"end":{"line":89,"column":4}},{"start":{"line":89,"column":4},"end":{"line":89,"column":4}}]},"6":{"line":91,"type":"if","locations":[{"start":{"line":91,"column":8},"end":{"line":91,"column":8}},{"start":{"line":91,"column":8},"end":{"line":91,"column":8}}]},"7":{"line":110,"type":"if","locations":[{"start":{"line":110,"column":4},"end":{"line":110,"column":4}},{"start":{"line":110,"column":4},"end":{"line":110,"column":4}}]},"8":{"line":111,"type":"if","locations":[{"start":{"line":111,"column":4},"end":{"line":111,"column":4}},{"start":{"line":111,"column":4},"end":{"line":111,"column":4}}]},"9":{"line":118,"type":"if","locations":[{"start":{"line":118,"column":4},"end":{"line":118,"column":4}},{"start":{"line":118,"column":4},"end":{"line":118,"column":4}}]},"10":{"line":119,"type":"if","locations":[{"start":{"line":119,"column":8},"end":{"line":119,"column":8}},{"start":{"line":119,"column":8},"end":{"line":119,"column":8}}]},"11":{"line":121,"type":"if","locations":[{"start":{"line":121,"column":8},"end":{"line":121,"column":8}},{"start":{"line":121,"column":8},"end":{"line":121,"column":8}}]},"12":{"line":123,"type":"if","locations":[{"start":{"line":123,"column":8},"end":{"line":123,"column":8}},{"start":{"line":123,"column":8},"end":{"line":123,"column":8}}]},"13":{"line":128,"type":"if","locations":[{"start":{"line":128,"column":15},"end":{"line":128,"column":15}},{"start":{"line":128,"column":15},"end":{"line":128,"column":15}}]},"14":{"line":134,"type":"if","locations":[{"start":{"line":134,"column":8},"end":{"line":134,"column":8}},{"start":{"line":134,"column":8},"end":{"line":134,"column":8}}]},"15":{"line":140,"type":"if","locations":[{"start":{"line":140,"column":53},"end":{"line":140,"column":53}},{"start":{"line":140,"column":53},"end":{"line":140,"column":53}}]},"16":{"line":141,"type":"if","locations":[{"start":{"line":141,"column":4},"end":{"line":141,"column":4}},{"start":{"line":141,"column":4},"end":{"line":141,"column":4}}]},"17":{"line":143,"type":"if","locations":[{"start":{"line":143,"column":8},"end":{"line":143,"column":8}},{"start":{"line":143,"column":8},"end":{"line":143,"column":8}}]},"18":{"line":148,"type":"if","locations":[{"start":{"line":148,"column":12},"end":{"line":148,"column":12}},{"start":{"line":148,"column":12},"end":{"line":148,"column":12}}]},"19":{"line":155,"type":"if","locations":[{"start":{"line":155,"column":15},"end":{"line":155,"column":15}},{"start":{"line":155,"column":15},"end":{"line":155,"column":15}}]},"20":{"line":160,"type":"if","locations":[{"start":{"line":160,"column":12},"end":{"line":160,"column":12}},{"start":{"line":160,"column":12},"end":{"line":160,"column":12}}]},"21":{"line":185,"type":"if","locations":[{"start":{"line":185,"column":12},"end":{"line":185,"column":12}},{"start":{"line":185,"column":12},"end":{"line":185,"column":12}}]},"22":{"line":206,"type":"if","locations":[{"start":{"line":206,"column":8},"end":{"line":206,"column":8}},{"start":{"line":206,"column":8},"end":{"line":206,"column":8}}]},"23":{"line":210,"type":"if","locations":[{"start":{"line":210,"column":8},"end":{"line":210,"column":8}},{"start":{"line":210,"column":8},"end":{"line":210,"column":8}}]}}},
"contracts/SimpleBet.sol":{"l":{"72":25,"73":25,"76":25,"77":25,"78":25,"79":25,"83":0,"84":0,"88":0,"89":0,"93":0,"94":0,"98":0,"99":0,"100":0,"104":0,"105":0,"109":0,"110":0,"115":0,"116":0,"117":0,"121":0,"122":0,"135":0,"136":0,"137":0,"138":0,"139":0,"140":0,"143":0,"144":0,"150":0,"157":0,"158":0,"159":0,"161":0,"162":0,"163":0,"172":0,"180":0,"184":0,"185":0,"190":0,"191":0,"192":0,"195":0,"199":0,"205":0,"206":0,"210":0,"211":0,"212":0,"216":0,"219":0,"224":0,"230":0,"234":0},"path":"/home/justmee/dev/cour_alyra/alyra_final_project/contracts/SimpleBet.sol","s":{"1":0,"2":0,"3":0,"4":0,"5":0,"6":0,"7":0,"8":0,"9":0,"10":0,"11":0,"12":0,"13":0,"14":0,"15":0,"16":0,"17":0,"18":0,"19":0,"20":0,"21":0,"22":0,"23":0,"24":0,"25":0,"26":0,"27":0,"28":0},"b":{"1":[0,0],"2":[0,0],"3":[0,0],"4":[0,0],"5":[0,0],"6":[0,0],"7":[0,0],"8":[0,0],"9":[0,0],"10":[0,0],"11":[0,0],"12":[0,0],"13":[0,0],"14":[0,0],"15":[0,0],"16":[0,0],"17":[0,0],"18":[0,0],"19":[0,0],"20":[0,0],"21":[0,0],"22":[0,0],"23":[0,0],"24":[0,0],"25":[0,0],"26":[0,0],"27":[0,0]},"f":{"1":25,"2":0,"3":0,"4":0,"5":0,"6":0,"7":0,"8":0,"9":0,"10":0,"11":0,"12":0,"13":0,"14":0,"15":0,"16":0,"17":0,"18":0,"19":0,"20":0,"21":0,"22":0},"fnMap":{"1":{"name":"constructor","line":62,"loc":{"start":{"line":62,"column":4},"end":{"line":80,"column":4}}},"2":{"name":"hasAmountBettor","line":82,"loc":{"start":{"line":82,"column":4},"end":{"line":85,"column":4}}},"3":{"name":"hasAmountContract","line":87,"loc":{"start":{"line":87,"column":4},"end":{"line":90,"column":4}}},"4":{"name":"hasMinimumAmount","line":92,"loc":{"start":{"line":92,"column":4},"end":{"line":95,"column":4}}},"5":{"name":"hasAlreadyBet","line":97,"loc":{"start":{"line":97,"column":4},"end":{"line":101,"column":4}}},"6":{"name":"hasAllFeesBeenPaid","line":103,"loc":{"start":{"line":103,"column":4},"end":{"line":106,"column":4}}},"7":{"name":"isAuthorized","line":108,"loc":{"start":{"line":108,"column":4},"end":{"line":111,"column":4}}},"8":{"name":"hasEventStarted","line":114,"loc":{"start":{"line":114,"column":0},"end":{"line":118,"column":4}}},"9":{"name":"hasEventEnded","line":120,"loc":{"start":{"line":120,"column":4},"end":{"line":123,"column":4}}},"10":{"name":"setbet","line":131,"loc":{"start":{"line":126,"column":4},"end":{"line":145,"column":4}}},"11":{"name":"setWinnerId","line":147,"loc":{"start":{"line":147,"column":4},"end":{"line":151,"column":4}}},"12":{"name":"sendPlatfromAndCreatorFees","line":156,"loc":{"start":{"line":153,"column":4},"end":{"line":164,"column":4}}},"13":{"name":"calculateValidatorReward","line":170,"loc":{"start":{"line":166,"column":4},"end":{"line":173,"column":4}}},"14":{"name":"sendValidatorFees","line":178,"loc":{"start":{"line":175,"column":4},"end":{"line":181,"column":4}}},"15":{"name":"setFeesBooleanToTrue","line":183,"loc":{"start":{"line":183,"column":4},"end":{"line":186,"column":4}}},"16":{"name":"redeemToBettor","line":189,"loc":{"start":{"line":189,"column":4},"end":{"line":196,"column":4}}},"17":{"name":"winningCoefficientCalculator","line":198,"loc":{"start":{"line":198,"column":4},"end":{"line":202,"column":4}}},"18":{"name":"oddCalculator","line":204,"loc":{"start":{"line":204,"column":4},"end":{"line":207,"column":4}}},"19":{"name":"updateBettor","line":209,"loc":{"start":{"line":209,"column":4},"end":{"line":213,"column":4}}},"20":{"name":"sendEther","line":215,"loc":{"start":{"line":215,"column":4},"end":{"line":220,"column":4}}},"21":{"name":"getContractBalance","line":223,"loc":{"start":{"line":223,"column":4},"end":{"line":225,"column":4}}},"22":{"name":null,"line":233,"loc":{"start":{"line":233,"column":4},"end":{"line":235,"column":4}}}},"statementMap":{"1":{"start":{"line":83,"column":8},"end":{"line":83,"column":72}},"2":{"start":{"line":88,"column":8},"end":{"line":88,"column":68}},"3":{"start":{"line":93,"column":8},"end":{"line":93,"column":59}},"4":{"start":{"line":98,"column":8},"end":{"line":98,"column":2669}},"5":{"start":{"line":104,"column":8},"end":{"line":104,"column":50}},"6":{"start":{"line":109,"column":8},"end":{"line":109,"column":73}},"7":{"start":{"line":115,"column":8},"end":{"line":115,"column":3066}},"8":{"start":{"line":121,"column":8},"end":{"line":121,"column":72}},"9":{"start":{"line":135,"column":8},"end":{"line":135,"column":70}},"10":{"start":{"line":136,"column":8},"end":{"line":136,"column":53}},"11":{"start":{"line":137,"column":8},"end":{"line":137,"column":42}},"12":{"start":{"line":143,"column":8},"end":{"line":143,"column":22}},"13":{"start":{"line":144,"column":8},"end":{"line":144,"column":27}},"14":{"start":{"line":157,"column":8},"end":{"line":157,"column":52}},"15":{"start":{"line":158,"column":8},"end":{"line":158,"column":62}},"16":{"start":{"line":159,"column":8},"end":{"line":159,"column":4340}},"17":{"start":{"line":161,"column":8},"end":{"line":161,"column":76}},"18":{"start":{"line":162,"column":8},"end":{"line":162,"column":61}},"19":{"start":{"line":163,"column":8},"end":{"line":163,"column":55}},"20":{"start":{"line":172,"column":8},"end":{"line":172,"column":53}},"21":{"start":{"line":180,"column":8},"end":{"line":180,"column":53}},"22":{"start":{"line":185,"column":8},"end":{"line":185,"column":37}},"23":{"start":{"line":190,"column":8},"end":{"line":190,"column":57}},"24":{"start":{"line":191,"column":8},"end":{"line":191,"column":64}},"25":{"start":{"line":195,"column":8},"end":{"line":195,"column":63}},"26":{"start":{"line":216,"column":8},"end":{"line":216,"column":6400}},"27":{"start":{"line":219,"column":8},"end":{"line":219,"column":44}},"28":{"start":{"line":224,"column":8},"end":{"line":224,"column":36}}},"branchMap":{"1":{"line":83,"type":"if","locations":[{"start":{"line":83,"column":8},"end":{"line":83,"column":8}},{"start":{"line":83,"column":8},"end":{"line":83,"column":8}}]},"2":{"line":88,"type":"if","locations":[{"start":{"line":88,"column":8},"end":{"line":88,"column":8}},{"start":{"line":88,"column":8},"end":{"line":88,"column":8}}]},"3":{"line":93,"type":"if","locations":[{"start":{"line":93,"column":8},"end":{"line":93,"column":8}},{"start":{"line":93,"column":8},"end":{"line":93,"column":8}}]},"4":{"line":98,"type":"if","locations":[{"start":{"line":98,"column":8},"end":{"line":98,"column":8}},{"start":{"line":98,"column":8},"end":{"line":98,"column":8}}]},"5":{"line":104,"type":"if","locations":[{"start":{"line":104,"column":8},"end":{"line":104,"column":8}},{"start":{"line":104,"column":8},"end":{"line":104,"column":8}}]},"6":{"line":109,"type":"if","locations":[{"start":{"line":109,"column":8},"end":{"line":109,"column":8}},{"start":{"line":109,"column":8},"end":{"line":109,"column":8}}]},"7":{"line":115,"type":"if","locations":[{"start":{"line":115,"column":8},"end":{"line":115,"column":8}},{"start":{"line":115,"column":8},"end":{"line":115,"column":8}}]},"8":{"line":121,"type":"if","locations":[{"start":{"line":121,"column":8},"end":{"line":121,"column":8}},{"start":{"line":121,"column":8},"end":{"line":121,"column":8}}]},"9":{"line":129,"type":"if","locations":[{"start":{"line":129,"column":4},"end":{"line":129,"column":4}},{"start":{"line":129,"column":4},"end":{"line":129,"column":4}}]},"10":{"line":130,"type":"if","locations":[{"start":{"line":130,"column":4},"end":{"line":130,"column":4}},{"start":{"line":130,"column":4},"end":{"line":130,"column":4}}]},"11":{"line":131,"type":"if","locations":[{"start":{"line":131,"column":4},"end":{"line":131,"column":4}},{"start":{"line":131,"column":4},"end":{"line":131,"column":4}}]},"12":{"line":135,"type":"if","locations":[{"start":{"line":135,"column":8},"end":{"line":135,"column":8}},{"start":{"line":135,"column":8},"end":{"line":135,"column":8}}]},"13":{"line":136,"type":"if","locations":[{"start":{"line":136,"column":8},"end":{"line":136,"column":8}},{"start":{"line":136,"column":8},"end":{"line":136,"column":8}}]},"14":{"line":156,"type":"if","locations":[{"start":{"line":156,"column":13},"end":{"line":156,"column":13}},{"start":{"line":156,"column":13},"end":{"line":156,"column":13}}]},"15":{"line":156,"type":"if","locations":[{"start":{"line":156,"column":31},"end":{"line":156,"column":31}},{"start":{"line":156,"column":31},"end":{"line":156,"column":31}}]},"16":{"line":157,"type":"if","locations":[{"start":{"line":157,"column":8},"end":{"line":157,"column":8}},{"start":{"line":157,"column":8},"end":{"line":157,"column":8}}]},"17":{"line":169,"type":"if","locations":[{"start":{"line":169,"column":4},"end":{"line":169,"column":4}},{"start":{"line":169,"column":4},"end":{"line":169,"column":4}}]},"18":{"line":170,"type":"if","locations":[{"start":{"line":170,"column":4},"end":{"line":170,"column":4}},{"start":{"line":170,"column":4},"end":{"line":170,"column":4}}]},"19":{"line":177,"type":"if","locations":[{"start":{"line":177,"column":4},"end":{"line":177,"column":4}},{"start":{"line":177,"column":4},"end":{"line":177,"column":4}}]},"20":{"line":178,"type":"if","locations":[{"start":{"line":178,"column":4},"end":{"line":178,"column":4}},{"start":{"line":178,"column":4},"end":{"line":178,"column":4}}]},"21":{"line":183,"type":"if","locations":[{"start":{"line":183,"column":43},"end":{"line":183,"column":43}},{"start":{"line":183,"column":43},"end":{"line":183,"column":43}}]},"22":{"line":189,"type":"if","locations":[{"start":{"line":189,"column":45},"end":{"line":189,"column":45}},{"start":{"line":189,"column":45},"end":{"line":189,"column":45}}]},"23":{"line":190,"type":"if","locations":[{"start":{"line":190,"column":8},"end":{"line":190,"column":8}},{"start":{"line":190,"column":8},"end":{"line":190,"column":8}}]},"24":{"line":191,"type":"if","locations":[{"start":{"line":191,"column":8},"end":{"line":191,"column":8}},{"start":{"line":191,"column":8},"end":{"line":191,"column":8}}]},"25":{"line":198,"type":"if","locations":[{"start":{"line":198,"column":53},"end":{"line":198,"column":53}},{"start":{"line":198,"column":53},"end":{"line":198,"column":53}}]},"26":{"line":219,"type":"if","locations":[{"start":{"line":219,"column":8},"end":{"line":219,"column":8}},{"start":{"line":219,"column":8},"end":{"line":219,"column":8}}]},"27":{"line":230,"type":"if","locations":[{"start":{"line":230,"column":8},"end":{"line":230,"column":8}},{"start":{"line":230,"column":8},"end":{"line":230,"column":8}}]}}}}
