{
"contracts/BetWaveDAO.sol":{"l":{"56":44,"57":2,"58":42,"62":57,"63":1,"64":56,"68":61,"69":2,"70":59,"75":1,"81":64,"82":63,"83":63,"84":63,"88":55,"89":53,"93":52,"94":52,"95":52,"102":13,"103":13,"107":29,"108":28,"109":19,"111":9,"113":28,"114":28,"115":13,"123":3,"128":13,"129":3,"131":2,"133":2,"135":2,"137":2,"139":2,"144":4,"148":3,"149":3,"150":3,"151":3,"155":55,"158":55,"162":61,"166":0},"path":"/home/justmee/dev/cour_alyra/alyra_final_project/backEnd/contracts/BetWaveDAO.sol","s":{"1":44,"2":57,"3":61,"4":1,"5":64,"6":63,"7":55,"8":53,"9":52,"10":29,"11":28,"12":9,"13":28,"14":13,"15":15,"16":3,"17":13,"18":10,"19":8,"20":6,"21":4,"22":2,"23":4,"24":3,"25":3,"26":55,"27":55},"b":{"1":[2,42],"2":[1,56],"3":[2,59],"4":[63,1],"5":[56,1],"6":[55,1],"7":[53,2],"8":[52,1],"9":[13,1],"10":[29,1],"11":[28,1],"12":[19,9],"13":[9,0],"14":[13,15],"15":[3,12],"16":[3,10],"17":[2,8],"18":[2,6],"19":[2,4],"20":[2,2],"21":[2,0],"22":[4,1],"23":[3,1],"24":[55,0],"25":[61,0]},"f":{"1":44,"2":57,"3":61,"4":1,"5":64,"6":55,"7":13,"8":29,"9":13,"10":4,"11":55,"12":0},"fnMap":{"1":{"name":"onlyValidator","line":55,"loc":{"start":{"line":55,"column":4},"end":{"line":59,"column":4}}},"2":{"name":"doesUserExist","line":61,"loc":{"start":{"line":61,"column":4},"end":{"line":65,"column":4}}},"3":{"name":"hasBalance","line":67,"loc":{"start":{"line":67,"column":4},"end":{"line":71,"column":4}}},"4":{"name":"getDaoVoteHasVoted","line":74,"loc":{"start":{"line":74,"column":4},"end":{"line":76,"column":4}}},"5":{"name":"addUser","line":80,"loc":{"start":{"line":80,"column":4},"end":{"line":85,"column":4}}},"6":{"name":"addValidators","line":87,"loc":{"start":{"line":87,"column":4},"end":{"line":96,"column":4}}},"7":{"name":"askDAOVote","line":100,"loc":{"start":{"line":98,"column":4},"end":{"line":104,"column":4}}},"8":{"name":"setDaoVote","line":106,"loc":{"start":{"line":106,"column":4},"end":{"line":125,"column":4}}},"9":{"name":"switchVoteType","line":127,"loc":{"start":{"line":127,"column":4},"end":{"line":141,"column":4}}},"10":{"name":"withdrawFromValidators","line":143,"loc":{"start":{"line":143,"column":4},"end":{"line":152,"column":4}}},"11":{"name":"sendEther","line":154,"loc":{"start":{"line":154,"column":4},"end":{"line":159,"column":4}}},"12":{"name":null,"line":165,"loc":{"start":{"line":165,"column":4},"end":{"line":167,"column":4}}}},"statementMap":{"1":{"start":{"line":56,"column":8},"end":{"line":56,"column":1410}},"2":{"start":{"line":62,"column":8},"end":{"line":62,"column":1563}},"3":{"start":{"line":68,"column":8},"end":{"line":68,"column":1712}},"4":{"start":{"line":75,"column":8},"end":{"line":75,"column":52}},"5":{"start":{"line":81,"column":8},"end":{"line":81,"column":63}},"6":{"start":{"line":84,"column":8},"end":{"line":84,"column":48}},"7":{"start":{"line":88,"column":8},"end":{"line":88,"column":50}},"8":{"start":{"line":89,"column":8},"end":{"line":89,"column":2362}},"9":{"start":{"line":93,"column":8},"end":{"line":93,"column":42}},"10":{"start":{"line":107,"column":8},"end":{"line":107,"column":79}},"11":{"start":{"line":108,"column":8},"end":{"line":108,"column":3026}},"12":{"start":{"line":110,"column":15},"end":{"line":110,"column":3103}},"13":{"start":{"line":114,"column":8},"end":{"line":114,"column":3243}},"14":{"start":{"line":115,"column":12},"end":{"line":115,"column":3333}},"15":{"start":{"line":119,"column":15},"end":{"line":119,"column":3464}},"16":{"start":{"line":123,"column":12},"end":{"line":123,"column":34}},"17":{"start":{"line":128,"column":8},"end":{"line":128,"column":3723}},"18":{"start":{"line":130,"column":15},"end":{"line":130,"column":3819}},"19":{"start":{"line":132,"column":15},"end":{"line":132,"column":3914}},"20":{"start":{"line":134,"column":15},"end":{"line":134,"column":4005}},"21":{"start":{"line":136,"column":15},"end":{"line":136,"column":4096}},"22":{"start":{"line":138,"column":15},"end":{"line":138,"column":4215}},"23":{"start":{"line":144,"column":8},"end":{"line":144,"column":4409}},"24":{"start":{"line":148,"column":8},"end":{"line":148,"column":29}},"25":{"start":{"line":149,"column":8},"end":{"line":149,"column":36}},"26":{"start":{"line":155,"column":8},"end":{"line":155,"column":4773}},"27":{"start":{"line":158,"column":8},"end":{"line":158,"column":44}}},"branchMap":{"1":{"line":56,"type":"if","locations":[{"start":{"line":56,"column":8},"end":{"line":56,"column":8}},{"start":{"line":56,"column":8},"end":{"line":56,"column":8}}]},"2":{"line":62,"type":"if","locations":[{"start":{"line":62,"column":8},"end":{"line":62,"column":8}},{"start":{"line":62,"column":8},"end":{"line":62,"column":8}}]},"3":{"line":68,"type":"if","locations":[{"start":{"line":68,"column":8},"end":{"line":68,"column":8}},{"start":{"line":68,"column":8},"end":{"line":68,"column":8}}]},"4":{"line":81,"type":"if","locations":[{"start":{"line":81,"column":8},"end":{"line":81,"column":8}},{"start":{"line":81,"column":8},"end":{"line":81,"column":8}}]},"5":{"line":87,"type":"if","locations":[{"start":{"line":87,"column":44},"end":{"line":87,"column":44}},{"start":{"line":87,"column":44},"end":{"line":87,"column":44}}]},"6":{"line":87,"type":"if","locations":[{"start":{"line":87,"column":58},"end":{"line":87,"column":58}},{"start":{"line":87,"column":58},"end":{"line":87,"column":58}}]},"7":{"line":88,"type":"if","locations":[{"start":{"line":88,"column":8},"end":{"line":88,"column":8}},{"start":{"line":88,"column":8},"end":{"line":88,"column":8}}]},"8":{"line":89,"type":"if","locations":[{"start":{"line":89,"column":8},"end":{"line":89,"column":8}},{"start":{"line":89,"column":8},"end":{"line":89,"column":8}}]},"9":{"line":100,"type":"if","locations":[{"start":{"line":100,"column":4},"end":{"line":100,"column":4}},{"start":{"line":100,"column":4},"end":{"line":100,"column":4}}]},"10":{"line":106,"type":"if","locations":[{"start":{"line":106,"column":61},"end":{"line":106,"column":61}},{"start":{"line":106,"column":61},"end":{"line":106,"column":61}}]},"11":{"line":107,"type":"if","locations":[{"start":{"line":107,"column":8},"end":{"line":107,"column":8}},{"start":{"line":107,"column":8},"end":{"line":107,"column":8}}]},"12":{"line":108,"type":"if","locations":[{"start":{"line":108,"column":8},"end":{"line":108,"column":8}},{"start":{"line":108,"column":8},"end":{"line":108,"column":8}}]},"13":{"line":110,"type":"if","locations":[{"start":{"line":110,"column":15},"end":{"line":110,"column":15}},{"start":{"line":110,"column":15},"end":{"line":110,"column":15}}]},"14":{"line":114,"type":"if","locations":[{"start":{"line":114,"column":8},"end":{"line":114,"column":8}},{"start":{"line":114,"column":8},"end":{"line":114,"column":8}}]},"15":{"line":119,"type":"if","locations":[{"start":{"line":119,"column":15},"end":{"line":119,"column":15}},{"start":{"line":119,"column":15},"end":{"line":119,"column":15}}]},"16":{"line":128,"type":"if","locations":[{"start":{"line":128,"column":8},"end":{"line":128,"column":8}},{"start":{"line":128,"column":8},"end":{"line":128,"column":8}}]},"17":{"line":130,"type":"if","locations":[{"start":{"line":130,"column":15},"end":{"line":130,"column":15}},{"start":{"line":130,"column":15},"end":{"line":130,"column":15}}]},"18":{"line":132,"type":"if","locations":[{"start":{"line":132,"column":15},"end":{"line":132,"column":15}},{"start":{"line":132,"column":15},"end":{"line":132,"column":15}}]},"19":{"line":134,"type":"if","locations":[{"start":{"line":134,"column":15},"end":{"line":134,"column":15}},{"start":{"line":134,"column":15},"end":{"line":134,"column":15}}]},"20":{"line":136,"type":"if","locations":[{"start":{"line":136,"column":15},"end":{"line":136,"column":15}},{"start":{"line":136,"column":15},"end":{"line":136,"column":15}}]},"21":{"line":138,"type":"if","locations":[{"start":{"line":138,"column":15},"end":{"line":138,"column":15}},{"start":{"line":138,"column":15},"end":{"line":138,"column":15}}]},"22":{"line":143,"type":"if","locations":[{"start":{"line":143,"column":53},"end":{"line":143,"column":53}},{"start":{"line":143,"column":53},"end":{"line":143,"column":53}}]},"23":{"line":144,"type":"if","locations":[{"start":{"line":144,"column":8},"end":{"line":144,"column":8}},{"start":{"line":144,"column":8},"end":{"line":144,"column":8}}]},"24":{"line":158,"type":"if","locations":[{"start":{"line":158,"column":8},"end":{"line":158,"column":8}},{"start":{"line":158,"column":8},"end":{"line":158,"column":8}}]},"25":{"line":162,"type":"if","locations":[{"start":{"line":162,"column":8},"end":{"line":162,"column":8}},{"start":{"line":162,"column":8},"end":{"line":162,"column":8}}]}}},
"contracts/BetWaveOrganizer.sol":{"l":{"54":30,"55":1,"56":29,"60":24,"61":23,"65":0,"66":0,"67":0,"68":0,"72":70,"73":2,"74":68,"78":4,"83":2,"87":2,"96":29,"100":28,"106":28,"107":28,"108":28,"109":28,"110":28,"111":28,"119":22,"120":22,"125":46,"126":45,"127":45,"129":44,"130":21,"131":21,"132":21,"133":21,"135":23,"136":23,"137":23,"138":23,"140":44,"142":9,"143":9,"151":9,"156":4,"161":4,"162":4,"163":4,"170":4,"175":4,"176":4,"177":4,"181":1,"182":1,"190":8,"194":8,"195":8,"196":8,"197":8,"202":32,"207":31,"216":8,"220":0,"223":0,"227":0,"231":0},"path":"/home/justmee/dev/cour_alyra/alyra_final_project/backEnd/contracts/BetWaveOrganizer.sol","s":{"1":30,"2":24,"3":0,"4":0,"5":70,"6":2,"7":2,"8":29,"9":28,"10":28,"11":22,"12":46,"13":45,"14":45,"15":44,"16":21,"17":23,"18":23,"19":44,"20":9,"21":9,"22":9,"23":4,"24":4,"25":4,"26":5,"27":4,"28":4,"29":4,"30":8,"31":8,"32":8,"33":32,"34":31,"35":8,"36":0,"37":0},"b":{"1":[1,29],"2":[1,23],"3":[0,0],"4":[2,68],"5":[29,1],"6":[28,1],"7":[23,1],"8":[22,1],"9":[46,1],"10":[45,1],"11":[1,44],"12":[21,23],"13":[23,0],"14":[9,35],"15":[4,5],"16":[4,0],"17":[4,1],"18":[4,0],"19":[31,1],"20":[0,0],"21":[0,0]},"f":{"1":30,"2":24,"3":0,"4":70,"5":4,"6":2,"7":2,"8":29,"9":22,"10":46,"11":9,"12":8,"13":0,"14":0},"fnMap":{"1":{"name":"doesUserExist","line":53,"loc":{"start":{"line":53,"column":4},"end":{"line":57,"column":4}}},"2":{"name":"onlyOwner","line":59,"loc":{"start":{"line":59,"column":4},"end":{"line":62,"column":4}}},"3":{"name":"onlyValidator","line":64,"loc":{"start":{"line":64,"column":4},"end":{"line":69,"column":4}}},"4":{"name":"isCorrectStep","line":71,"loc":{"start":{"line":71,"column":4},"end":{"line":75,"column":4}}},"5":{"name":"constructor","line":77,"loc":{"start":{"line":77,"column":4},"end":{"line":79,"column":4}}},"6":{"name":"getBetValidatorsResult","line":82,"loc":{"start":{"line":82,"column":4},"end":{"line":84,"column":4}}},"7":{"name":"getvalidatorAddress","line":86,"loc":{"start":{"line":86,"column":4},"end":{"line":88,"column":4}}},"8":{"name":"deployNewBet","line":94,"loc":{"start":{"line":92,"column":4},"end":{"line":112,"column":4}}},"9":{"name":"startBetValidation","line":117,"loc":{"start":{"line":114,"column":4},"end":{"line":121,"column":4}}},"10":{"name":"setBetVote","line":124,"loc":{"start":{"line":123,"column":4},"end":{"line":145,"column":4}}},"11":{"name":"tallyVote","line":147,"loc":{"start":{"line":147,"column":4},"end":{"line":184,"column":4}}},"12":{"name":"feesOrchestrator","line":186,"loc":{"start":{"line":186,"column":4},"end":{"line":217,"column":4}}},"13":{"name":"sendEther","line":219,"loc":{"start":{"line":219,"column":4},"end":{"line":224,"column":4}}},"14":{"name":null,"line":230,"loc":{"start":{"line":230,"column":4},"end":{"line":232,"column":4}}}},"statementMap":{"1":{"start":{"line":54,"column":8},"end":{"line":54,"column":1295}},"2":{"start":{"line":60,"column":8},"end":{"line":60,"column":71}},"3":{"start":{"line":65,"column":8},"end":{"line":65,"column":69}},"4":{"start":{"line":66,"column":8},"end":{"line":66,"column":1649}},"5":{"start":{"line":72,"column":8},"end":{"line":72,"column":1817}},"6":{"start":{"line":83,"column":8},"end":{"line":83,"column":64}},"7":{"start":{"line":87,"column":8},"end":{"line":87,"column":54}},"8":{"start":{"line":96,"column":8},"end":{"line":96,"column":2524}},"9":{"start":{"line":100,"column":8},"end":{"line":100,"column":2702}},"10":{"start":{"line":111,"column":8},"end":{"line":111,"column":60}},"11":{"start":{"line":120,"column":8},"end":{"line":120,"column":41}},"12":{"start":{"line":125,"column":8},"end":{"line":125,"column":53}},"13":{"start":{"line":126,"column":8},"end":{"line":126,"column":68}},"14":{"start":{"line":127,"column":8},"end":{"line":127,"column":60}},"15":{"start":{"line":129,"column":8},"end":{"line":129,"column":3817}},"16":{"start":{"line":133,"column":12},"end":{"line":133,"column":62}},"17":{"start":{"line":134,"column":15},"end":{"line":134,"column":4086}},"18":{"start":{"line":138,"column":12},"end":{"line":138,"column":62}},"19":{"start":{"line":140,"column":8},"end":{"line":140,"column":4359}},"20":{"start":{"line":142,"column":12},"end":{"line":142,"column":40}},"21":{"start":{"line":143,"column":12},"end":{"line":143,"column":33}},"22":{"start":{"line":151,"column":8},"end":{"line":151,"column":4769}},"23":{"start":{"line":156,"column":12},"end":{"line":156,"column":4946}},"24":{"start":{"line":161,"column":16},"end":{"line":161,"column":61}},"25":{"start":{"line":162,"column":16},"end":{"line":162,"column":47}},"26":{"start":{"line":165,"column":15},"end":{"line":165,"column":5336}},"27":{"start":{"line":170,"column":12},"end":{"line":170,"column":5513}},"28":{"start":{"line":175,"column":16},"end":{"line":175,"column":61}},"29":{"start":{"line":176,"column":16},"end":{"line":176,"column":47}},"30":{"start":{"line":190,"column":8},"end":{"line":190,"column":6196}},"31":{"start":{"line":195,"column":8},"end":{"line":195,"column":118}},"32":{"start":{"line":197,"column":8},"end":{"line":197,"column":6578}},"33":{"start":{"line":202,"column":12},"end":{"line":202,"column":6719}},"34":{"start":{"line":207,"column":16},"end":{"line":207,"column":6922}},"35":{"start":{"line":216,"column":8},"end":{"line":216,"column":61}},"36":{"start":{"line":220,"column":8},"end":{"line":220,"column":7372}},"37":{"start":{"line":223,"column":8},"end":{"line":223,"column":44}}},"branchMap":{"1":{"line":54,"type":"if","locations":[{"start":{"line":54,"column":8},"end":{"line":54,"column":8}},{"start":{"line":54,"column":8},"end":{"line":54,"column":8}}]},"2":{"line":60,"type":"if","locations":[{"start":{"line":60,"column":8},"end":{"line":60,"column":8}},{"start":{"line":60,"column":8},"end":{"line":60,"column":8}}]},"3":{"line":66,"type":"if","locations":[{"start":{"line":66,"column":8},"end":{"line":66,"column":8}},{"start":{"line":66,"column":8},"end":{"line":66,"column":8}}]},"4":{"line":72,"type":"if","locations":[{"start":{"line":72,"column":8},"end":{"line":72,"column":8}},{"start":{"line":72,"column":8},"end":{"line":72,"column":8}}]},"5":{"line":94,"type":"if","locations":[{"start":{"line":94,"column":4},"end":{"line":94,"column":4}},{"start":{"line":94,"column":4},"end":{"line":94,"column":4}}]},"6":{"line":96,"type":"if","locations":[{"start":{"line":96,"column":8},"end":{"line":96,"column":8}},{"start":{"line":96,"column":8},"end":{"line":96,"column":8}}]},"7":{"line":116,"type":"if","locations":[{"start":{"line":116,"column":4},"end":{"line":116,"column":4}},{"start":{"line":116,"column":4},"end":{"line":116,"column":4}}]},"8":{"line":117,"type":"if","locations":[{"start":{"line":117,"column":4},"end":{"line":117,"column":4}},{"start":{"line":117,"column":4},"end":{"line":117,"column":4}}]},"9":{"line":124,"type":"if","locations":[{"start":{"line":124,"column":4},"end":{"line":124,"column":4}},{"start":{"line":124,"column":4},"end":{"line":124,"column":4}}]},"10":{"line":125,"type":"if","locations":[{"start":{"line":125,"column":8},"end":{"line":125,"column":8}},{"start":{"line":125,"column":8},"end":{"line":125,"column":8}}]},"11":{"line":127,"type":"if","locations":[{"start":{"line":127,"column":8},"end":{"line":127,"column":8}},{"start":{"line":127,"column":8},"end":{"line":127,"column":8}}]},"12":{"line":129,"type":"if","locations":[{"start":{"line":129,"column":8},"end":{"line":129,"column":8}},{"start":{"line":129,"column":8},"end":{"line":129,"column":8}}]},"13":{"line":134,"type":"if","locations":[{"start":{"line":134,"column":15},"end":{"line":134,"column":15}},{"start":{"line":134,"column":15},"end":{"line":134,"column":15}}]},"14":{"line":140,"type":"if","locations":[{"start":{"line":140,"column":8},"end":{"line":140,"column":8}},{"start":{"line":140,"column":8},"end":{"line":140,"column":8}}]},"15":{"line":151,"type":"if","locations":[{"start":{"line":151,"column":8},"end":{"line":151,"column":8}},{"start":{"line":151,"column":8},"end":{"line":151,"column":8}}]},"16":{"line":156,"type":"if","locations":[{"start":{"line":156,"column":12},"end":{"line":156,"column":12}},{"start":{"line":156,"column":12},"end":{"line":156,"column":12}}]},"17":{"line":165,"type":"if","locations":[{"start":{"line":165,"column":15},"end":{"line":165,"column":15}},{"start":{"line":165,"column":15},"end":{"line":165,"column":15}}]},"18":{"line":170,"type":"if","locations":[{"start":{"line":170,"column":12},"end":{"line":170,"column":12}},{"start":{"line":170,"column":12},"end":{"line":170,"column":12}}]},"19":{"line":202,"type":"if","locations":[{"start":{"line":202,"column":12},"end":{"line":202,"column":12}},{"start":{"line":202,"column":12},"end":{"line":202,"column":12}}]},"20":{"line":223,"type":"if","locations":[{"start":{"line":223,"column":8},"end":{"line":223,"column":8}},{"start":{"line":223,"column":8},"end":{"line":223,"column":8}}]},"21":{"line":227,"type":"if","locations":[{"start":{"line":227,"column":8},"end":{"line":227,"column":8}},{"start":{"line":227,"column":8},"end":{"line":227,"column":8}}]}}},
"contracts/SimpleBet.sol":{"l":{"71":29,"72":29,"75":29,"76":29,"77":29,"78":29,"82":25,"83":25,"87":47,"88":47,"92":46,"93":45,"97":24,"98":1,"99":23,"103":8,"104":8,"108":63,"109":63,"113":23,"114":1,"115":22,"119":0,"120":0,"121":0,"125":0,"126":0,"140":22,"141":21,"142":21,"143":21,"144":21,"145":21,"146":21,"147":21,"153":8,"161":8,"162":8,"163":8,"165":8,"166":8,"167":8,"176":8,"184":31,"185":31,"189":8,"190":8,"195":0,"196":0,"197":0,"200":0,"204":8,"210":21,"211":21,"215":21,"216":21,"217":21,"221":68,"224":68,"229":8,"235":21,"239":0},"path":"/home/justmee/dev/cour_alyra/alyra_final_project/backEnd/contracts/SimpleBet.sol","s":{"1":25,"2":47,"3":46,"4":24,"5":8,"6":63,"7":23,"8":0,"9":0,"10":22,"11":21,"12":21,"13":21,"14":21,"15":8,"16":8,"17":8,"18":8,"19":8,"20":8,"21":8,"22":31,"23":8,"24":0,"25":0,"26":0,"27":68,"28":68,"29":8},"b":{"1":[0,25],"2":[0,47],"3":[1,45],"4":[1,23],"5":[0,8],"6":[0,63],"7":[1,22],"8":[0,0],"9":[0,0],"10":[25,0],"11":[24,1],"12":[23,1],"13":[22,1],"14":[21,1],"15":[8,0],"16":[8,0],"17":[8,0],"18":[8,0],"19":[8,0],"20":[8,0],"21":[31,0],"22":[31,0],"23":[8,0],"24":[0,0],"25":[0,0],"26":[0,0],"27":[8,0],"28":[68,0],"29":[21,0]},"f":{"1":29,"2":25,"3":47,"4":46,"5":24,"6":8,"7":63,"8":23,"9":0,"10":0,"11":22,"12":8,"13":8,"14":8,"15":31,"16":8,"17":0,"18":8,"19":21,"20":21,"21":68,"22":8,"23":0},"fnMap":{"1":{"name":"constructor","line":63,"loc":{"start":{"line":63,"column":4},"end":{"line":79,"column":4}}},"2":{"name":"hasAmountBettor","line":81,"loc":{"start":{"line":81,"column":4},"end":{"line":84,"column":4}}},"3":{"name":"hasAmountContract","line":86,"loc":{"start":{"line":86,"column":4},"end":{"line":89,"column":4}}},"4":{"name":"hasMinimumAmount","line":91,"loc":{"start":{"line":91,"column":4},"end":{"line":94,"column":4}}},"5":{"name":"hasAlreadyBet","line":96,"loc":{"start":{"line":96,"column":4},"end":{"line":100,"column":4}}},"6":{"name":"hasAllFeesBeenPaid","line":102,"loc":{"start":{"line":102,"column":4},"end":{"line":105,"column":4}}},"7":{"name":"isAuthorized","line":107,"loc":{"start":{"line":107,"column":4},"end":{"line":110,"column":4}}},"8":{"name":"isRegistered","line":112,"loc":{"start":{"line":112,"column":4},"end":{"line":116,"column":4}}},"9":{"name":"hasEventStarted","line":118,"loc":{"start":{"line":118,"column":4},"end":{"line":122,"column":4}}},"10":{"name":"hasEventEnded","line":124,"loc":{"start":{"line":124,"column":4},"end":{"line":127,"column":4}}},"11":{"name":"setBet","line":136,"loc":{"start":{"line":130,"column":4},"end":{"line":148,"column":4}}},"12":{"name":"setWinnerId","line":152,"loc":{"start":{"line":150,"column":4},"end":{"line":154,"column":4}}},"13":{"name":"sendPlatfromAndCreatorFees","line":160,"loc":{"start":{"line":156,"column":4},"end":{"line":168,"column":4}}},"14":{"name":"calculateValidatorReward","line":174,"loc":{"start":{"line":170,"column":4},"end":{"line":177,"column":4}}},"15":{"name":"sendValidatorFees","line":182,"loc":{"start":{"line":179,"column":4},"end":{"line":186,"column":4}}},"16":{"name":"setFeesBooleanToTrue","line":188,"loc":{"start":{"line":188,"column":4},"end":{"line":191,"column":4}}},"17":{"name":"redeemToBettor","line":194,"loc":{"start":{"line":194,"column":4},"end":{"line":201,"column":4}}},"18":{"name":"winningCoefficientCalculator","line":203,"loc":{"start":{"line":203,"column":4},"end":{"line":207,"column":4}}},"19":{"name":"oddCalculator","line":209,"loc":{"start":{"line":209,"column":4},"end":{"line":212,"column":4}}},"20":{"name":"updateBettor","line":214,"loc":{"start":{"line":214,"column":4},"end":{"line":218,"column":4}}},"21":{"name":"sendEther","line":220,"loc":{"start":{"line":220,"column":4},"end":{"line":225,"column":4}}},"22":{"name":"getContractBalance","line":228,"loc":{"start":{"line":228,"column":4},"end":{"line":230,"column":4}}},"23":{"name":null,"line":238,"loc":{"start":{"line":238,"column":4},"end":{"line":240,"column":4}}}},"statementMap":{"1":{"start":{"line":82,"column":8},"end":{"line":82,"column":72}},"2":{"start":{"line":87,"column":8},"end":{"line":87,"column":68}},"3":{"start":{"line":92,"column":8},"end":{"line":92,"column":59}},"4":{"start":{"line":97,"column":8},"end":{"line":97,"column":2609}},"5":{"start":{"line":103,"column":8},"end":{"line":103,"column":50}},"6":{"start":{"line":108,"column":8},"end":{"line":108,"column":73}},"7":{"start":{"line":113,"column":8},"end":{"line":113,"column":2999}},"8":{"start":{"line":119,"column":8},"end":{"line":119,"column":3148}},"9":{"start":{"line":125,"column":8},"end":{"line":125,"column":72}},"10":{"start":{"line":140,"column":8},"end":{"line":140,"column":53}},"11":{"start":{"line":141,"column":8},"end":{"line":141,"column":42}},"12":{"start":{"line":145,"column":8},"end":{"line":145,"column":22}},"13":{"start":{"line":146,"column":8},"end":{"line":146,"column":27}},"14":{"start":{"line":147,"column":8},"end":{"line":147,"column":172}},"15":{"start":{"line":161,"column":8},"end":{"line":161,"column":52}},"16":{"start":{"line":162,"column":8},"end":{"line":162,"column":62}},"17":{"start":{"line":163,"column":8},"end":{"line":163,"column":4567}},"18":{"start":{"line":165,"column":8},"end":{"line":165,"column":76}},"19":{"start":{"line":166,"column":8},"end":{"line":166,"column":61}},"20":{"start":{"line":167,"column":8},"end":{"line":167,"column":52}},"21":{"start":{"line":176,"column":8},"end":{"line":176,"column":53}},"22":{"start":{"line":184,"column":8},"end":{"line":184,"column":53}},"23":{"start":{"line":190,"column":8},"end":{"line":190,"column":37}},"24":{"start":{"line":195,"column":8},"end":{"line":195,"column":57}},"25":{"start":{"line":196,"column":8},"end":{"line":196,"column":64}},"26":{"start":{"line":200,"column":8},"end":{"line":200,"column":63}},"27":{"start":{"line":221,"column":8},"end":{"line":221,"column":6644}},"28":{"start":{"line":224,"column":8},"end":{"line":224,"column":44}},"29":{"start":{"line":229,"column":8},"end":{"line":229,"column":36}}},"branchMap":{"1":{"line":82,"type":"if","locations":[{"start":{"line":82,"column":8},"end":{"line":82,"column":8}},{"start":{"line":82,"column":8},"end":{"line":82,"column":8}}]},"2":{"line":87,"type":"if","locations":[{"start":{"line":87,"column":8},"end":{"line":87,"column":8}},{"start":{"line":87,"column":8},"end":{"line":87,"column":8}}]},"3":{"line":92,"type":"if","locations":[{"start":{"line":92,"column":8},"end":{"line":92,"column":8}},{"start":{"line":92,"column":8},"end":{"line":92,"column":8}}]},"4":{"line":97,"type":"if","locations":[{"start":{"line":97,"column":8},"end":{"line":97,"column":8}},{"start":{"line":97,"column":8},"end":{"line":97,"column":8}}]},"5":{"line":103,"type":"if","locations":[{"start":{"line":103,"column":8},"end":{"line":103,"column":8}},{"start":{"line":103,"column":8},"end":{"line":103,"column":8}}]},"6":{"line":108,"type":"if","locations":[{"start":{"line":108,"column":8},"end":{"line":108,"column":8}},{"start":{"line":108,"column":8},"end":{"line":108,"column":8}}]},"7":{"line":113,"type":"if","locations":[{"start":{"line":113,"column":8},"end":{"line":113,"column":8}},{"start":{"line":113,"column":8},"end":{"line":113,"column":8}}]},"8":{"line":119,"type":"if","locations":[{"start":{"line":119,"column":8},"end":{"line":119,"column":8}},{"start":{"line":119,"column":8},"end":{"line":119,"column":8}}]},"9":{"line":125,"type":"if","locations":[{"start":{"line":125,"column":8},"end":{"line":125,"column":8}},{"start":{"line":125,"column":8},"end":{"line":125,"column":8}}]},"10":{"line":133,"type":"if","locations":[{"start":{"line":133,"column":4},"end":{"line":133,"column":4}},{"start":{"line":133,"column":4},"end":{"line":133,"column":4}}]},"11":{"line":134,"type":"if","locations":[{"start":{"line":134,"column":4},"end":{"line":134,"column":4}},{"start":{"line":134,"column":4},"end":{"line":134,"column":4}}]},"12":{"line":135,"type":"if","locations":[{"start":{"line":135,"column":4},"end":{"line":135,"column":4}},{"start":{"line":135,"column":4},"end":{"line":135,"column":4}}]},"13":{"line":136,"type":"if","locations":[{"start":{"line":136,"column":4},"end":{"line":136,"column":4}},{"start":{"line":136,"column":4},"end":{"line":136,"column":4}}]},"14":{"line":140,"type":"if","locations":[{"start":{"line":140,"column":8},"end":{"line":140,"column":8}},{"start":{"line":140,"column":8},"end":{"line":140,"column":8}}]},"15":{"line":152,"type":"if","locations":[{"start":{"line":152,"column":13},"end":{"line":152,"column":13}},{"start":{"line":152,"column":13},"end":{"line":152,"column":13}}]},"16":{"line":160,"type":"if","locations":[{"start":{"line":160,"column":13},"end":{"line":160,"column":13}},{"start":{"line":160,"column":13},"end":{"line":160,"column":13}}]},"17":{"line":160,"type":"if","locations":[{"start":{"line":160,"column":31},"end":{"line":160,"column":31}},{"start":{"line":160,"column":31},"end":{"line":160,"column":31}}]},"18":{"line":161,"type":"if","locations":[{"start":{"line":161,"column":8},"end":{"line":161,"column":8}},{"start":{"line":161,"column":8},"end":{"line":161,"column":8}}]},"19":{"line":173,"type":"if","locations":[{"start":{"line":173,"column":4},"end":{"line":173,"column":4}},{"start":{"line":173,"column":4},"end":{"line":173,"column":4}}]},"20":{"line":174,"type":"if","locations":[{"start":{"line":174,"column":4},"end":{"line":174,"column":4}},{"start":{"line":174,"column":4},"end":{"line":174,"column":4}}]},"21":{"line":181,"type":"if","locations":[{"start":{"line":181,"column":4},"end":{"line":181,"column":4}},{"start":{"line":181,"column":4},"end":{"line":181,"column":4}}]},"22":{"line":182,"type":"if","locations":[{"start":{"line":182,"column":4},"end":{"line":182,"column":4}},{"start":{"line":182,"column":4},"end":{"line":182,"column":4}}]},"23":{"line":188,"type":"if","locations":[{"start":{"line":188,"column":43},"end":{"line":188,"column":43}},{"start":{"line":188,"column":43},"end":{"line":188,"column":43}}]},"24":{"line":194,"type":"if","locations":[{"start":{"line":194,"column":45},"end":{"line":194,"column":45}},{"start":{"line":194,"column":45},"end":{"line":194,"column":45}}]},"25":{"line":195,"type":"if","locations":[{"start":{"line":195,"column":8},"end":{"line":195,"column":8}},{"start":{"line":195,"column":8},"end":{"line":195,"column":8}}]},"26":{"line":196,"type":"if","locations":[{"start":{"line":196,"column":8},"end":{"line":196,"column":8}},{"start":{"line":196,"column":8},"end":{"line":196,"column":8}}]},"27":{"line":203,"type":"if","locations":[{"start":{"line":203,"column":53},"end":{"line":203,"column":53}},{"start":{"line":203,"column":53},"end":{"line":203,"column":53}}]},"28":{"line":224,"type":"if","locations":[{"start":{"line":224,"column":8},"end":{"line":224,"column":8}},{"start":{"line":224,"column":8},"end":{"line":224,"column":8}}]},"29":{"line":235,"type":"if","locations":[{"start":{"line":235,"column":8},"end":{"line":235,"column":8}},{"start":{"line":235,"column":8},"end":{"line":235,"column":8}}]}}}}
