TN:
SF:/home/justmee/dev/cour_alyra/alyra_final_project/backend/contracts/BetWaveDAO.sol
FN:55,onlyValidator
FN:61,doesUserExist
FN:67,hasBalance
FN:74,getDaoVoteHasVoted
FN:78,getDaoControlValue
FN:84,addUser
FN:91,addValidators
FN:104,askDAOVote
FN:110,setDaoVote
FN:131,withdrawFromValidators
FN:142,switchVoteType
FN:158,sendEther
FN:169,
FNF:13
FNH:11
FNDA:44,onlyValidator
FNDA:57,doesUserExist
FNDA:61,hasBalance
FNDA:1,getDaoVoteHasVoted
FNDA:0,getDaoControlValue
FNDA:64,addUser
FNDA:55,addValidators
FNDA:13,askDAOVote
FNDA:29,setDaoVote
FNDA:4,withdrawFromValidators
FNDA:13,switchVoteType
FNDA:55,sendEther
FNDA:0,
DA:56,44
DA:57,2
DA:58,42
DA:62,57
DA:63,1
DA:64,56
DA:68,61
DA:69,2
DA:70,59
DA:75,1
DA:79,0
DA:85,64
DA:86,63
DA:87,63
DA:88,63
DA:92,55
DA:93,53
DA:97,52
DA:98,52
DA:99,52
DA:106,13
DA:107,13
DA:111,29
DA:112,28
DA:113,19
DA:115,9
DA:117,28
DA:118,28
DA:119,13
DA:127,3
DA:132,4
DA:136,3
DA:137,3
DA:138,3
DA:139,3
DA:143,13
DA:144,3
DA:146,2
DA:148,2
DA:150,2
DA:152,2
DA:154,2
DA:159,55
DA:162,55
DA:166,61
DA:170,0
LF:46
LH:44
BRDA:56,1,0,2
BRDA:56,1,1,42
BRDA:62,2,0,1
BRDA:62,2,1,56
BRDA:68,3,0,2
BRDA:68,3,1,59
BRDA:85,4,0,63
BRDA:85,4,1,1
BRDA:91,5,0,56
BRDA:91,5,1,1
BRDA:91,6,0,55
BRDA:91,6,1,1
BRDA:92,7,0,53
BRDA:92,7,1,2
BRDA:93,8,0,52
BRDA:93,8,1,1
BRDA:104,9,0,13
BRDA:104,9,1,1
BRDA:110,10,0,29
BRDA:110,10,1,1
BRDA:111,11,0,28
BRDA:111,11,1,1
BRDA:112,12,0,19
BRDA:112,12,1,9
BRDA:114,13,0,9
BRDA:114,13,1,0
BRDA:118,14,0,13
BRDA:118,14,1,15
BRDA:123,15,0,3
BRDA:123,15,1,12
BRDA:131,16,0,4
BRDA:131,16,1,1
BRDA:132,17,0,3
BRDA:132,17,1,1
BRDA:143,18,0,3
BRDA:143,18,1,10
BRDA:145,19,0,2
BRDA:145,19,1,8
BRDA:147,20,0,2
BRDA:147,20,1,6
BRDA:149,21,0,2
BRDA:149,21,1,4
BRDA:151,22,0,2
BRDA:151,22,1,2
BRDA:153,23,0,2
BRDA:153,23,1,0
BRDA:162,24,0,55
BRDA:162,24,1,0
BRDA:166,25,0,61
BRDA:166,25,1,0
BRF:50
BRH:46
end_of_record
TN:
SF:/home/justmee/dev/cour_alyra/alyra_final_project/backend/contracts/BetWaveOrganizer.sol
FN:53,doesUserExist
FN:59,onlyOwner
FN:64,onlyValidator
FN:71,isCorrectStep
FN:77,constructor
FN:82,getBetValidatorsResult
FN:86,getvalidatorAddress
FN:94,deployNewBet
FN:117,startBetValidation
FN:124,setBetVote
FN:147,tallyVote
FN:186,feesOrchestrator
FN:219,sendEther
FN:230,
FNF:14
FNH:11
FNDA:30,doesUserExist
FNDA:24,onlyOwner
FNDA:0,onlyValidator
FNDA:70,isCorrectStep
FNDA:4,constructor
FNDA:2,getBetValidatorsResult
FNDA:2,getvalidatorAddress
FNDA:29,deployNewBet
FNDA:22,startBetValidation
FNDA:46,setBetVote
FNDA:9,tallyVote
FNDA:8,feesOrchestrator
FNDA:0,sendEther
FNDA:0,
DA:54,30
DA:55,1
DA:56,29
DA:60,24
DA:61,23
DA:65,0
DA:66,0
DA:67,0
DA:68,0
DA:72,70
DA:73,2
DA:74,68
DA:78,4
DA:83,2
DA:87,2
DA:96,29
DA:100,28
DA:106,28
DA:107,28
DA:108,28
DA:109,28
DA:110,28
DA:111,28
DA:119,22
DA:120,22
DA:125,46
DA:126,45
DA:127,45
DA:129,44
DA:130,21
DA:131,21
DA:132,21
DA:133,21
DA:135,23
DA:136,23
DA:137,23
DA:138,23
DA:140,44
DA:142,9
DA:143,9
DA:151,9
DA:156,4
DA:161,4
DA:162,4
DA:163,4
DA:170,4
DA:175,4
DA:176,4
DA:177,4
DA:181,1
DA:182,1
DA:190,8
DA:194,8
DA:195,8
DA:196,8
DA:197,8
DA:202,32
DA:207,31
DA:216,8
DA:220,0
DA:223,0
DA:227,0
DA:231,0
LF:63
LH:55
BRDA:54,1,0,1
BRDA:54,1,1,29
BRDA:60,2,0,1
BRDA:60,2,1,23
BRDA:66,3,0,0
BRDA:66,3,1,0
BRDA:72,4,0,2
BRDA:72,4,1,68
BRDA:94,5,0,29
BRDA:94,5,1,1
BRDA:96,6,0,28
BRDA:96,6,1,1
BRDA:116,7,0,23
BRDA:116,7,1,1
BRDA:117,8,0,22
BRDA:117,8,1,1
BRDA:124,9,0,46
BRDA:124,9,1,1
BRDA:125,10,0,45
BRDA:125,10,1,1
BRDA:127,11,0,1
BRDA:127,11,1,44
BRDA:129,12,0,21
BRDA:129,12,1,23
BRDA:134,13,0,23
BRDA:134,13,1,0
BRDA:140,14,0,9
BRDA:140,14,1,35
BRDA:151,15,0,4
BRDA:151,15,1,5
BRDA:156,16,0,4
BRDA:156,16,1,0
BRDA:165,17,0,4
BRDA:165,17,1,1
BRDA:170,18,0,4
BRDA:170,18,1,0
BRDA:202,19,0,31
BRDA:202,19,1,1
BRDA:223,20,0,0
BRDA:223,20,1,0
BRDA:227,21,0,0
BRDA:227,21,1,0
BRF:42
BRH:33
end_of_record
TN:
SF:/home/justmee/dev/cour_alyra/alyra_final_project/backend/contracts/SimpleBet.sol
FN:63,constructor
FN:81,hasAmountBettor
FN:86,hasAmountContract
FN:91,hasMinimumAmount
FN:96,hasAlreadyBet
FN:102,hasAllFeesBeenPaid
FN:107,isAuthorized
FN:112,isRegistered
FN:118,hasEventStarted
FN:124,hasEventEnded
FN:136,setBet
FN:152,setWinnerId
FN:160,sendPlatfromAndCreatorFees
FN:174,calculateValidatorReward
FN:182,sendValidatorFees
FN:188,setFeesBooleanToTrue
FN:194,redeemToBettor
FN:203,winningCoefficientCalculator
FN:209,oddCalculator
FN:214,updateBettor
FN:220,sendEther
FN:228,getContractBalance
FN:238,
FNF:23
FNH:19
FNDA:29,constructor
FNDA:25,hasAmountBettor
FNDA:47,hasAmountContract
FNDA:46,hasMinimumAmount
FNDA:24,hasAlreadyBet
FNDA:8,hasAllFeesBeenPaid
FNDA:63,isAuthorized
FNDA:23,isRegistered
FNDA:0,hasEventStarted
FNDA:0,hasEventEnded
FNDA:22,setBet
FNDA:8,setWinnerId
FNDA:8,sendPlatfromAndCreatorFees
FNDA:8,calculateValidatorReward
FNDA:31,sendValidatorFees
FNDA:8,setFeesBooleanToTrue
FNDA:0,redeemToBettor
FNDA:8,winningCoefficientCalculator
FNDA:21,oddCalculator
FNDA:21,updateBettor
FNDA:68,sendEther
FNDA:8,getContractBalance
FNDA:0,
DA:71,29
DA:72,29
DA:75,29
DA:76,29
DA:77,29
DA:78,29
DA:82,25
DA:83,25
DA:87,47
DA:88,47
DA:92,46
DA:93,45
DA:97,24
DA:98,1
DA:99,23
DA:103,8
DA:104,8
DA:108,63
DA:109,63
DA:113,23
DA:114,1
DA:115,22
DA:119,0
DA:120,0
DA:121,0
DA:125,0
DA:126,0
DA:140,22
DA:141,21
DA:142,21
DA:143,21
DA:144,21
DA:145,21
DA:146,21
DA:147,21
DA:153,8
DA:161,8
DA:162,8
DA:163,8
DA:165,8
DA:166,8
DA:167,8
DA:176,8
DA:184,31
DA:185,31
DA:189,8
DA:190,8
DA:195,0
DA:196,0
DA:197,0
DA:200,0
DA:204,8
DA:210,21
DA:211,21
DA:215,21
DA:216,21
DA:217,21
DA:221,68
DA:224,68
DA:229,8
DA:235,21
DA:239,0
LF:62
LH:52
BRDA:82,1,0,0
BRDA:82,1,1,25
BRDA:87,2,0,0
BRDA:87,2,1,47
BRDA:92,3,0,1
BRDA:92,3,1,45
BRDA:97,4,0,1
BRDA:97,4,1,23
BRDA:103,5,0,0
BRDA:103,5,1,8
BRDA:108,6,0,0
BRDA:108,6,1,63
BRDA:113,7,0,1
BRDA:113,7,1,22
BRDA:119,8,0,0
BRDA:119,8,1,0
BRDA:125,9,0,0
BRDA:125,9,1,0
BRDA:133,10,0,25
BRDA:133,10,1,0
BRDA:134,11,0,24
BRDA:134,11,1,1
BRDA:135,12,0,23
BRDA:135,12,1,1
BRDA:136,13,0,22
BRDA:136,13,1,1
BRDA:140,14,0,21
BRDA:140,14,1,1
BRDA:152,15,0,8
BRDA:152,15,1,0
BRDA:160,16,0,8
BRDA:160,16,1,0
BRDA:160,17,0,8
BRDA:160,17,1,0
BRDA:161,18,0,8
BRDA:161,18,1,0
BRDA:173,19,0,8
BRDA:173,19,1,0
BRDA:174,20,0,8
BRDA:174,20,1,0
BRDA:181,21,0,31
BRDA:181,21,1,0
BRDA:182,22,0,31
BRDA:182,22,1,0
BRDA:188,23,0,8
BRDA:188,23,1,0
BRDA:194,24,0,0
BRDA:194,24,1,0
BRDA:195,25,0,0
BRDA:195,25,1,0
BRDA:196,26,0,0
BRDA:196,26,1,0
BRDA:203,27,0,8
BRDA:203,27,1,0
BRDA:224,28,0,68
BRDA:224,28,1,0
BRDA:235,29,0,21
BRDA:235,29,1,0
BRF:58
BRH:31
end_of_record
