TN:
SF:/home/justmee/dev/cour_alyra/alyra_final_project/backEnd/contracts/BetWaveDAO.sol
FN:55,onlyValidator
FN:61,doesUserExist
FN:67,hasBalance
FN:74,getDaoVoteHasVoted
FN:80,addUser
FN:87,addValidators
FN:100,askDAOVote
FN:106,setDaoVote
FN:127,switchVoteType
FN:143,withdrawFromValidators
FN:154,sendEther
FN:165,
FNF:12
FNH:11
FNDA:44,onlyValidator
FNDA:57,doesUserExist
FNDA:61,hasBalance
FNDA:1,getDaoVoteHasVoted
FNDA:64,addUser
FNDA:55,addValidators
FNDA:13,askDAOVote
FNDA:29,setDaoVote
FNDA:13,switchVoteType
FNDA:4,withdrawFromValidators
FNDA:55,sendEther
FNDA:0,
DA:56,44
DA:57,2
DA:58,42
DA:62,57
DA:63,1
DA:64,56
DA:68,61
DA:69,2
DA:70,59
DA:75,1
DA:81,64
DA:82,63
DA:83,63
DA:84,63
DA:88,55
DA:89,53
DA:93,52
DA:94,52
DA:95,52
DA:102,13
DA:103,13
DA:107,29
DA:108,28
DA:109,19
DA:111,9
DA:113,28
DA:114,28
DA:115,13
DA:123,3
DA:128,13
DA:129,3
DA:131,2
DA:133,2
DA:135,2
DA:137,2
DA:139,2
DA:144,4
DA:148,3
DA:149,3
DA:150,3
DA:151,3
DA:155,55
DA:158,55
DA:162,61
DA:166,0
LF:45
LH:44
BRDA:56,1,0,2
BRDA:56,1,1,42
BRDA:62,2,0,1
BRDA:62,2,1,56
BRDA:68,3,0,2
BRDA:68,3,1,59
BRDA:81,4,0,63
BRDA:81,4,1,1
BRDA:87,5,0,56
BRDA:87,5,1,1
BRDA:87,6,0,55
BRDA:87,6,1,1
BRDA:88,7,0,53
BRDA:88,7,1,2
BRDA:89,8,0,52
BRDA:89,8,1,1
BRDA:100,9,0,13
BRDA:100,9,1,1
BRDA:106,10,0,29
BRDA:106,10,1,1
BRDA:107,11,0,28
BRDA:107,11,1,1
BRDA:108,12,0,19
BRDA:108,12,1,9
BRDA:110,13,0,9
BRDA:110,13,1,0
BRDA:114,14,0,13
BRDA:114,14,1,15
BRDA:119,15,0,3
BRDA:119,15,1,12
BRDA:128,16,0,3
BRDA:128,16,1,10
BRDA:130,17,0,2
BRDA:130,17,1,8
BRDA:132,18,0,2
BRDA:132,18,1,6
BRDA:134,19,0,2
BRDA:134,19,1,4
BRDA:136,20,0,2
BRDA:136,20,1,2
BRDA:138,21,0,2
BRDA:138,21,1,0
BRDA:143,22,0,4
BRDA:143,22,1,1
BRDA:144,23,0,3
BRDA:144,23,1,1
BRDA:158,24,0,55
BRDA:158,24,1,0
BRDA:162,25,0,61
BRDA:162,25,1,0
BRF:50
BRH:46
end_of_record
TN:
SF:/home/justmee/dev/cour_alyra/alyra_final_project/backEnd/contracts/BetWaveOrganizer.sol
FN:53,doesUserExist
FN:59,onlyOwner
FN:64,onlyValidator
FN:71,isCorrectStep
FN:77,constructor
FN:82,getBetValidatorsResult
FN:86,getvalidatorAddress
FN:94,deployNewBet
FN:117,startBetValidation
FN:124,setBetVote
FN:147,tallyVote
FN:179,feesOrchestrator
FN:212,sendEther
FN:223,
FNF:14
FNH:11
FNDA:29,doesUserExist
FNDA:23,onlyOwner
FNDA:0,onlyValidator
FNDA:65,isCorrectStep
FNDA:4,constructor
FNDA:2,getBetValidatorsResult
FNDA:2,getvalidatorAddress
FNDA:28,deployNewBet
FNDA:21,startBetValidation
FNDA:42,setBetVote
FNDA:8,tallyVote
FNDA:7,feesOrchestrator
FNDA:0,sendEther
FNDA:0,
DA:54,29
DA:55,1
DA:56,28
DA:60,23
DA:61,22
DA:65,0
DA:66,0
DA:67,0
DA:68,0
DA:72,65
DA:73,2
DA:74,63
DA:78,4
DA:83,2
DA:87,2
DA:96,28
DA:100,27
DA:106,27
DA:107,27
DA:108,27
DA:109,27
DA:110,27
DA:111,27
DA:119,21
DA:120,21
DA:125,42
DA:126,41
DA:127,41
DA:129,40
DA:130,17
DA:131,17
DA:132,17
DA:133,17
DA:135,23
DA:136,23
DA:137,23
DA:138,23
DA:140,40
DA:141,8
DA:142,8
DA:143,8
DA:151,8
DA:156,3
DA:161,3
DA:162,3
DA:169,4
DA:174,4
DA:183,7
DA:187,7
DA:188,7
DA:189,7
DA:190,7
DA:195,28
DA:200,27
DA:209,7
DA:213,0
DA:216,0
DA:220,0
DA:224,0
LF:59
LH:51
BRDA:54,1,0,1
BRDA:54,1,1,28
BRDA:60,2,0,1
BRDA:60,2,1,22
BRDA:66,3,0,0
BRDA:66,3,1,0
BRDA:72,4,0,2
BRDA:72,4,1,63
BRDA:94,5,0,28
BRDA:94,5,1,1
BRDA:96,6,0,27
BRDA:96,6,1,1
BRDA:116,7,0,22
BRDA:116,7,1,1
BRDA:117,8,0,21
BRDA:117,8,1,1
BRDA:124,9,0,42
BRDA:124,9,1,1
BRDA:125,10,0,41
BRDA:125,10,1,1
BRDA:127,11,0,1
BRDA:127,11,1,40
BRDA:129,12,0,17
BRDA:129,12,1,23
BRDA:134,13,0,23
BRDA:134,13,1,0
BRDA:140,14,0,8
BRDA:140,14,1,32
BRDA:151,15,0,3
BRDA:151,15,1,5
BRDA:156,16,0,3
BRDA:156,16,1,0
BRDA:164,17,0,4
BRDA:164,17,1,1
BRDA:169,18,0,4
BRDA:169,18,1,0
BRDA:195,19,0,27
BRDA:195,19,1,1
BRDA:216,20,0,0
BRDA:216,20,1,0
BRDA:220,21,0,0
BRDA:220,21,1,0
BRF:42
BRH:33
end_of_record
TN:
SF:/home/justmee/dev/cour_alyra/alyra_final_project/backEnd/contracts/SimpleBet.sol
FN:63,constructor
FN:81,hasAmountBettor
FN:86,hasAmountContract
FN:91,hasMinimumAmount
FN:96,hasAlreadyBet
FN:102,hasAllFeesBeenPaid
FN:107,isAuthorized
FN:112,isRegistered
FN:118,hasEventStarted
FN:124,hasEventEnded
FN:136,setBet
FN:160,sendPlatfromAndCreatorFees
FN:174,calculateValidatorReward
FN:182,sendValidatorFees
FN:188,setFeesBooleanToTrue
FN:194,redeemToBettor
FN:203,winningCoefficientCalculator
FN:209,oddCalculator
FN:214,updateBettor
FN:220,sendEther
FN:228,getContractBalance
FN:238,
FNF:22
FNH:18
FNDA:28,constructor
FNDA:22,hasAmountBettor
FNDA:41,hasAmountContract
FNDA:42,hasMinimumAmount
FNDA:21,hasAlreadyBet
FNDA:7,hasAllFeesBeenPaid
FNDA:48,isAuthorized
FNDA:20,isRegistered
FNDA:0,hasEventStarted
FNDA:0,hasEventEnded
FNDA:19,setBet
FNDA:7,sendPlatfromAndCreatorFees
FNDA:7,calculateValidatorReward
FNDA:27,sendValidatorFees
FNDA:7,setFeesBooleanToTrue
FNDA:0,redeemToBettor
FNDA:7,winningCoefficientCalculator
FNDA:18,oddCalculator
FNDA:18,updateBettor
FNDA:59,sendEther
FNDA:7,getContractBalance
FNDA:0,
DA:71,28
DA:72,28
DA:75,28
DA:76,28
DA:77,28
DA:78,28
DA:82,22
DA:83,22
DA:87,41
DA:88,41
DA:92,42
DA:93,41
DA:97,21
DA:98,1
DA:99,20
DA:103,7
DA:104,7
DA:108,48
DA:109,48
DA:113,20
DA:114,1
DA:115,19
DA:119,0
DA:120,0
DA:121,0
DA:125,0
DA:126,0
DA:140,19
DA:141,18
DA:142,18
DA:143,18
DA:144,18
DA:145,18
DA:146,18
DA:147,18
DA:161,7
DA:162,7
DA:163,7
DA:165,7
DA:166,7
DA:167,7
DA:176,7
DA:184,27
DA:185,27
DA:189,7
DA:190,7
DA:195,0
DA:196,0
DA:197,0
DA:200,0
DA:204,7
DA:210,18
DA:211,18
DA:215,18
DA:216,18
DA:217,18
DA:221,59
DA:224,59
DA:229,7
DA:235,20
DA:239,0
LF:61
LH:51
BRDA:82,1,0,0
BRDA:82,1,1,22
BRDA:87,2,0,0
BRDA:87,2,1,41
BRDA:92,3,0,1
BRDA:92,3,1,41
BRDA:97,4,0,1
BRDA:97,4,1,20
BRDA:103,5,0,0
BRDA:103,5,1,7
BRDA:108,6,0,0
BRDA:108,6,1,48
BRDA:113,7,0,1
BRDA:113,7,1,19
BRDA:119,8,0,0
BRDA:119,8,1,0
BRDA:125,9,0,0
BRDA:125,9,1,0
BRDA:133,10,0,22
BRDA:133,10,1,0
BRDA:134,11,0,21
BRDA:134,11,1,1
BRDA:135,12,0,20
BRDA:135,12,1,1
BRDA:136,13,0,19
BRDA:136,13,1,1
BRDA:140,14,0,18
BRDA:140,14,1,1
BRDA:160,15,0,7
BRDA:160,15,1,0
BRDA:160,16,0,7
BRDA:160,16,1,0
BRDA:161,17,0,7
BRDA:161,17,1,0
BRDA:173,18,0,7
BRDA:173,18,1,0
BRDA:174,19,0,7
BRDA:174,19,1,0
BRDA:181,20,0,27
BRDA:181,20,1,0
BRDA:182,21,0,27
BRDA:182,21,1,0
BRDA:188,22,0,7
BRDA:188,22,1,0
BRDA:194,23,0,0
BRDA:194,23,1,0
BRDA:195,24,0,0
BRDA:195,24,1,0
BRDA:196,25,0,0
BRDA:196,25,1,0
BRDA:203,26,0,7
BRDA:203,26,1,0
BRDA:224,27,0,59
BRDA:224,27,1,0
BRDA:235,28,0,20
BRDA:235,28,1,0
BRF:56
BRH:30
end_of_record
