TN:
SF:/home/justmee/dev/cour_alyra/alyra_final_project/backEnd/contracts/BetWaveDAO.sol
FN:55,onlyValidator
FN:61,doesUserExist
FN:67,hasBalance
FN:74,getDaoVoteHasVoted
FN:80,addUser
FN:87,addValidators
FN:100,askDAOVote
FN:106,setDaoVote
FN:127,switchVoteType
FN:143,withdrawFromValidators
FN:154,sendEther
FN:165,
FNF:12
FNH:11
FNDA:44,onlyValidator
FNDA:57,doesUserExist
FNDA:61,hasBalance
FNDA:1,getDaoVoteHasVoted
FNDA:64,addUser
FNDA:55,addValidators
FNDA:13,askDAOVote
FNDA:29,setDaoVote
FNDA:13,switchVoteType
FNDA:4,withdrawFromValidators
FNDA:55,sendEther
FNDA:0,
DA:56,44
DA:57,2
DA:58,42
DA:62,57
DA:63,1
DA:64,56
DA:68,61
DA:69,2
DA:70,59
DA:75,1
DA:81,64
DA:82,63
DA:83,63
DA:84,63
DA:88,55
DA:89,53
DA:93,52
DA:94,52
DA:95,52
DA:102,13
DA:103,13
DA:107,29
DA:108,28
DA:109,19
DA:111,9
DA:113,28
DA:114,28
DA:115,13
DA:123,3
DA:128,13
DA:129,3
DA:131,2
DA:133,2
DA:135,2
DA:137,2
DA:139,2
DA:144,4
DA:148,3
DA:149,3
DA:150,3
DA:151,3
DA:155,55
DA:158,55
DA:162,57
DA:166,0
LF:45
LH:44
BRDA:56,1,0,2
BRDA:56,1,1,42
BRDA:62,2,0,1
BRDA:62,2,1,56
BRDA:68,3,0,2
BRDA:68,3,1,59
BRDA:81,4,0,63
BRDA:81,4,1,1
BRDA:87,5,0,56
BRDA:87,5,1,1
BRDA:87,6,0,55
BRDA:87,6,1,1
BRDA:88,7,0,53
BRDA:88,7,1,2
BRDA:89,8,0,52
BRDA:89,8,1,1
BRDA:100,9,0,13
BRDA:100,9,1,1
BRDA:106,10,0,29
BRDA:106,10,1,1
BRDA:107,11,0,28
BRDA:107,11,1,1
BRDA:108,12,0,19
BRDA:108,12,1,9
BRDA:110,13,0,9
BRDA:110,13,1,0
BRDA:114,14,0,13
BRDA:114,14,1,15
BRDA:119,15,0,3
BRDA:119,15,1,12
BRDA:128,16,0,3
BRDA:128,16,1,10
BRDA:130,17,0,2
BRDA:130,17,1,8
BRDA:132,18,0,2
BRDA:132,18,1,6
BRDA:134,19,0,2
BRDA:134,19,1,4
BRDA:136,20,0,2
BRDA:136,20,1,2
BRDA:138,21,0,2
BRDA:138,21,1,0
BRDA:143,22,0,4
BRDA:143,22,1,1
BRDA:144,23,0,3
BRDA:144,23,1,1
BRDA:158,24,0,55
BRDA:158,24,1,0
BRDA:162,25,0,57
BRDA:162,25,1,0
BRF:50
BRH:46
end_of_record
TN:
SF:/home/justmee/dev/cour_alyra/alyra_final_project/backEnd/contracts/BetWaveOrganizer.sol
FN:54,doesUserExist
FN:60,onlyOwner
FN:65,onlyValidator
FN:72,isCorrectStep
FN:78,constructor
FN:83,getBetValidatorsResult
FN:87,getvalidatorAddress
FN:95,deployNewBet
FN:118,startBetValidation
FN:125,setBetVote
FN:148,tallyVote
FN:177,feesOrchestrator
FN:210,sendEther
FN:221,
FNF:14
FNH:11
FNDA:31,doesUserExist
FNDA:31,onlyOwner
FNDA:0,onlyValidator
FNDA:72,isCorrectStep
FNDA:4,constructor
FNDA:2,getBetValidatorsResult
FNDA:2,getvalidatorAddress
FNDA:30,deployNewBet
FNDA:21,startBetValidation
FNDA:42,setBetVote
FNDA:6,tallyVote
FNDA:5,feesOrchestrator
FNDA:0,sendEther
FNDA:0,
DA:55,31
DA:56,1
DA:57,30
DA:61,31
DA:62,29
DA:66,0
DA:67,0
DA:68,0
DA:69,0
DA:73,72
DA:74,3
DA:75,69
DA:79,4
DA:84,2
DA:88,2
DA:97,30
DA:101,29
DA:107,29
DA:108,29
DA:109,29
DA:110,29
DA:111,29
DA:112,29
DA:120,21
DA:121,21
DA:126,42
DA:127,41
DA:128,41
DA:130,40
DA:131,17
DA:132,17
DA:133,17
DA:134,17
DA:136,23
DA:137,23
DA:138,23
DA:139,23
DA:141,40
DA:142,8
DA:143,8
DA:149,6
DA:154,3
DA:159,3
DA:160,3
DA:167,2
DA:172,2
DA:181,5
DA:185,5
DA:186,5
DA:187,5
DA:188,5
DA:193,20
DA:198,19
DA:207,5
DA:211,0
DA:214,0
DA:218,0
DA:222,0
LF:58
LH:50
BRDA:55,1,0,1
BRDA:55,1,1,30
BRDA:61,2,0,2
BRDA:61,2,1,29
BRDA:67,3,0,0
BRDA:67,3,1,0
BRDA:73,4,0,3
BRDA:73,4,1,69
BRDA:95,5,0,30
BRDA:95,5,1,1
BRDA:97,6,0,29
BRDA:97,6,1,1
BRDA:117,7,0,22
BRDA:117,7,1,1
BRDA:118,8,0,21
BRDA:118,8,1,1
BRDA:125,9,0,42
BRDA:125,9,1,1
BRDA:126,10,0,41
BRDA:126,10,1,1
BRDA:128,11,0,1
BRDA:128,11,1,40
BRDA:130,12,0,17
BRDA:130,12,1,23
BRDA:135,13,0,23
BRDA:135,13,1,0
BRDA:141,14,0,8
BRDA:141,14,1,32
BRDA:147,15,0,7
BRDA:147,15,1,1
BRDA:148,16,0,6
BRDA:148,16,1,1
BRDA:149,17,0,3
BRDA:149,17,1,3
BRDA:154,18,0,3
BRDA:154,18,1,0
BRDA:162,19,0,2
BRDA:162,19,1,1
BRDA:167,20,0,2
BRDA:167,20,1,0
BRDA:193,21,0,19
BRDA:193,21,1,1
BRDA:214,22,0,0
BRDA:214,22,1,0
BRDA:218,23,0,0
BRDA:218,23,1,0
BRF:46
BRH:37
end_of_record
TN:
SF:/home/justmee/dev/cour_alyra/alyra_final_project/backEnd/contracts/SimpleBet.sol
FN:61,constructor
FN:79,hasAmountBettor
FN:84,hasAmountContract
FN:89,hasMinimumAmount
FN:94,hasAlreadyBet
FN:100,hasAllFeesBeenPaid
FN:105,isAuthorized
FN:110,isRegistered
FN:116,hasEventStarted
FN:122,hasEventEnded
FN:134,setBet
FN:157,sendPlatfromAndCreatorFees
FN:171,calculateValidatorReward
FN:179,sendValidatorFees
FN:185,setFeesBooleanToTrue
FN:191,redeemToBettor
FN:200,winningCoefficientCalculator
FN:206,oddCalculator
FN:211,updateBettor
FN:217,sendEther
FN:225,getContractBalance
FN:235,
FNF:22
FNH:18
FNDA:30,constructor
FNDA:21,hasAmountBettor
FNDA:29,hasAmountContract
FNDA:38,hasMinimumAmount
FNDA:20,hasAlreadyBet
FNDA:5,hasAllFeesBeenPaid
FNDA:34,isAuthorized
FNDA:19,isRegistered
FNDA:0,hasEventStarted
FNDA:0,hasEventEnded
FNDA:18,setBet
FNDA:5,sendPlatfromAndCreatorFees
FNDA:5,calculateValidatorReward
FNDA:19,sendValidatorFees
FNDA:5,setFeesBooleanToTrue
FNDA:0,redeemToBettor
FNDA:5,winningCoefficientCalculator
FNDA:17,oddCalculator
FNDA:17,updateBettor
FNDA:46,sendEther
FNDA:5,getContractBalance
FNDA:0,
DA:69,30
DA:70,30
DA:73,30
DA:74,30
DA:75,30
DA:76,30
DA:80,21
DA:81,21
DA:85,29
DA:86,29
DA:90,38
DA:91,37
DA:95,20
DA:96,1
DA:97,19
DA:101,5
DA:102,5
DA:106,34
DA:107,34
DA:111,19
DA:112,1
DA:113,18
DA:117,0
DA:118,0
DA:119,0
DA:123,0
DA:124,0
DA:138,18
DA:139,17
DA:140,17
DA:141,17
DA:142,17
DA:143,17
DA:144,17
DA:158,5
DA:159,5
DA:160,5
DA:162,5
DA:163,5
DA:164,5
DA:173,5
DA:181,19
DA:182,19
DA:186,5
DA:187,5
DA:192,0
DA:193,0
DA:194,0
DA:197,0
DA:201,5
DA:207,17
DA:208,17
DA:212,17
DA:213,17
DA:214,17
DA:218,46
DA:221,46
DA:226,5
DA:232,17
DA:236,0
LF:60
LH:50
BRDA:80,1,0,0
BRDA:80,1,1,21
BRDA:85,2,0,0
BRDA:85,2,1,29
BRDA:90,3,0,1
BRDA:90,3,1,37
BRDA:95,4,0,1
BRDA:95,4,1,19
BRDA:101,5,0,0
BRDA:101,5,1,5
BRDA:106,6,0,0
BRDA:106,6,1,34
BRDA:111,7,0,1
BRDA:111,7,1,18
BRDA:117,8,0,0
BRDA:117,8,1,0
BRDA:123,9,0,0
BRDA:123,9,1,0
BRDA:131,10,0,21
BRDA:131,10,1,0
BRDA:132,11,0,20
BRDA:132,11,1,1
BRDA:133,12,0,19
BRDA:133,12,1,1
BRDA:134,13,0,18
BRDA:134,13,1,1
BRDA:138,14,0,17
BRDA:138,14,1,1
BRDA:157,15,0,5
BRDA:157,15,1,0
BRDA:157,16,0,5
BRDA:157,16,1,0
BRDA:158,17,0,5
BRDA:158,17,1,0
BRDA:170,18,0,5
BRDA:170,18,1,0
BRDA:171,19,0,5
BRDA:171,19,1,0
BRDA:178,20,0,19
BRDA:178,20,1,0
BRDA:179,21,0,19
BRDA:179,21,1,0
BRDA:185,22,0,5
BRDA:185,22,1,0
BRDA:191,23,0,0
BRDA:191,23,1,0
BRDA:192,24,0,0
BRDA:192,24,1,0
BRDA:193,25,0,0
BRDA:193,25,1,0
BRDA:200,26,0,5
BRDA:200,26,1,0
BRDA:221,27,0,46
BRDA:221,27,1,0
BRDA:232,28,0,17
BRDA:232,28,1,0
BRF:56
BRH:30
end_of_record
