TN:
SF:/home/justmee/dev/cour_alyra/alyra_final_project/backend/contracts/BetWaveDAO.sol
FN:58,onlyValidator
FN:64,doesUserExist
FN:70,hasBalance
FN:77,getDaoVoteHasVoted
FN:81,getDaoControlValue
FN:87,addUser
FN:94,addValidators
FN:108,askDAOVote
FN:115,setDaoVote
FN:139,withdrawFromValidators
FN:151,switchVoteType
FN:167,sendEther
FN:178,
FNF:13
FNH:11
FNDA:52,onlyValidator
FNDA:68,doesUserExist
FNDA:73,hasBalance
FNDA:1,getDaoVoteHasVoted
FNDA:0,getDaoControlValue
FNDA:75,addUser
FNDA:66,addValidators
FNDA:16,askDAOVote
FNDA:34,setDaoVote
FNDA:5,withdrawFromValidators
FNDA:14,switchVoteType
FNDA:67,sendEther
FNDA:0,
DA:59,52
DA:60,2
DA:61,50
DA:65,68
DA:66,1
DA:67,67
DA:71,73
DA:72,2
DA:73,71
DA:78,1
DA:82,0
DA:88,75
DA:89,74
DA:90,74
DA:91,74
DA:95,66
DA:96,64
DA:100,63
DA:101,63
DA:102,63
DA:103,63
DA:110,16
DA:111,16
DA:112,16
DA:116,34
DA:117,33
DA:118,20
DA:120,13
DA:122,33
DA:123,33
DA:124,33
DA:125,14
DA:133,5
DA:140,5
DA:144,4
DA:145,4
DA:146,4
DA:147,4
DA:148,4
DA:152,14
DA:153,4
DA:155,2
DA:157,2
DA:159,2
DA:161,2
DA:163,2
DA:168,67
DA:171,67
DA:175,72
DA:179,0
LF:50
LH:48
BRDA:59,1,0,2
BRDA:59,1,1,50
BRDA:65,2,0,1
BRDA:65,2,1,67
BRDA:71,3,0,2
BRDA:71,3,1,71
BRDA:88,4,0,74
BRDA:88,4,1,1
BRDA:94,5,0,67
BRDA:94,5,1,1
BRDA:94,6,0,66
BRDA:94,6,1,1
BRDA:95,7,0,64
BRDA:95,7,1,2
BRDA:96,8,0,63
BRDA:96,8,1,1
BRDA:108,9,0,16
BRDA:108,9,1,1
BRDA:115,10,0,34
BRDA:115,10,1,1
BRDA:116,11,0,33
BRDA:116,11,1,1
BRDA:117,12,0,20
BRDA:117,12,1,13
BRDA:119,13,0,13
BRDA:119,13,1,0
BRDA:124,14,0,14
BRDA:124,14,1,19
BRDA:129,15,0,5
BRDA:129,15,1,14
BRDA:138,16,0,6
BRDA:138,16,1,0
BRDA:139,17,0,5
BRDA:139,17,1,1
BRDA:140,18,0,4
BRDA:140,18,1,1
BRDA:152,19,0,4
BRDA:152,19,1,10
BRDA:154,20,0,2
BRDA:154,20,1,8
BRDA:156,21,0,2
BRDA:156,21,1,6
BRDA:158,22,0,2
BRDA:158,22,1,4
BRDA:160,23,0,2
BRDA:160,23,1,2
BRDA:162,24,0,2
BRDA:162,24,1,0
BRDA:171,25,0,67
BRDA:171,25,1,0
BRDA:175,26,0,72
BRDA:175,26,1,0
BRDA:179,27,0,0
BRDA:179,27,1,0
BRF:54
BRH:47
end_of_record
TN:
SF:/home/justmee/dev/cour_alyra/alyra_final_project/backend/contracts/BetWaveOrganizer.sol
FN:42,doesUserExist
FN:48,onlyOwner
FN:53,onlyValidator
FN:60,isCorrectStep
FN:66,constructor
FN:71,getBetValidatorsResult
FN:75,getvalidatorAddress
FN:83,deployNewBet
FN:107,startBetValidation
FN:114,setBetVote
FN:136,tallyVote
FN:173,feesOrchestrator
FNF:12
FNH:11
FNDA:30,doesUserExist
FNDA:24,onlyOwner
FNDA:0,onlyValidator
FNDA:70,isCorrectStep
FNDA:4,constructor
FNDA:2,getBetValidatorsResult
FNDA:2,getvalidatorAddress
FNDA:29,deployNewBet
FNDA:22,startBetValidation
FNDA:46,setBetVote
FNDA:9,tallyVote
FNDA:8,feesOrchestrator
DA:43,30
DA:44,1
DA:45,29
DA:49,24
DA:50,23
DA:54,0
DA:55,0
DA:56,0
DA:57,0
DA:61,70
DA:62,2
DA:63,68
DA:67,4
DA:72,2
DA:76,2
DA:85,29
DA:89,28
DA:96,28
DA:97,28
DA:98,28
DA:99,28
DA:100,28
DA:101,28
DA:109,22
DA:110,22
DA:115,46
DA:116,45
DA:117,45
DA:119,44
DA:120,21
DA:121,21
DA:122,21
DA:123,21
DA:125,23
DA:126,23
DA:127,23
DA:128,23
DA:130,44
DA:131,9
DA:132,9
DA:138,9
DA:143,4
DA:148,4
DA:149,4
DA:150,4
DA:157,4
DA:162,4
DA:163,4
DA:164,4
DA:168,1
DA:169,1
DA:177,8
DA:181,8
DA:182,8
DA:187,32
DA:192,31
DA:200,8
LF:57
LH:53
BRDA:43,1,0,1
BRDA:43,1,1,29
BRDA:49,2,0,1
BRDA:49,2,1,23
BRDA:55,3,0,0
BRDA:55,3,1,0
BRDA:61,4,0,2
BRDA:61,4,1,68
BRDA:83,5,0,29
BRDA:83,5,1,1
BRDA:85,6,0,28
BRDA:85,6,1,1
BRDA:106,7,0,23
BRDA:106,7,1,1
BRDA:107,8,0,22
BRDA:107,8,1,1
BRDA:114,9,0,46
BRDA:114,9,1,1
BRDA:115,10,0,45
BRDA:115,10,1,1
BRDA:117,11,0,1
BRDA:117,11,1,44
BRDA:119,12,0,21
BRDA:119,12,1,23
BRDA:124,13,0,23
BRDA:124,13,1,0
BRDA:130,14,0,9
BRDA:130,14,1,35
BRDA:138,15,0,4
BRDA:138,15,1,5
BRDA:143,16,0,4
BRDA:143,16,1,0
BRDA:152,17,0,4
BRDA:152,17,1,1
BRDA:157,18,0,4
BRDA:157,18,1,0
BRDA:187,19,0,31
BRDA:187,19,1,1
BRF:38
BRH:33
end_of_record
TN:
SF:/home/justmee/dev/cour_alyra/alyra_final_project/backend/contracts/SimpleBet.sol
FN:57,constructor
FN:73,hasAmountBettor
FN:78,hasAmountContract
FN:83,hasMinimumAmount
FN:88,hasAlreadyBet
FN:94,hasAllFeesBeenPaid
FN:99,isAuthorized
FN:104,isRegistered
FN:110,hasEventStarted
FN:116,hasEventEnded
FN:129,setBet
FN:145,setWinnerId
FN:156,sendPlatfromAndCreatorFees
FN:170,calculateValidatorReward
FN:179,sendValidatorFees
FN:184,setFeesBooleanToTrue
FN:192,redeemToBettor
FN:201,winningCoefficientCalculator
FN:207,oddCalculator
FN:212,updateBettor
FN:218,sendEther
FN:229,
FNF:22
FNH:18
FNDA:29,constructor
FNDA:25,hasAmountBettor
FNDA:48,hasAmountContract
FNDA:46,hasMinimumAmount
FNDA:24,hasAlreadyBet
FNDA:8,hasAllFeesBeenPaid
FNDA:64,isAuthorized
FNDA:23,isRegistered
FNDA:0,hasEventStarted
FNDA:0,hasEventEnded
FNDA:22,setBet
FNDA:8,setWinnerId
FNDA:8,sendPlatfromAndCreatorFees
FNDA:8,calculateValidatorReward
FNDA:31,sendValidatorFees
FNDA:8,setFeesBooleanToTrue
FNDA:0,redeemToBettor
FNDA:8,winningCoefficientCalculator
FNDA:21,oddCalculator
FNDA:21,updateBettor
FNDA:68,sendEther
FNDA:0,
DA:64,29
DA:65,29
DA:66,29
DA:67,29
DA:68,29
DA:69,29
DA:70,29
DA:74,25
DA:75,25
DA:79,48
DA:80,48
DA:84,46
DA:85,45
DA:89,24
DA:90,1
DA:91,23
DA:95,8
DA:96,8
DA:100,64
DA:101,63
DA:105,23
DA:106,1
DA:107,22
DA:111,0
DA:112,0
DA:113,0
DA:117,0
DA:118,0
DA:133,22
DA:134,21
DA:135,21
DA:136,21
DA:137,21
DA:138,21
DA:139,21
DA:140,21
DA:146,8
DA:157,8
DA:158,8
DA:159,8
DA:161,8
DA:162,8
DA:163,8
DA:172,8
DA:181,31
DA:185,8
DA:186,8
DA:193,0
DA:194,0
DA:195,0
DA:198,0
DA:202,8
DA:208,21
DA:209,21
DA:213,21
DA:214,21
DA:215,21
DA:219,68
DA:222,68
DA:226,21
DA:230,0
LF:61
LH:51
BRDA:74,1,0,0
BRDA:74,1,1,25
BRDA:79,2,0,0
BRDA:79,2,1,48
BRDA:84,3,0,1
BRDA:84,3,1,45
BRDA:89,4,0,1
BRDA:89,4,1,23
BRDA:95,5,0,0
BRDA:95,5,1,8
BRDA:100,6,0,1
BRDA:100,6,1,63
BRDA:105,7,0,1
BRDA:105,7,1,22
BRDA:111,8,0,0
BRDA:111,8,1,0
BRDA:117,9,0,0
BRDA:117,9,1,0
BRDA:125,10,0,25
BRDA:125,10,1,0
BRDA:126,11,0,25
BRDA:126,11,1,0
BRDA:127,12,0,24
BRDA:127,12,1,1
BRDA:128,13,0,23
BRDA:128,13,1,1
BRDA:129,14,0,22
BRDA:129,14,1,1
BRDA:133,15,0,21
BRDA:133,15,1,1
BRDA:145,16,0,8
BRDA:145,16,1,0
BRDA:154,17,0,9
BRDA:154,17,1,0
BRDA:155,18,0,9
BRDA:155,18,1,0
BRDA:156,19,0,8
BRDA:156,19,1,1
BRDA:157,20,0,8
BRDA:157,20,1,0
BRDA:169,21,0,8
BRDA:169,21,1,0
BRDA:170,22,0,8
BRDA:170,22,1,0
BRDA:177,23,0,31
BRDA:177,23,1,0
BRDA:178,24,0,31
BRDA:178,24,1,0
BRDA:179,25,0,31
BRDA:179,25,1,0
BRDA:184,26,0,8
BRDA:184,26,1,0
BRDA:191,27,0,0
BRDA:191,27,1,0
BRDA:192,28,0,0
BRDA:192,28,1,0
BRDA:193,29,0,0
BRDA:193,29,1,0
BRDA:194,30,0,0
BRDA:194,30,1,0
BRDA:201,31,0,8
BRDA:201,31,1,0
BRDA:222,32,0,68
BRDA:222,32,1,0
BRDA:226,33,0,21
BRDA:226,33,1,0
BRDA:230,34,0,0
BRDA:230,34,1,0
BRF:68
BRH:36
end_of_record
